1000 51.170000  51.170000  51.170000 
17.099001 -25.681060 1.678048 0.698201 -0.017524 -0.015780 -0.715514
2.015579 18.870163 1.735857 0.683384 -0.277213 0.469466 0.485531
3.736006 -13.299350 1.694145 -0.892814 0.267962 -0.102137 0.347345
17.138046 0.154050 1.662461 0.143609 -0.028771 -0.984984 -0.091403
-24.966329 -17.954033 1.741785 0.084148 0.684734 -0.717491 0.096251
-12.226888 -1.059806 1.677364 0.433490 -0.436851 -0.444267 0.651056
19.965590 11.535971 1.800237 0.111928 0.572985 -0.403605 0.704459
17.053600 12.921412 1.626025 0.460863 0.000599 0.012789 -0.887379
16.394336 0.962195 1.678649 -0.707695 0.175057 0.203856 -0.653427
16.663256 -23.826151 1.662697 -0.088750 -0.853792 0.511081 -0.044267
-6.996586 -13.627466 1.653038 0.044493 0.970560 -0.233177 0.040776
15.557614 -15.279397 1.688759 -0.752322 -0.240428 -0.536489 0.297297
-7.531865 -9.217366 1.781121 -0.580272 0.127831 -0.214397 -0.775227
26.982552 -16.995022 1.991383 0.169006 0.923029 -0.337369 -0.075081
-9.337989 12.488939 1.630885 -0.443841 0.045953 -0.052989 0.893356
12.164792 -17.704875 1.700763 0.734816 0.025038 -0.023436 0.677399
-7.195017 -16.664060 1.711920 -0.020587 0.813780 -0.580685 -0.011936
21.055140 12.544138 1.779932 -0.842150 -0.012386 0.032083 0.538146
-9.788979 -13.320584 1.838737 -0.055004 -0.269861 -0.174900 -0.945283
18.270944 -0.454683 1.738325 0.816419 -0.426938 0.034686 0.387273
-4.887904 19.821286 1.660655 0.034017 -0.682253 -0.730317 0.003331
-3.453840 -13.540174 1.708266 0.281332 0.335626 -0.033564 -0.898377
17.563251 -6.116123 1.615421 -0.724668 0.203729 0.499421 0.428870
-13.148258 -17.694718 1.888957 -0.168311 0.412534 -0.722729 -0.528347
-12.344043 -18.934242 1.705115 0.109655 -0.058515 0.077038 0.989251
17.667562 -11.807280 1.619477 -0.778817 -0.020359 0.026340 -0.626368
16.844623 20.849521 1.678996 -0.162908 -0.162551 -0.965085 0.125095
-0.339581 -17.898714 1.651285 -0.441418 0.362281 0.619339 0.538815
8.652604 15.373223 1.668706 -0.986198 0.026524 0.007213 0.163274
-0.694773 -4.161630 2.194809 -0.613236 -0.405970 0.655219 -0.172675
-20.562467 8.129080 1.665505 0.199485 -0.670833 -0.713749 -0.027407
-12.238464 0.937007 1.822890 -0.043393 -0.869465 0.432212 0.235247
17.979792 16.708474 1.633506 -0.756787 -0.134346 0.153894 0.620920
-5.336858 14.633019 1.690668 -0.788846 0.176559 0.542775 -0.227912
15.425781 23.702743 1.614100 -0.908010 0.257038 0.240973 0.226675
-11.467246 -21.387442 1.623060 -0.919317 -0.284106 -0.034347 -0.270112
11.209999 25.081293 1.698385 -0.410277 0.677383 0.103843 0.601699
-26.002423 3.733131 1.714485 -0.256397 0.706999 0.450926 0.480706
3.802561 -25.644748 2.406794 -0.164302 -0.470340 -0.573797 0.650032
18.760383 13.795806 1.657689 -0.377170 0.128360 -0.036697 0.916472
6.908471 17.118652 1.668495 -0.568611 0.500307 -0.048989 -0.651133
12.080398 -6.545556 1.649307 0.162864 -0.932238 0.261623 0.189631
7.575154 -8.751653 1.696117 -0.965428 -0.114864 -0.058889 -0.226469
21.725491 4.067704 1.717880 -0.142855 0.190377 0.604849 -0.759939
-23.245688 -8.083775 1.705625 -0.010910 0.304245 -0.952390 -0.016425
5.685839 -8.842193 1.736064 -0.526493 0.083159 0.152044 -0.832329
-30.723095 -4.314181 1.625563 0.532519 0.447934 -0.481978 -0.532424
15.964381 11.228167 1.638877 0.007546 0.873604 -0.486434 0.011868
8.639658 -16.210924 1.634677 0.573612 0.011009 -0.042391 -0.817955
-9.405321 -20.706437 1.770926 0.987547 0.127547 0.013973 -0.091038
14.552572 -15.030386 1.616092 0.044863 -0.898576 0.352213 -0.257867
-19.491349 -9.535449 1.662931 -0.006518 -0.758616 0.651446 0.008794
-28.404778 -10.714690 1.732918 0.019801 -0.726672 0.686646 0.008537
17.796789 7.267444 1.700912 0.865652 0.446218 -0.094578 -0.206376
-16.015510 -22.297312 1.623027 0.441369 -0.064885 0.011585 0.894902
6.282571 -21.466794 1.945758 -0.575845 0.624003 -0.431055 0.305310
7.261888 -7.076817 1.643854 0.342689 -0.652619 -0.674606 0.039498
-15.491918 -11.096191 1.661803 -0.191768 0.006249 0.014540 -0.981313
21.915777 7.339937 1.643432 -0.753676 0.050765 0.492302 -0.432474
5.138540 4.859657 1.890957 0.509446 0.830690 -0.059679 -0.216466
14.933206 18.480024 1.709223 0.952761 0.134534 0.251204 0.105086
13.083266 -10.649536 1.649893 0.382235 0.173815 0.050467 -0.906167
-12.829534 25.413680 1.816062 -0.445613 0.819614 -0.297291 -0.203174
5.778553 -26.604021 1.716181 -0.499600 0.340116 0.020898 -0.796420
-10.989829 -14.530372 1.642865 -0.040596 -0.841772 -0.356339 -0.403478
13.322972 -5.531814 1.981942 0.558454 -0.811230 0.095806 0.144418
14.871304 2.724254 1.950142 0.100120 0.225627 0.234765 -0.940188
23.743251 6.151823 1.954223 -0.323737 -0.846495 -0.420867 0.038872
-26.027606 11.540155 1.884390 0.012202 0.809242 0.579449 0.096006
13.635544 24.626535 1.715918 -0.584833 0.149150 0.198903 -0.772116
-21.638328 -14.218088 1.707909 -0.352195 -0.310047 0.375858 -0.799100
2.436462 0.523554 1.648265 -0.326187 0.393877 -0.619027 -0.596045
12.238030 5.661332 1.653400 0.464911 -0.356449 -0.804243 0.099975
29.892822 5.685403 1.624532 -0.005951 0.962532 -0.266539 -0.049534
20.262439 26.202938 1.612779 0.864402 0.226626 0.195725 -0.403909
-11.246383 6.556362 1.651334 -0.772331 -0.026212 -0.605928 0.188864
-21.068377 12.715051 1.619989 -0.400528 0.788878 -0.440492 -0.152367
27.089815 -26.001702 1.754028 -0.952058 -0.291952 -0.069951 -0.058788
23.858907 -21.592815 1.718821 0.224264 0.015077 -0.113370 -0.967794
-7.110628 20.920202 1.661329 -0.414319 0.458643 -0.050098 0.784523
16.271481 -11.100978 1.719865 0.457446 -0.139376 0.139449 0.867105
7.252179 1.902675 1.693323 -0.480154 0.043567 0.023439 -0.875788
4.838032 -15.710017 1.661583 -0.793081 0.109456 -0.030178 -0.598441
1.268056 24.073864 1.715704 -0.992439 -0.026251 0.103602 0.060343
1.800568 8.056826 1.642519 -0.818802 -0.027324 -0.006269 0.573391
-1.934999 13.962968 1.637629 -0.792231 -0.007974 -0.322092 0.518231
14.913492 -13.051135 1.671200 -0.004000 0.641725 -0.766924 0.000691
16.974800 8.434914 1.860533 -0.189228 -0.776473 0.582177 -0.149506
-25.584576 -19.514639 1.726927 -0.524373 -0.112012 0.252667 -0.805385
23.948261 2.742884 1.666263 -0.997002 -0.007618 -0.056147 0.052700
-25.767718 -9.745685 1.663267 -0.260658 0.017005 -0.001818 -0.965280
-8.030836 12.236763 1.718880 0.226881 0.514920 -0.726638 -0.394182
-17.922233 -16.947351 1.659388 -0.307437 0.891924 0.159418 -0.290755
-30.651807 -15.454149 1.689174 0.977992 -0.125790 0.037380 0.162208
21.351329 -17.843027 1.973266 -0.829279 -0.518620 -0.205396 -0.033804
-26.519949 -15.412219 1.687431 -0.150075 -0.074632 0.829598 -0.532611
-7.755273 14.524193 1.788617 -0.110466 -0.060608 0.986480 -0.104790
12.049077 -32.967882 1.708868 -0.706182 0.575693 -0.032148 -0.410916
-3.870664 0.390026 1.718768 -0.860830 0.182124 0.156896 0.448538
20.837705 8.305651 1.894506 -0.242972 0.858373 -0.451716 0.010678
24.686649 -7.891375 1.777925 -0.045398 0.974415 -0.216667 0.038863
18.374024 -3.934812 1.742247 -0.885216 0.091532 -0.013775 -0.455877
-20.449812 19.172099 1.774548 0.992011 0.036270 0.001400 0.120819
7.140131 -19.943848 1.623601 -0.069163 -0.001528 -0.055303 0.996070
-15.840247 12.244493 1.623580 -0.074967 0.926871 0.121637 -0.347122
-5.123475 -14.359685 1.658399 0.660198 -0.486479 -0.181741 -0.542629
-4.157063 9.889499 1.719532 0.026523 -0.470119 0.280985 -0.836261
2.421154 6.142488 1.631968 0.571942 -0.017859 0.012547 0.820004
18.956525 3.741735 1.658589 0.461696 0.276175 -0.386959 -0.748884
20.350345 -9.772622 1.749503 -0.443182 -0.772368 -0.390873 0.232929
5.624702 14.389500 1.694446 -0.186410 0.271471 -0.838142 0.434825
-5.004082 -12.735066 1.909421 0.318738 -0.088912 -0.220927 -0.917438
-13.692433 10.407740 1.675230 -0.039394 -0.759800 -0.645725 0.064745
-8.738725 3.276218 1.663185 -0.305631 -0.309227 -0.543371 -0.718134
-1.929396 1.885542 1.657772 0.038625 0.000280 0.001654 -0.999252
15.975654 17.166357 1.703837 0.896523 0.028468 -0.274763 -0.346324
-5.953041 5.410418 1.657019 0.027772 -0.953052 -0.301333 0.010865
4.674025 -28.283182 1.633660 0.006131 -0.878900 -0.476622 0.018105
13.954960 11.148136 1.644203 -0.466543 -0.031509 0.111672 -0.876855
-4.274876 -21.501626 1.969188 0.664167 -0.619008 0.206179 0.364966
-23.148517 6.569224 1.731082 0.961880 0.043229 -0.010794 0.269819
20.009896 -1.402989 1.688214 0.999231 0.028884 -0.022019 0.014774
-7.437951 -21.101446 1.645316 -0.016870 0.142040 0.927192 0.346201
-3.642445 13.809581 1.658386 -0.256504 -0.214381 0.901462 -0.274978
12.224121 -26.114268 1.636440 -0.124977 0.525917 0.724699 -0.427321
-4.947555 1.806673 1.698145 -0.467367 0.022881 -0.046968 -0.882518
-23.569416 -3.950311 1.714347 0.088781 0.686035 -0.508764 0.512478
-21.757062 -3.430473 1.648973 0.844427 0.001080 -0.114058 0.523386
20.957977 22.161262 1.651608 0.435459 -0.162933 0.006981 0.885313
-5.113687 -7.889085 1.763944 0.067284 0.509094 -0.555469 0.654026
-4.818035 -24.484600 1.719668 -0.047014 0.354343 -0.933097 0.039515
-5.116864 21.817945 1.624563 0.002297 0.758869 -0.647930 0.065579
3.052943 20.253878 1.641542 0.350922 0.063669 0.070949 -0.931540
1.590991 26.258446 1.631338 -0.227336 0.028098 0.963253 0.140256
3.919248 18.025157 1.701419 0.210377 -0.033646 -0.976843 -0.019679
-14.310922 -17.532246 1.669463 -0.026992 0.687899 -0.725241 -0.009595
-18.705897 -2.372379 1.630916 -0.025388 0.277295 0.763618 0.582538
-12.244085 9.010229 1.655672 0.988946 -0.008312 0.084625 0.121471
17.166617 -21.890143 1.646117 -0.882509 -0.319698 0.321856 -0.124013
-1.351684 21.227123 1.681537 -0.125433 -0.286168 0.915772 0.252461
-15.075578 -3.320848 1.700256 0.575320 -0.092405 -0.783750 0.214951
21.232386 16.978739 1.677014 -0.015787 0.483674 0.875076 0.007230
4.976261 19.658037 1.661770 -0.291217 -0.742608 0.586417 -0.140860
2.305909 -8.550429 1.673402 -0.800119 -0.283237 -0.090139 0.521019
21.902446 -4.996875 1.657854 0.021448 -0.819111 0.297035 -0.490272
-15.467506 24.230050 1.643112 -0.719438 -0.008445 0.113948 -0.685093
-0.253312 -5.414228 1.660066 -0.952053 0.035178 0.015095 -0.303530
-21.363959 15.257007 1.684809 -0.454685 0.641158 0.505683 -0.355617
24.162708 25.260424 1.624683 0.516746 -0.616450 0.561365 -0.194506
-18.274896 -14.431707 1.638024 -0.545097 -0.109796 0.673040 -0.487680
29.247719 -17.697499 1.685992 -0.014922 -0.996521 0.054630 0.061141
-3.105133 18.886323 1.683543 -0.037449 0.743843 -0.665522 0.048737
-23.231017 2.965725 1.725667 0.042478 0.603549 0.208390 0.768439
4.260705 -4.411928 1.740489 0.484193 0.164802 0.807299 -0.294390
-17.228178 19.039656 1.785409 0.110674 0.240734 -0.961713 0.070051
8.043303 7.675186 1.662874 -0.006594 0.732342 -0.680737 -0.015148
-3.112618 -18.301448 1.808070 -0.236529 -0.325435 -0.875285 -0.268369
12.865920 -19.592678 1.620663 0.633470 -0.596353 0.429013 0.242954
7.718693 -10.264384 1.868549 0.484939 0.197869 0.801865 -0.287567
0.368818 -14.102383 1.699650 0.361176 0.256122 -0.255373 0.859498
-27.150790 10.260274 1.748480 -0.177675 0.152423 -0.653579 0.719745
-11.339612 -8.145484 1.640760 -0.124692 0.378930 0.246997 -0.883094
-3.369771 -2.282801 1.660765 -0.761202 0.024276 -0.003189 0.648052
24.702773 18.818573 2.069352 0.191402 0.266913 -0.357317 -0.874327
-10.301373 11.881162 1.673765 0.468804 0.630239 -0.013647 -0.618737
20.138094 -3.357881 1.751373 0.068466 -0.400689 -0.306480 -0.860715
-13.961403 12.222428 1.663069 0.561318 0.002649 0.051968 -0.825963
16.561556 19.092192 1.619569 0.013563 0.994754 0.101297 0.004343
-19.705027 -17.608916 1.701625 -0.852125 0.121417 -0.022441 0.508564
-2.014233 -11.390769 1.967996 0.320474 -0.403077 -0.014009 0.857105
-12.966042 6.080890 1.720798 0.541175 0.099268 -0.808118 -0.210285
-5.054896 11.539607 1.694841 0.020873 -0.441543 -0.896636 -0.025440
-23.708697 -24.532587 1.766822 -0.658586 -0.261219 0.622795 -0.331897
-0.400711 11.445272 1.685364 0.013758 -0.360230 -0.930950 0.058113
2.955355 -22.732843 1.689986 -0.136411 -0.038042 0.020228 -0.989715
-17.213403 -13.778324 1.653776 -0.034593 -0.376440 0.917282 0.125263
-24.267781 11.704416 1.797828 -0.774955 0.297193 -0.196691 0.521953
16.171135 -0.470411 1.670682 -0.319296 0.870505 0.179139 0.328908
-20.880833 14.174949 1.757269 -0.505178 0.378239 -0.051316 -0.774014
-25.230038 -6.143283 1.690704 0.886063 0.247596 -0.379944 0.096076
18.039345 -8.812423 1.631325 0.971838 -0.019556 -0.076321 0.222088
1.966719 -29.074504 1.636438 0.000172 -0.781502 -0.623898 0.002404
23.673755 21.194522 1.684224 -0.481967 -0.789412 -0.344299 -0.161225
-21.368618 -0.800261 1.715842 -0.782114 0.557407 0.135241 -0.243526
-8.198947 -7.232756 1.631965 -0.451023 0.610410 0.601290 -0.249856
10.417560 -12.432773 1.667532 0.981891 0.007994 -0.017868 0.188433
21.690296 24.448098 1.741362 -0.023900 -0.666920 -0.743532 -0.042498
-6.089444 -23.145139 1.672940 0.125545 -0.005429 0.322764 -0.938100
7.874870 24.843504 1.713559 0.004785 0.040856 0.016298 0.999021
-6.515417 8.897893 1.696412 0.001014 -0.863838 -0.503199 0.023954
9.530884 9.991463 1.636497 -0.046117 0.784450 -0.426182 0.448197
-23.590178 -19.767808 1.810116 0.840448 0.109514 0.044772 -0.528818
14.840815 9.732387 1.862621 0.228686 0.813713 -0.411578 0.340849
1.186956 -12.886524 1.628412 0.346477 -0.450613 0.822481 0.020647
-0.170552 18.393537 1.766890 0.639568 -0.431222 0.493767 0.401490
0.561120 -31.921281 1.679113 -0.177525 -0.873914 -0.350773 -0.285864
-8.174699 17.511812 1.666386 0.327584 -0.913814 -0.210503 0.115415
-5.232955 -19.799131 1.711591 0.904968 0.206321 0.364156 -0.076513
-22.779651 -21.608625 1.717813 -0.011219 0.515889 0.855506 -0.042918
10.971136 -3.237777 1.698429 -0.218942 0.115382 -0.961469 0.119701
23.174620 -19.664659 1.627844 0.769156 0.555954 -0.212387 -0.232821
24.793557 -20.861042 1.651497 0.958606 0.135007 -0.153818 0.197960
-28.034265 27.912327 1.677837 -0.792608 0.131048 -0.344813 0.485493
21.064512 -21.690062 1.707776 -0.012781 -0.689897 -0.723716 -0.010636
12.768479 22.288151 1.765592 0.021953 0.679207 -0.733601 0.005054
-9.765195 -10.916162 1.671805 -0.022843 -0.681066 -0.532499 -0.502068
5.705220 9.201840 1.652032 -0.318693 -0.119599 0.254756 -0.905113
12.298067 -11.713962 1.693006 0.729458 0.323122 -0.134234 0.587762
7.198248 -11.955624 1.661434 -0.086857 0.509403 -0.719307 0.464286
-18.600812 14.531426 1.726017 -0.014068 -0.388153 -0.920616 -0.040064
-21.227150 -22.644288 1.661967 0.843349 0.366909 0.369086 0.133850
-3.015319 5.105698 1.667146 0.010470 -0.451251 -0.887308 -0.094589
-12.791745 -4.736058 1.684852 0.406071 -0.651331 0.554530 0.321513
28.708790 -15.757874 1.727708 -0.034953 -0.864919 -0.371041 -0.336187
-30.724533 -6.326684 1.693954 -0.744782 0.014977 0.011995 -0.667032
-23.280267 -14.440919 1.869220 0.417583 0.638613 -0.601307 0.237124
2.428188 17.398653 1.622614 0.362041 0.456102 -0.327757 0.743957
11.396252 -4.537031 1.690514 0.222640 0.026601 -0.410195 0.884005
21.052645 -10.515608 1.792284 0.445167 0.269470 -0.407608 -0.750378
15.358253 -3.789226 1.668941 -0.971681 -0.236008 0.006508 0.009644
-11.905706 18.945672 1.675124 0.309762 0.233280 0.916317 0.099954
21.812652 10.678102 1.743664 0.159798 -0.439145 0.884074 0.005451
4.790032 3.083555 1.686429 0.321691 -0.163028 0.306366 -0.880952
1.550511 -4.235827 1.660281 0.873861 0.256540 -0.412152 -0.026161
-6.773438 -6.488028 1.659747 -0.525592 0.144159 0.288352 -0.787289
2.816757 11.503338 1.636334 -0.433199 0.106231 0.831799 0.330401
10.825398 12.719846 1.661011 -0.000261 -0.519788 0.854118 -0.017405
-19.129937 1.935477 1.668821 -0.758716 -0.370584 -0.520227 -0.127989
-3.570061 23.104829 1.642353 0.310717 -0.130369 0.336458 -0.879349
26.522075 24.035002 1.791408 -0.196346 -0.343823 0.728395 0.559173
21.770288 18.672669 1.680679 0.626679 0.417296 0.057857 -0.655584
4.254123 -6.195253 1.890531 -0.736238 -0.048716 -0.420383 -0.528070
6.896524 -4.995686 1.621828 0.545411 -0.235566 -0.504565 -0.626458
-32.565394 -7.140672 1.645566 -0.068309 0.675649 -0.714893 -0.166614
2.676874 -17.544074 1.969018 -0.445718 -0.691257 0.324038 -0.467439
-13.360210 -20.172061 1.965534 -0.135351 0.340194 -0.037900 0.929791
6.130087 3.575259 1.651406 0.788261 0.418228 -0.233875 -0.386047
-25.637547 -11.750308 1.666600 -0.300184 0.000037 -0.025499 0.953540
0.331595 -8.167333 1.650972 0.282432 0.433685 0.602877 -0.607197
-6.173303 -12.667676 2.373912 0.246884 0.326694 -0.302570 -0.860681
23.314265 20.028076 1.645937 -0.538895 0.107343 0.806399 -0.218610
14.479415 -7.893415 1.717978 0.036690 0.536811 0.398325 -0.742849
-0.073208 26.779605 1.659292 -0.051517 -0.017554 -0.025922 -0.998181
11.397269 2.780885 1.941828 0.587658 -0.566963 -0.308110 0.488140
-18.327284 -10.056694 1.697189 0.087313 0.631928 0.754399 -0.154681
19.555686 19.487818 1.660938 -0.020465 0.833753 0.549617 0.048563
7.327320 4.149236 1.696016 -0.193006 0.676034 0.339695 -0.624767
-7.719735 6.365989 1.729572 0.048698 -0.234810 0.969699 0.046661
-28.781580 -14.716343 1.623679 0.768479 0.010619 0.000715 0.639787
18.022086 5.636873 1.664670 0.354320 -0.045891 -0.095125 -0.929141
0.595449 -7.013277 1.770364 0.606975 -0.757956 0.156906 -0.180179
-9.670362 -19.713336 1.640154 -0.180398 0.871985 0.077431 0.448446
-20.002146 15.973712 1.659386 -0.242695 0.895012 -0.366460 0.075895
12.292556 10.357545 1.702219 -0.024556 0.670670 0.741348 -0.001267
-20.236679 -21.938439 1.656773 0.024626 -0.060222 -0.517570 -0.853163
-11.210314 -10.996454 1.849814 0.992088 0.054978 -0.001833 0.112854
1.799214 11.047037 1.694475 -0.864044 0.055764 -0.476361 -0.152966
-0.695146 15.546503 1.613653 -0.510717 -0.508250 0.060176 -0.690817
32.017089 6.073731 1.686427 -0.307961 -0.647108 -0.602221 0.351770
-3.043031 -4.266779 1.700413 -0.021189 -0.310604 0.950247 -0.010315
-16.611638 -24.219130 1.694159 0.552713 0.538561 0.423339 0.474600
26.995865 -0.515105 1.678224 -0.143284 -0.813045 -0.560127 0.068450
36.109227 -25.978934 1.644781 0.897180 0.081303 -0.082635 0.426180
-13.255265 -9.075419 1.624245 -0.009347 0.425611 -0.904737 0.014768
8.069054 5.806160 1.684119 0.090423 0.979446 -0.173087 -0.050495
11.076623 33.270373 1.709816 -0.647493 -0.515915 0.284198 0.483545
-11.821868 -25.029560 1.637434 0.975524 0.140959 -0.001744 0.168764
-14.354702 -19.544970 1.681844 0.832792 -0.074577 0.487530 -0.251417
17.081716 16.198635 1.799860 0.706507 -0.664777 -0.147135 0.193057
-17.927218 -21.379379 1.615941 -0.358954 -0.675599 -0.056319 -0.641519
-3.051112 11.709622 1.623559 0.068252 -0.858295 0.496729 0.109236
3.801873 -2.907111 1.718375 0.817764 -0.217922 0.451073 -0.283383
29.357123 -5.204413 1.965746 0.010069 0.891811 0.433595 0.128711
2.558860 -14.400236 1.680915 -0.040810 0.871654 -0.479749 -0.091625
6.131890 4.707739 1.639724 0.171389 -0.116590 -0.175533 -0.962404
15.207007 13.803551 1.670821 -0.620489 -0.580275 0.527319 0.014445
12.836591 12.822225 1.669481 -0.025558 0.850406 0.524795 -0.027341
8.623039 4.186592 1.683819 -0.057821 0.072830 -0.995515 -0.017405
1.026839 0.707974 1.671028 0.005224 0.514701 -0.292784 0.805812
-2.164097 8.712012 1.731586 0.030821 0.409988 -0.911569 0.001141
0.231616 -16.667701 1.667799 0.048028 -0.203605 0.882656 -0.420900
23.303142 26.193590 1.633317 0.295882 -0.061066 -0.186729 0.934803
15.069475 -25.850357 1.659864 0.217910 0.635460 0.737704 0.067078
-10.684044 20.546735 1.677587 -0.673751 -0.002066 -0.006125 0.738930
26.115565 18.778115 1.703882 0.390739 0.038550 -0.037620 -0.918924
18.321538 25.669771 1.700476 -0.984858 -0.037159 -0.034773 -0.165724
26.938972 2.339712 1.643090 0.156320 -0.893699 -0.403982 -0.116899
-15.065434 6.498162 1.708321 -0.069727 -0.780168 0.352138 0.512322
-3.503824 -10.525940 1.626749 -0.122216 0.286102 0.947254 -0.076938
-6.428304 15.105070 2.201065 -0.275603 0.229493 -0.518155 0.776461
-11.237044 24.144197 1.646087 0.081958 0.333892 -0.927494 0.146812
3.056154 4.407843 1.620582 0.686615 0.194697 0.010149 -0.700393
0.044008 -10.097987 1.799767 0.617683 -0.564058 0.382754 -0.392182
18.417887 -23.141004 1.628784 0.730955 0.039465 -0.004018 -0.681272
-11.958731 12.416554 1.618518 0.381152 -0.759977 -0.502834 -0.155936
-11.264327 -9.366805 1.647897 -0.029406 0.891211 0.452008 -0.023799
-6.453846 -25.649251 1.633020 0.012511 0.243561 0.969680 0.015579
-19.782816 9.644548 1.673242 0.034819 -0.895644 0.365869 -0.250498
-10.939750 18.553984 1.818971 -0.486020 0.182239 -0.831109 0.199579
-3.107064 3.978541 1.625236 -0.364638 -0.515678 0.453501 -0.628850
4.452011 -14.008301 1.687061 -0.860062 0.335325 -0.149744 0.354156
9.759308 18.781197 1.629717 0.632822 -0.723538 -0.255315 0.104133
-12.684858 7.047272 1.731744 -0.554306 -0.245551 0.297071 0.737698
5.128459 -20.062514 1.623457 -0.986120 0.161709 -0.007762 -0.036838
-5.423757 -17.555255 1.635232 0.203942 -0.262611 0.723642 -0.604802
14.291456 -10.602613 1.642497 -0.576737 -0.471151 0.383252 0.546360
-17.077675 1.821271 1.643039 0.907484 -0.315567 -0.038231 0.274642
-20.555212 -19.275785 1.948553 0.061547 0.622382 -0.266064 -0.733527
-17.350763 23.971541 1.875060 0.768204 0.609375 -0.030784 0.193848
15.592652 -9.567267 1.625048 -0.209286 0.454492 0.826846 -0.256831
4.353224 -21.283681 1.696813 -0.365165 0.110533 -0.389452 0.838310
-15.042083 3.142140 1.630466 0.919347 -0.384176 0.059509 -0.060564
-11.445243 2.782666 1.671286 -0.310424 0.440719 -0.677280 0.500695
3.632398 10.455345 1.723630 0.367591 -0.164253 0.390702 -0.827798
16.002309 8.629143 1.686108 -0.132447 0.080118 -0.384146 -0.910204
19.269011 -20.369383 1.710770 0.027233 -0.050609 -0.976475 -0.207831
-30.728095 -5.319876 1.690045 0.709935 -0.117714 0.071772 -0.690640
6.510491 -16.213190 1.696718 0.135100 -0.907865 0.395566 -0.032499
-23.452311 -6.082969 1.755339 -0.426474 0.543100 0.603478 -0.398718
0.112761 -20.333077 1.707165 0.004385 0.046608 -0.410195 -0.910795
-8.010886 -23.742936 1.695621 -0.154884 -0.117941 0.583700 0.788286
0.369933 25.874121 1.650918 0.528399 0.675494 -0.420768 -0.295729
-18.727922 -7.448954 1.646342 -0.724162 -0.478556 0.236920 0.436397
11.257857 -2.271342 1.704499 -0.785917 0.112383 0.117277 -0.596616
7.430664 -32.478049 1.742646 0.253305 0.842525 -0.447972 -0.159092
2.895853 21.216581 1.887738 -0.109203 -0.649190 -0.702888 -0.269398
-2.932917 1.799070 1.660519 -0.033313 -0.004924 0.650272 0.758955
6.352604 13.413875 1.650106 0.658555 -0.650220 -0.247352 0.286943
11.350153 -12.052388 1.672537 0.986735 0.021953 -0.009987 0.160537
9.887135 4.942007 1.643045 0.011322 -0.230497 -0.958294 0.168570
4.432938 0.790865 1.638157 -0.898771 -0.431925 -0.040305 -0.063462
18.132218 1.904287 1.652373 0.526820 -0.110334 0.152461 -0.828881
20.129530 18.661094 1.701572 -0.038490 0.479220 0.873387 -0.077857
-3.249405 -3.282770 1.648742 -0.020642 0.765311 -0.643037 0.019390
-10.166323 14.322227 1.633697 0.530923 0.020761 -0.015850 0.847018
-9.312668 23.552274 1.671115 -0.109615 0.095486 0.434689 -0.888770
-15.125465 -16.940836 1.673587 -0.269257 0.906741 -0.302549 0.117414
-12.773992 16.091092 1.642453 0.108914 -0.114012 0.732836 -0.661884
-22.300023 -8.428927 1.678946 0.945755 -0.275879 0.020697 -0.170325
1.064841 28.439279 1.669384 -0.334843 0.312409 -0.605331 0.651042
-9.735613 -1.020535 1.660357 -0.630933 -0.754234 -0.168059 -0.069359
-21.093351 16.226843 1.686989 -0.085394 -0.610330 0.779462 0.112448
23.511219 19.040856 1.657471 -0.752454 0.121598 -0.129928 0.634149
9.242508 12.753749 1.731675 -0.492663 0.273635 -0.367904 0.739631
-5.074128 16.674506 2.206676 0.513057 -0.634871 0.571758 -0.082485
-17.161098 -7.619117 1.752547 0.330794 -0.107802 0.398705 -0.848521
24.736209 17.318673 1.648164 -0.439777 0.028943 -0.065080 0.895278
10.514157 9.412361 1.717603 0.949269 -0.161559 -0.039261 0.266920
-8.943477 -15.231514 1.622340 0.702848 0.576615 0.247802 0.334834
-16.871672 23.039430 1.640233 -0.751823 -0.061788 -0.076492 -0.651992
-1.077667 26.838933 1.630398 0.031273 0.057346 0.762834 0.643287
23.891927 -18.952763 1.772871 0.039293 -0.353911 -0.505172 -0.786133
-6.240015 -27.651612 1.648988 -0.608171 0.280090 0.310683 -0.674651
6.696303 2.741956 1.657698 -0.005804 -0.895162 0.445648 -0.006990
28.941990 -16.737914 1.702605 0.669834 -0.451025 0.331936 -0.487563
22.294927 -17.581940 1.735527 0.562461 0.806787 0.180731 0.008273
6.837182 -31.664464 1.721930 -0.892458 -0.121242 0.084506 0.426237
-11.163276 9.029564 1.715287 -0.327115 -0.850597 0.408711 -0.049346
20.175576 -22.162709 1.689543 0.596818 0.757969 0.207266 0.162270
16.481383 -21.156437 1.729660 0.383536 0.061716 0.065663 0.919119
4.423504 5.940367 1.659781 0.172163 0.984603 -0.027005 -0.013712
-18.190010 4.570925 1.684292 -0.120191 0.843066 0.521663 -0.051588
1.698064 29.007494 2.563032 -0.113150 -0.061249 0.809183 -0.573296
-2.965180 17.889549 1.650997 0.577533 0.208076 0.260073 0.745334
11.755966 8.054172 1.670151 0.442736 0.317931 -0.359870 -0.757231
8.860203 8.262610 1.709280 0.884580 -0.354491 -0.120894 0.277918
-13.193621 18.226846 1.716163 -0.461781 -0.186596 0.699413 -0.512603
-25.318297 -24.851009 1.638957 -0.712431 -0.270236 0.191199 0.618755
16.240833 -25.154654 1.704310 -0.242064 0.153532 0.554886 -0.780983
20.982887 -20.686083 1.710884 -0.657362 -0.092296 -0.072970 -0.744333
-28.609486 -13.724366 1.647389 -0.099394 0.742916 0.653857 -0.103287
11.757247 31.377817 1.644481 -0.661162 -0.485241 0.349975 0.452685
13.442330 0.829612 1.753848 -0.636803 0.067973 0.188352 -0.744570
-10.868351 -24.708936 1.673665 -0.114884 -0.130969 0.665873 0.725439
5.311127 15.891317 1.644134 0.090323 0.299725 -0.903943 -0.291367
0.427146 -11.027903 1.742052 0.376887 0.720582 -0.488173 -0.316865
3.442255 -5.434446 1.698872 0.040129 -0.241174 0.838238 0.487423
14.155764 -12.390348 1.629319 -0.186768 0.298502 0.804776 -0.477860
-13.797802 0.065861 1.619047 0.270743 0.265367 0.551536 0.743025
-13.488822 -2.453146 1.872776 0.457597 -0.122737 0.869857 0.137441
11.829284 12.790978 1.669415 -0.392147 -0.919362 -0.024914 0.019307
-27.531225 -8.777743 1.649413 -0.596371 -0.755834 0.200952 0.180765
-2.886218 8.010971 1.731670 0.763288 0.530657 0.203380 0.307296
14.980438 5.906614 1.703538 0.097016 -0.066488 0.977032 0.177693
15.898906 19.847196 1.680830 -0.284505 0.285178 0.680413 -0.612184
8.279187 25.763745 1.649543 0.798567 -0.295311 -0.168743 0.496596
2.148180 7.111884 1.627605 0.342695 -0.486913 -0.662241 0.454876
12.242040 20.486373 1.749420 0.345216 -0.019396 0.083846 -0.934569
12.137122 8.975598 1.813046 0.527719 0.026712 0.085954 -0.844636
11.989429 0.652926 1.653280 -0.623923 0.514121 0.341562 -0.479307
16.059552 -14.587282 2.219438 0.241705 -0.439029 0.852462 0.148797
-18.118274 -20.168616 1.634383 -0.377782 0.252396 0.581590 -0.674782
-26.631408 -16.836656 1.676873 0.262434 -0.899187 0.342185 -0.074164
20.834080 -19.690852 1.690793 -0.615144 0.232681 0.214230 -0.722193
-1.907793 17.801685 1.845646 -0.772015 -0.172340 0.580883 0.192008
-21.130019 -4.218325 1.637418 -0.456555 0.045898 0.096468 -0.883258
15.240132 20.607703 1.718307 -0.170181 0.359244 0.866073 -0.303150
25.948550 2.519102 1.630867 -0.891105 -0.445740 0.029775 0.079758
-8.409468 -20.848313 1.728383 0.112843 -0.011392 -0.552464 0.825785
-11.984295 5.853829 1.635081 0.386037 0.782575 0.312513 -0.375351
12.845094 28.570326 1.660629 0.414475 -0.487458 -0.592787 0.489079
-7.083430 13.772890 1.774585 -0.398034 -0.156239 -0.257656 -0.866471
-9.652897 7.478350 1.674707 0.627644 0.525033 0.400306 0.412504
-8.290177 7.606191 1.684296 0.537377 -0.792829 0.136576 -0.252972
-25.152077 -25.844128 1.629566 -0.577498 -0.297452 -0.316494 -0.691267
12.310216 7.002563 1.634886 0.751645 0.299122 0.567581 -0.152997
-5.008626 -5.208415 1.824169 0.805399 0.575083 0.110156 0.092072
19.892943 4.894731 1.631071 0.166289 0.080820 0.442364 0.877571
1.310652 -8.403471 1.646209 0.528124 0.841515 -0.101976 -0.050393
27.093752 18.554586 1.787948 -0.111512 -0.001585 -0.014578 -0.993655
3.264582 -25.237640 1.660132 0.697497 0.522594 -0.481362 0.093189
5.771655 -0.726580 1.643391 0.444331 -0.220454 0.399150 -0.771135
-5.508331 2.641162 1.637118 0.765450 0.461223 -0.259356 -0.366188
-4.710390 -4.086434 1.626915 0.745766 -0.365815 0.556672 0.011289
-6.529705 -15.908191 1.727768 0.025526 0.435900 -0.897681 -0.059232
-0.649551 10.478994 1.823395 0.531921 -0.298347 0.285770 -0.739179
9.878794 -21.029136 1.624483 -0.063442 0.956607 -0.284379 -0.002410
17.672339 1.008150 1.674557 -0.393439 0.294508 -0.534316 0.687733
10.488575 -4.210299 1.979065 0.213182 0.013532 -0.754069 0.621088
-3.427441 -8.700433 1.714561 0.139714 -0.217380 -0.179229 0.949264
-21.815540 -12.704227 1.849737 -0.631283 0.155522 -0.657735 0.380366
-6.912308 -11.619762 1.659059 0.612719 0.211776 -0.223737 -0.727783
18.408039 -12.488174 1.631483 -0.553823 0.771387 -0.246953 0.193020
3.899022 21.874639 1.718418 0.174995 -0.806990 0.467055 -0.316232
-6.954789 -19.354787 1.655436 -0.163136 0.900719 0.343735 0.209616
21.014952 -1.339024 1.706261 -0.063701 0.031846 -0.868021 0.491394
18.554589 19.382553 1.649523 -0.959205 -0.275161 -0.023768 -0.060400
-25.431686 -23.852383 1.702325 -0.275483 0.658857 -0.656723 0.242346
17.851521 -10.817111 1.633649 0.619727 0.153010 -0.155029 -0.753985
22.763976 10.553847 2.053328 -0.080240 0.134335 -0.074299 -0.984884
-18.342695 -22.293990 1.693618 0.197704 -0.828236 -0.506179 0.136827
-3.613749 7.313926 1.719900 -0.068103 0.368414 -0.924706 0.067476
16.786383 15.161943 1.621990 -0.693113 0.590898 0.073921 0.406164
-8.330382 11.276117 1.681108 0.541740 0.610912 0.435509 0.378994
-21.020513 3.878773 1.660827 -0.052587 -0.102524 -0.608665 -0.785016
16.262507 6.264044 1.743797 0.808118 -0.012105 0.074880 -0.584116
2.857253 -7.883860 2.188292 -0.028574 -0.485986 0.613044 0.622237
-12.958153 12.303600 1.645619 -0.045248 0.059144 -0.597997 0.798031
-24.734400 -12.197418 1.688155 -0.895902 0.397357 -0.080158 0.181774
18.686829 6.798587 1.665382 -0.102788 -0.205398 -0.881468 -0.412628
-18.294726 23.719167 1.632234 0.120910 0.088518 -0.009067 -0.988667
9.260960 3.408510 1.723309 0.321778 -0.279882 -0.563613 0.707436
15.368337 1.117548 1.650059 0.643728 -0.732434 0.181645 -0.127122
13.594659 2.055351 1.777024 0.622833 -0.745351 0.189857 -0.143127
-11.845790 1.863201 1.769788 0.782327 -0.251429 -0.127339 0.555458
29.097111 -25.861118 1.677312 0.607012 -0.793626 -0.018494 0.036768
18.953226 5.253120 1.682585 0.024977 -0.186630 -0.971198 0.146015
-2.698988 16.919071 1.628164 0.782886 -0.196729 0.213749 -0.550181
16.749882 -12.223806 1.633789 -0.011835 -0.212944 0.966466 0.143033
-5.898726 -20.545849 1.826784 -0.732840 -0.562165 -0.282253 -0.259324
-1.184199 -5.032294 1.663734 -0.611371 -0.766779 0.157683 0.115811
20.728305 -18.692516 1.622531 -0.492676 -0.568085 0.559484 0.348606
-18.705870 -19.356002 1.723272 0.303901 0.351799 0.646331 0.605093
-3.874833 26.107707 1.880326 -0.817525 -0.294704 0.053914 0.491829
-0.500442 -27.021901 1.672325 -0.617486 -0.203555 -0.060373 -0.757385
17.969093 -9.816775 1.652983 -0.360558 -0.644936 -0.605372 -0.295939
11.213838 -7.056212 1.686989 0.486593 -0.831371 -0.221964 0.150936
31.103205 -25.712223 1.698909 -0.006070 0.999134 0.039143 0.012698
-6.188684 -29.664280 1.704117 0.016796 0.701096 -0.710876 -0.053264
-11.807193 16.373428 1.661788 0.459414 0.872466 0.146025 0.080114
12.970826 -18.307411 1.703708 -0.134256 -0.285025 -0.888266 -0.334244
0.759154 -11.976426 1.680849 0.448801 0.343076 0.487869 0.665477
3.003725 9.670693 1.684436 0.389813 0.215004 -0.410017 -0.796056
-1.116750 -13.032680 1.747385 -0.385183 -0.879938 -0.276272 0.031889
16.478773 12.094414 1.621007 0.333638 -0.320702 0.612466 -0.640876
6.871752 24.841517 1.802431 0.011391 0.008084 -0.895405 0.445034
-0.200193 8.290712 1.622939 -0.084226 -0.054048 -0.629817 -0.770270
-8.575612 5.842575 1.645097 -0.014930 0.268739 -0.963044 0.010091
-21.301759 -6.210779 1.613593 0.423740 0.724877 -0.097041 0.534398
-11.016317 3.693651 1.623672 0.522153 0.021761 -0.046590 -0.851300
14.309141 16.566784 1.667304 -0.378180 0.717237 0.530867 -0.246437
-15.901717 -16.299804 1.669595 -0.111189 0.294369 0.892027 -0.324458
-20.928735 17.220717 1.665001 0.338103 -0.567199 0.643004 -0.387966
1.910236 -5.429440 1.764167 0.514118 -0.397929 0.385540 0.654747
-11.863779 17.940376 1.680568 -0.714534 0.026896 0.046830 -0.697513
14.284322 -5.544618 1.683632 -0.154641 0.061890 0.865197 0.472959
-14.594346 16.845688 1.657479 -0.172191 0.962472 -0.209002 0.017795
-16.646898 15.004606 1.762952 -0.148343 -0.028276 0.232223 0.960868
17.557997 19.237839 1.634266 0.684446 0.726590 0.044341 0.040428
18.238406 15.738174 1.718797 -0.580755 0.536503 -0.412825 0.452177
-9.250366 8.399983 1.626323 0.082514 -0.559266 0.817781 -0.107928
-4.364112 22.485826 1.657844 0.884400 0.331167 0.081601 0.318601
-3.549372 -12.537175 1.696396 -0.218445 -0.660004 -0.681771 -0.227737
11.413274 9.863066 1.674769 -0.017083 -0.977259 -0.210925 0.013542
9.836975 -22.361270 1.652373 0.248714 -0.779054 -0.014951 0.575320
24.314081 6.908895 1.614690 0.453314 0.007250 -0.466466 -0.759515
-7.207720 -5.588383 1.785337 -0.589759 -0.612802 0.324888 0.413649
9.445804 -8.015273 1.638405 -0.133449 0.130685 -0.766423 0.614580
9.602402 15.040600 1.703872 -0.857926 -0.483782 0.120768 0.123831
-17.794821 5.496820 1.653534 -0.507275 0.257937 -0.328780 0.753687
-30.363726 10.124744 1.694137 -0.129653 0.189757 0.803143 -0.549676
-20.524324 -0.252849 1.662585 -0.190787 -0.184529 0.704372 0.658339
-20.421369 -9.149046 1.678788 -0.421215 -0.881190 0.196493 0.086446
17.721474 17.779742 1.827058 -0.438150 0.534970 -0.651742 0.311550
-7.516758 21.841493 1.642974 -0.218919 -0.814438 0.517383 0.145191
-13.945179 -9.808885 1.637465 -0.367137 0.847563 0.354225 -0.146194
-15.196598 -7.586918 1.930447 -0.654719 0.239177 -0.189107 -0.691647
-16.442639 -10.765014 1.641969 -0.887066 -0.420501 0.054634 0.182507
-3.782984 -16.397833 1.724372 -0.339383 -0.089688 0.069479 0.933782
-7.848128 -14.166506 1.652396 0.263727 -0.914160 -0.293077 0.094158
5.258750 -7.930910 1.755102 -0.048305 -0.854854 0.513867 0.053208
-6.241187 -18.142230 1.644156 -0.127002 -0.288793 0.825171 0.468575
4.885932 13.705486 1.654559 -0.344520 -0.141652 0.330231 0.867288
24.426418 -24.518253 1.854482 0.051274 -0.123016 0.605060 0.784946
-21.422485 7.606772 1.700842 -0.904576 -0.337574 -0.104452 -0.238485
-6.813733 -2.942574 1.819170 0.331737 0.416139 -0.221875 0.817038
18.680771 17.358681 1.949750 0.907415 0.211051 -0.074395 0.355699
15.660610 -23.733850 1.647567 -0.086972 -0.995534 0.030744 -0.020075
1.581848 1.549379 1.657118 -0.234036 0.405481 -0.808557 0.356438
17.093793 -15.752448 1.687766 -0.476559 -0.700180 -0.121592 0.517547
3.227412 -23.701556 1.637602 0.451941 0.669676 -0.459058 -0.369525
-6.075765 7.992073 1.683616 -0.792434 -0.348165 0.187217 0.464521
7.138286 -29.046108 1.686935 -0.402204 -0.239567 0.345089 0.813482
27.482019 0.874743 1.680040 -0.112101 -0.908154 -0.364686 0.172322
-27.340543 -16.121707 1.651582 -0.190722 -0.903445 0.378893 0.062064
12.618900 2.563935 1.698411 -0.329350 -0.505151 0.664991 0.440611
5.429159 0.932989 1.656894 0.934454 0.351949 0.028134 0.046226
10.245492 13.542289 1.636826 0.315467 0.833625 -0.421416 -0.167208
8.865021 -11.153703 1.632319 -0.305758 0.003028 0.026840 -0.951726
8.399206 21.470613 1.618828 -0.857714 0.424756 0.015215 -0.289270
-20.715559 18.204312 1.697344 -0.438224 0.416364 -0.565567 0.561012
13.967117 15.620330 1.632986 0.464956 0.325354 -0.492889 -0.659561
8.292558 -19.793264 1.638995 0.798755 -0.486101 0.183358 -0.303440
13.696710 22.678250 1.739253 -0.226573 -0.031840 0.197849 0.953156
-26.664277 -9.289884 1.639696 -0.266121 -0.028706 -0.049242 -0.962253
-1.276899 -18.401483 1.718173 -0.395730 -0.826937 -0.347925 -0.196268
-19.060697 -21.272368 1.706588 -0.588584 -0.660414 0.173621 0.432755
4.521079 -17.795953 1.677124 -0.197879 -0.699879 0.289342 0.622330
-5.982335 -15.063046 1.692200 0.871397 0.084142 0.082649 0.476190
-14.561497 0.715488 1.728858 0.911401 0.215160 -0.016939 -0.350382
-5.260793 -21.628889 1.803496 0.037105 -0.111179 0.932978 0.340316
1.051843 -3.360828 1.654334 -0.375002 -0.345111 -0.583895 -0.631933
2.408102 8.858777 1.671426 -0.110167 -0.420188 0.873748 0.218794
-12.466503 8.030135 1.712965 -0.628434 -0.432186 -0.410639 -0.499661
6.486594 -7.693902 1.826871 -0.886580 0.338105 0.055116 -0.310843
3.629680 14.786508 1.623866 -0.964873 0.024949 0.030128 -0.259790
-23.370168 -7.084722 1.690358 0.042972 -0.739545 0.671726 -0.003387
3.419245 6.001177 1.618344 -0.019719 -0.011834 -0.401991 -0.915355
8.356395 23.963103 1.637136 0.843226 -0.179723 0.110599 -0.494407
-22.141585 23.374191 1.616791 0.437709 0.877508 0.179222 0.079180
-7.010196 -12.621151 1.639361 0.106851 -0.711972 -0.688605 0.086613
12.190671 30.469421 1.611923 0.836060 0.067174 -0.006406 -0.544472
27.152054 14.278643 1.768669 0.741192 -0.421744 -0.189803 0.486560
7.125676 8.083276 1.724814 -0.052827 0.180380 0.980102 -0.063820
-5.035029 -23.502874 1.654908 -0.295987 -0.702128 0.620157 0.186584
-22.764080 -5.243495 1.633799 -0.175086 -0.105415 -0.500034 0.841546
10.747640 -21.537780 1.628284 -0.275893 -0.922473 0.255251 0.088167
12.290286 1.613168 1.644359 -0.051185 0.792899 0.606947 -0.017497
7.977490 -2.697967 1.822038 -0.281245 -0.633989 0.311713 0.649457
-15.895693 21.356730 1.819544 0.376382 0.620306 -0.355219 -0.589386
17.043823 -2.190391 1.613528 0.374180 0.430043 0.743709 -0.349213
20.110670 23.199397 1.752717 -0.903603 -0.288163 -0.091405 -0.303494
16.404651 1.969224 1.662965 -0.593163 -0.406690 0.401899 0.566779
14.722070 -14.039884 1.675390 -0.129059 0.778740 0.608970 -0.077861
1.788393 5.358077 1.664378 0.262178 0.363381 -0.786418 -0.425164
-16.287455 14.032091 1.720285 -0.493301 -0.570929 0.350029 -0.555134
-16.754492 9.371688 1.772671 -0.001136 -0.593917 0.803236 0.045523
13.259409 13.735745 1.665976 -0.130977 0.832469 0.524580 -0.121060
-3.014498 -15.751902 1.791857 0.335610 0.086608 -0.128286 -0.929197
23.576686 3.678328 1.667962 0.526790 0.160407 0.230725 0.802202
23.492981 15.734817 1.634908 0.193994 -0.880111 -0.417504 0.116022
-3.360833 25.256442 1.721548 -0.381549 -0.310347 -0.429156 -0.757582
3.260936 1.777165 1.765439 0.260789 0.192017 -0.531804 -0.782498
-0.991355 0.104360 1.644598 0.835438 -0.228979 0.155949 -0.474648
-3.940340 1.807397 1.667564 -0.750255 -0.661149 -0.000046 -0.000846
7.442629 -14.598713 1.698321 0.218042 0.435157 0.708928 0.510409
-25.403333 10.753266 1.956800 -0.373623 0.271604 0.463418 -0.756228
-8.895391 21.469453 1.650577 0.230193 0.060928 -0.372445 -0.896986
20.675293 17.816302 1.639489 -0.798630 0.358397 -0.193668 0.442984
-3.987958 19.368849 1.647182 -0.079364 0.235344 0.926992 -0.281071
13.191236 26.587840 1.721461 0.229607 -0.589797 -0.733626 0.247415
-19.581866 -23.041563 1.874548 -0.752699 0.094148 0.290885 0.583067
20.585315 -11.407188 1.765207 -0.515407 -0.036604 0.042145 0.855126
1.005913 -29.374026 1.671300 -0.207741 -0.018386 0.179532 0.961392
-23.163301 5.562158 1.717876 -0.149552 0.671917 0.722178 -0.067979
-6.816024 -10.617999 1.645315 -0.391075 -0.563666 0.607900 0.399749
28.091727 -25.928968 1.686450 -0.805724 -0.589598 -0.056391 0.001902
-16.097808 1.997708 1.946810 0.623537 0.701318 -0.185010 -0.291764
-16.355052 17.814897 1.732721 -0.124342 0.252581 0.907563 -0.311561
11.567177 -1.314314 1.726575 -0.689375 -0.406792 -0.302997 -0.517180
7.854041 -4.684641 1.627207 -0.073946 -0.989360 -0.124709 0.012120
-0.622444 4.607346 1.710324 -0.098778 0.828130 0.549861 -0.045789
7.957328 13.295325 1.636949 0.616300 0.448738 -0.185281 -0.620064
8.754190 26.651762 1.667132 -0.851315 0.148169 0.079607 -0.496962
9.927544 2.653330 1.717505 0.247569 0.361163 0.742147 0.507433
18.965151 -3.119146 1.703043 0.419673 0.132244 -0.242070 -0.864747
-26.433115 -12.366774 1.694205 0.866238 -0.399584 -0.080768 0.288860
16.363518 -3.839120 1.657415 -0.148085 -0.987980 0.034812 0.027467
-8.956633 -24.087534 1.728061 0.309841 -0.935048 -0.166432 0.044539
9.684694 6.263095 1.764446 0.922835 0.034144 0.318567 -0.213835
-1.931991 12.748359 1.657820 -0.442787 0.847367 -0.270164 0.113664
-22.858279 -3.238835 1.704593 0.377358 -0.033342 0.030481 -0.924965
22.045241 -19.015607 1.635697 0.626167 0.214294 0.550205 -0.509184
25.198653 13.353569 1.896100 -0.193766 0.830111 -0.519702 -0.057271
-25.743968 -10.750312 1.728778 0.306739 0.600729 0.652159 0.346012
34.117962 -25.697312 1.640765 0.056431 -0.019477 -0.342155 0.937745
13.805386 -1.147375 1.637183 0.543391 -0.535898 0.440194 -0.473043
-4.609870 -16.963462 1.626405 -0.146259 0.228560 -0.826943 0.492477
-4.054817 11.655839 1.695201 0.011824 -0.014511 0.776416 -0.629943
-23.353325 -22.430204 1.816126 0.588903 -0.679639 -0.284057 0.332559
22.574515 26.933253 1.773704 -0.614610 0.631499 0.229358 -0.413350
-25.201056 16.057750 1.706333 -0.821380 -0.050485 -0.553155 0.129641
-17.962759 -3.968825 1.657871 0.636957 0.148642 0.093962 0.750575
2.140302 2.386224 1.711826 -0.687218 0.528657 0.311363 -0.388982
16.585423 5.317370 1.632640 -0.522163 -0.606545 0.404445 0.442575
5.428689 5.906423 1.701552 -0.203523 0.978744 -0.017484 0.018271
5.140626 -14.741504 1.656411 -0.354944 -0.101748 -0.247330 -0.895818
23.986799 -20.259587 1.655399 -0.947944 -0.102716 0.061886 0.294993
-14.254535 -1.136878 1.823501 0.551034 -0.676392 -0.423231 0.244399
0.482296 3.381606 1.752518 -0.114025 0.651319 -0.311145 0.682620
6.804006 1.002377 1.642978 -0.479768 -0.168490 0.249991 0.823977
-25.446756 -22.845495 1.731303 0.582556 0.390726 -0.371506 -0.608231
-21.774697 -21.643790 1.662540 -0.017813 -0.041758 0.962563 -0.267230
9.054353 -20.450824 1.626262 0.231971 -0.210052 -0.620277 0.719253
-1.144907 12.120652 1.626482 -0.224468 -0.262530 -0.726818 -0.593657
-7.912438 -12.151756 1.724982 0.783914 -0.467680 -0.402015 0.071680
-25.838518 -17.456436 1.666199 0.637586 -0.711645 0.195221 -0.221213
-5.483848 10.627853 1.698163 0.059530 0.517947 -0.850476 -0.069844
-6.712857 4.253833 1.638271 -0.274652 -0.854771 0.409899 0.160984
14.957558 11.247822 1.663371 -0.893584 -0.448713 0.010976 -0.006646
0.827853 24.976443 1.641017 0.296254 0.811015 -0.481079 -0.151827
-26.995263 11.312247 1.725600 0.427460 -0.896703 -0.112457 -0.023562
18.055122 12.822556 1.646310 -0.535713 -0.841560 0.068125 0.012143
10.088614 21.493912 1.707201 0.066833 -0.445385 -0.884140 0.124346
-7.309491 18.024241 1.623480 -0.064600 -0.961941 -0.263270 -0.034437
-6.833526 -0.189515 1.618910 0.137539 0.004143 0.149161 -0.979192
-9.787237 21.004612 1.697000 -0.146532 -0.162963 0.798251 0.561041
4.957139 11.963064 1.630736 -0.097719 -0.368456 0.913159 0.144329
22.774459 5.523606 1.713861 -0.378700 0.386372 0.621748 -0.566332
-2.776815 13.295256 1.694155 0.054938 -0.292939 -0.941825 0.155354
35.120774 -25.784258 1.636765 0.012182 -0.069661 -0.969641 0.234084
4.010895 2.448800 1.748324 0.249411 0.228498 -0.672844 -0.657924
-4.297010 -9.941993 1.836385 -0.704686 0.636122 -0.267412 0.165100
-24.935757 -9.179425 1.683354 -0.560473 -0.765172 -0.235063 -0.212433
18.267268 -20.281781 1.759730 -0.011300 -0.015496 0.159067 -0.987082
-7.097116 10.274098 1.673778 0.740589 -0.503397 -0.185598 -0.404564
23.318860 1.960457 1.740048 -0.213492 -0.435555 0.830537 0.273716
1.179755 4.572712 1.836523 0.630872 0.645112 0.369153 0.222616
-14.746132 10.369997 1.665874 0.231458 0.481343 -0.750713 -0.388801
-18.023768 3.566985 1.672978 0.956615 -0.289733 0.026173 -0.016081
12.587369 29.543064 1.623065 -0.226311 0.556079 0.736727 -0.311116
-6.397972 13.037789 1.717458 -0.374692 -0.024034 -0.050583 -0.925456
29.667858 11.380922 1.618766 -0.885160 -0.369349 0.265773 0.097145
20.008607 20.385915 1.709938 0.453881 -0.723628 -0.437836 0.280454
-21.221017 23.782501 1.617650 0.653342 -0.721975 -0.180934 0.138420
-31.649613 -6.723827 1.679415 0.827134 0.528959 0.092792 0.165655
-13.722348 15.752808 1.645212 0.079709 -0.142308 0.782062 -0.601477
13.921361 -2.147394 1.679050 0.714312 0.128487 -0.191500 -0.660740
25.998394 -0.650196 1.672761 0.945182 0.317901 0.014455 0.073214
3.507728 16.359589 1.686806 -0.970568 0.121874 -0.136392 0.156661
-8.957767 9.363921 1.645693 -0.813239 -0.138148 -0.078699 -0.559790
20.052827 12.634402 1.778384 0.036941 0.001642 0.929698 0.366461
-22.893879 2.023235 1.619830 0.796660 -0.109210 0.128465 -0.580434
-1.183220 8.504380 1.648942 -0.668214 -0.736719 0.066696 0.079285
-5.567994 7.121672 1.691250 0.817842 0.324149 -0.186613 -0.437308
-11.712988 -22.498342 1.667624 -0.836370 0.214351 -0.336713 -0.375716
28.706079 -18.540473 1.778395 0.331978 0.353540 -0.712927 -0.506493
24.099134 16.539456 1.641329 0.200290 -0.376970 0.774586 -0.466685
5.684500 -11.335087 1.652537 -0.643163 -0.088230 0.760428 -0.017493
5.638541 -30.049177 1.678357 0.037220 0.879293 -0.474561 -0.015807
-10.640139 4.626867 1.643424 0.552855 -0.058143 0.101867 -0.824981
24.584080 24.082082 1.714198 -0.209510 -0.012592 -0.407512 0.888752
22.332047 6.427719 1.735403 -0.393064 0.336833 0.514373 -0.683714
-18.818855 0.815386 1.717840 0.142672 -0.261567 0.896456 -0.328015
7.113838 14.073590 1.645781 0.197293 0.905533 0.371052 0.058360
-25.417024 -21.839682 1.697062 -0.570445 0.442983 0.414404 -0.553740
-8.613074 10.309628 1.683992 0.711477 -0.366151 -0.315743 0.509941
9.613508 -11.826637 1.653247 -0.202213 0.921104 -0.323445 0.077856
-2.073971 26.984833 1.649995 -0.997449 -0.039794 0.035981 0.047098
-28.355674 -8.199148 1.664469 -0.792623 0.514805 -0.197597 0.260154
-6.337340 -26.649492 1.631674 -0.643363 0.371795 -0.353334 0.568338
11.934773 4.702416 1.688054 0.583854 0.184239 -0.306658 -0.728787
-4.860470 0.217980 1.659199 0.062066 -0.027755 0.575215 -0.815172
19.250119 -13.039670 1.653071 -0.464557 -0.833529 0.257516 0.151992
-2.127701 -4.679177 1.628362 -0.783636 -0.594608 0.092093 0.154515
-17.948803 1.321099 1.716445 -0.791701 -0.551122 -0.168006 -0.203097
20.162245 -12.319228 1.700305 -0.174897 0.488905 -0.818825 0.244763
-17.224938 20.039445 1.661760 -0.237862 -0.707205 -0.640282 -0.182543
-15.216638 9.480028 1.681108 -0.839235 0.139702 0.078290 -0.519653
6.118537 16.494278 1.644501 -0.435961 -0.845111 -0.273869 -0.143949
8.991472 5.402873 1.646257 0.955074 -0.204490 0.059993 -0.205957
21.916187 20.000135 1.700860 -0.742202 0.236294 0.136802 -0.612034
25.420121 1.360900 1.669143 0.642813 0.367159 -0.630459 -0.233467
-19.438925 -1.680547 1.736927 -0.447567 -0.603714 0.597446 -0.279771
8.888635 23.108925 1.622281 -0.228907 -0.429115 -0.802832 -0.344851
23.214029 17.316028 1.638297 -0.101209 -0.126771 0.702289 0.693163
10.548838 25.840246 1.656014 0.063286 0.411144 0.888265 0.194784
6.134598 -20.007384 1.626482 0.041409 -0.017554 0.697255 -0.715411
-1.064995 3.702341 1.716311 0.309335 -0.441928 0.713769 -0.446705
20.914922 23.806085 1.722911 0.060118 0.935014 0.348669 0.023771
11.612525 -22.053084 1.651691 0.698016 0.653263 -0.236714 -0.173170
-20.682365 -16.276833 1.851549 -0.037611 -0.769131 0.343006 0.537932
-18.679185 -8.940305 1.694030 0.836742 -0.437986 -0.154664 0.290018
-4.941528 20.827594 1.672782 0.125524 0.745753 -0.646529 -0.100482
-17.504756 -15.081194 1.651154 0.279061 0.191836 0.506137 0.793189
-19.302120 15.251130 1.669450 -0.323988 0.147282 0.350613 -0.866262
13.412764 11.997064 1.672959 0.345538 0.343408 0.573149 0.658919
18.482481 22.020712 1.660381 0.792733 0.519589 0.138685 0.286998
7.556488 -19.027095 1.610551 0.817055 -0.153164 -0.099620 0.546843
24.597948 -2.051809 1.761013 -0.488692 -0.666912 -0.422526 -0.371323
-16.243691 -14.066562 1.866815 -0.728828 -0.053396 -0.624236 -0.276202
10.217352 -13.418678 1.711691 0.570445 -0.517040 -0.419559 0.480867
-29.704749 -15.118937 1.620067 -0.102225 -0.124545 0.811368 0.561890
10.912460 6.204896 1.830176 0.523179 -0.648802 -0.380705 0.400503
-14.257006 -6.226509 1.643710 0.746902 -0.271144 0.226447 -0.563330
22.954380 -22.029977 1.794778 -0.805818 -0.540400 -0.178386 -0.163716
-13.020525 22.459877 1.628794 0.940113 0.146904 -0.043671 -0.304467
-16.028734 3.317186 1.728581 -0.045404 0.054672 0.838222 -0.540679
12.998135 27.576524 1.712514 0.278664 0.591261 0.681177 0.329780
11.761498 -0.325599 1.725615 -0.215127 -0.571087 0.744644 0.270342
-6.254994 -21.738890 1.689891 0.092339 -0.063371 0.857671 -0.501855
-17.383572 -10.407913 1.685589 -0.046177 0.181572 0.971868 -0.142732
18.523757 14.772544 1.707224 0.442326 0.650934 -0.505264 -0.354036
22.186358 14.204861 1.692065 -0.234291 -0.364880 0.798217 0.418115
-21.972742 4.152692 1.837670 0.086278 -0.098727 -0.963293 0.234255
-21.347981 -8.754854 1.704256 0.061856 -0.152085 -0.953277 0.253586
-6.460096 18.565903 1.639521 -0.939680 0.163393 0.049766 -0.296358
-10.084152 -21.442477 1.664256 -0.376161 -0.090046 0.049489 0.920839
2.669495 -6.128103 1.620911 0.594785 -0.193140 0.616290 0.478660
9.880753 26.595529 1.677229 -0.601024 0.661216 -0.361268 0.266550
-16.483707 10.340966 1.736919 0.434828 0.686362 0.508486 0.285086
-19.308372 11.601057 1.627024 0.756706 0.213369 0.141357 0.601571
17.262694 -20.289545 1.698023 -0.921599 0.387746 0.010889 0.013795
-4.811380 15.855663 1.682252 0.764061 -0.213699 0.459284 -0.399502
0.539397 -2.494500 1.647032 -0.294427 -0.419717 -0.663713 -0.544642
17.667257 21.429819 1.649595 0.669846 0.687865 0.186307 0.208419
-9.909955 -24.399644 1.647748 -0.024018 -0.141836 0.984513 0.100203
-3.531659 -11.531101 1.668575 -0.229890 -0.686930 -0.666593 -0.175873
-24.086427 -8.637908 1.698014 0.936513 0.196840 0.064075 0.283004
4.250046 11.250553 1.717875 0.407839 -0.088221 0.119489 -0.900892
26.681420 13.398296 1.892071 -0.072883 -0.526234 0.847175 0.007779
-9.769284 13.397617 1.674558 -0.281033 -0.458421 -0.710184 -0.454433
10.416677 11.800366 1.630301 -0.845436 0.012186 0.017390 -0.533654
-17.020224 22.043211 1.645352 0.495893 0.577364 0.504653 0.407513
11.916086 22.823491 1.745085 -0.190507 0.194139 0.545897 -0.792473
14.138310 -9.608052 1.687632 0.646020 -0.061438 -0.062023 0.758311
25.380267 18.092772 1.647306 -0.247012 -0.305158 0.689946 0.608143
9.678813 8.850255 1.723054 0.217695 0.255718 -0.756448 -0.561252
-15.494189 17.295910 1.680405 -0.250947 0.088914 0.460027 -0.847051
-5.615596 -25.091994 1.625772 -0.604616 0.726400 0.249543 -0.210976
10.553219 14.715373 1.774526 0.735879 0.655219 -0.114628 -0.126613
-19.534281 10.620577 1.661330 -0.320897 0.519820 -0.679603 0.406143
-12.561189 -24.383951 1.865499 0.252326 0.254977 0.475501 0.803254
-7.061967 -23.407686 1.648222 -0.104150 -0.120268 0.744402 0.648501
-5.973058 9.747492 1.684645 -0.366715 -0.331522 0.588689 0.639576
-2.307336 19.500017 1.722133 -0.291397 0.177791 -0.417779 0.841985
21.577670 -16.210072 1.706920 -0.663663 -0.663126 -0.330853 0.101739
-18.582120 -12.754054 1.676846 -0.253357 -0.041534 -0.631525 0.731615
10.630874 19.282882 1.678357 -0.236984 -0.150140 0.425595 0.860329
4.128857 -20.190188 1.623368 0.798359 0.599842 0.047957 0.022641
-15.307326 -5.949468 1.800035 0.681116 0.467797 -0.413255 -0.382710
24.393882 21.899042 1.671329 -0.128602 -0.377739 0.889198 0.223834
0.579109 -4.846957 1.621585 0.943146 0.098333 0.026707 0.316375
3.675014 -15.093518 1.696589 -0.041053 -0.351533 -0.519323 -0.777845
-17.618725 14.741114 1.794272 0.739852 0.660794 0.067759 0.106674
-14.316112 -18.538856 1.693901 -0.569605 0.453849 0.425216 -0.537366
-12.267745 -9.272813 1.646346 0.681801 0.726744 -0.030234 -0.077950
5.244149 -27.452992 1.627668 0.145638 0.457673 -0.826178 -0.294540
32.107691 -25.648736 1.650798 0.002793 0.018486 -0.982080 0.187536
-20.033078 3.679740 1.661244 0.071006 -0.024054 -0.511040 0.856281
-6.210824 -28.657269 1.680365 0.077043 0.713366 -0.695355 -0.040672
-18.299463 10.030171 1.702335 -0.533586 0.056015 -0.622337 -0.569952
10.600518 1.905216 1.758011 -0.590310 0.690610 -0.286594 0.304063
-23.823798 -12.626630 1.701211 0.183851 0.113105 0.480913 0.849782
5.143787 -29.171803 1.700073 0.477300 0.187153 0.314673 0.798836
-1.424721 -7.990338 1.634685 0.824666 0.505214 -0.128137 -0.219696
-27.654186 8.792993 1.657755 -0.168852 -0.124350 -0.635574 -0.743015
19.852845 8.291997 1.688521 -0.004830 0.077080 -0.146496 -0.986192
12.878419 3.535299 1.773162 -0.087736 -0.813167 -0.558294 -0.139176
20.501668 21.264447 1.709463 0.152633 0.488012 -0.830884 -0.219497
14.465634 1.562925 1.663198 -0.495120 -0.829124 0.208822 0.154280
23.168357 4.595997 1.739743 0.163065 -0.530829 -0.802211 0.219289
-24.894568 21.602216 1.639874 0.217989 0.779756 -0.453756 0.372245
29.180336 -15.083086 2.306956 0.508602 0.115685 0.362101 -0.772544
14.578366 23.163030 1.683249 0.144768 -0.223985 0.770252 -0.579297
18.954133 -8.398948 1.713545 0.092755 -0.184515 0.909169 -0.361611
-17.875978 -0.950874 1.648890 -0.661955 -0.293237 -0.649909 0.231183
2.222965 -28.101129 1.621003 0.513574 -0.615990 -0.466188 0.373452
-5.696754 19.223296 1.622871 0.368650 0.870604 0.306489 0.110501
6.430338 5.806161 1.687934 0.578585 0.813628 -0.035530 -0.044572
-16.113001 11.274970 1.656949 0.163971 -0.549759 0.748193 -0.333297
-4.312165 -1.931206 1.707193 0.180854 0.055638 0.228212 0.955047
13.432318 -11.690301 1.623531 -0.689155 -0.642949 0.257825 0.212622
-10.360374 -16.658998 1.639215 -0.783444 -0.461296 -0.230413 -0.346888
-14.326956 11.284807 1.629924 0.574567 -0.030279 0.041689 -0.816834
-2.243338 -7.404706 1.618401 0.569905 0.769902 -0.228987 -0.173275
7.249740 -16.895371 1.661616 -0.623057 0.693771 -0.279796 0.228464
19.430325 -0.586539 1.788376 -0.765972 -0.437583 0.148865 0.446818
-16.195015 7.722951 1.633913 -0.402490 -0.754657 -0.438468 -0.276117
-17.154899 15.878724 1.657985 -0.009941 0.949230 0.064942 -0.307647
25.670122 -20.513242 2.004228 0.492664 0.825447 0.075010 0.265128
3.677966 -22.030076 1.646138 -0.402253 -0.015759 0.082599 0.911659
-16.345140 -23.248057 1.675782 0.332068 -0.467613 0.687572 -0.445325
-24.584588 -19.607462 1.787143 -0.181885 0.982003 -0.030015 0.041079
15.785064 -5.643856 1.661999 -0.052874 0.450091 -0.854279 0.254618
-9.692687 -15.905480 1.622109 -0.304115 0.208005 -0.546755 0.751869
-28.113630 22.782198 2.000226 -0.765315 0.026635 -0.090895 0.636648
-7.521574 8.942150 1.675537 0.010278 0.034272 0.710228 0.703062
-19.663230 0.267358 1.690820 0.083851 0.247712 -0.895929 -0.359054
-28.568282 9.215063 1.683748 0.235382 -0.072366 -0.273082 0.929938
-11.476581 21.167820 1.670001 0.318593 -0.021807 -0.006538 0.947618
7.926784 -18.091548 1.651479 -0.257747 -0.517303 0.736485 0.351502
2.658673 3.248589 1.677236 -0.723254 0.462280 0.257299 -0.443846
23.941072 -3.951131 1.672918 0.151861 0.817629 0.543180 0.115658
-17.412685 6.427426 1.624585 -0.341250 0.458578 -0.661397 0.485602
-25.907016 -5.396931 1.699933 0.419290 -0.063643 -0.088575 0.901277
30.096360 -25.738007 1.685808 0.948732 0.311081 0.003011 0.055920
5.671166 12.672998 1.615468 -0.159350 0.330158 -0.842683 0.394320
14.613583 17.526640 1.665842 -0.499831 0.265262 -0.389108 0.726911
2.465898 -27.124143 1.623612 0.599261 0.481163 0.372944 0.519885
-11.079392 7.519785 1.890780 -0.658948 0.421824 0.431109 -0.449442
0.092862 -1.592109 1.650371 -0.449866 -0.186946 -0.342020 -0.803551
-6.854206 5.850679 1.750316 -0.877574 0.419013 -0.101665 0.209656
0.515721 27.596309 1.667752 0.360745 -0.317977 0.532859 -0.696287
-5.688557 12.323798 1.686488 0.915278 0.142300 -0.067378 -0.370779
-1.445462 1.002646 1.670272 -0.767380 -0.359984 0.203200 0.490151
-0.892575 -20.353009 1.653268 0.845803 0.528084 -0.057565 0.049293
-20.519431 -5.019371 1.643641 0.034656 0.892328 -0.449951 -0.009686
22.079422 20.992989 1.662997 -0.348887 -0.691546 -0.586463 -0.236862
-14.050008 2.965546 1.618409 -0.072409 0.003070 -0.168476 -0.983038
11.464605 19.848100 1.702245 -0.286889 -0.035823 0.095700 0.952498
-13.032244 -21.878533 1.763103 0.032637 -0.057960 0.646130 -0.760324
27.572384 15.185489 1.646379 -0.688690 -0.482384 -0.349557 -0.413306
20.820054 4.505594 1.659760 0.839847 0.502837 -0.112984 -0.170430
8.233966 -17.133109 1.644869 0.477653 0.327862 -0.463637 -0.670369
13.633271 -0.155497 1.667769 0.320864 0.685780 -0.569726 -0.319631
-19.027419 3.638477 1.623550 0.222912 -0.974144 0.021997 -0.029489
-22.931323 -13.091009 1.639765 -0.210237 0.170999 0.673206 -0.688007
-17.918379 -8.281267 1.713502 0.050845 -0.335405 0.935908 -0.094839
-24.028094 7.058940 1.705703 -0.885086 -0.370451 0.118968 0.255414
-9.970281 6.523305 1.687109 -0.523097 -0.603249 -0.437042 -0.414071
-6.181233 -30.669155 1.647485 0.275873 0.659672 0.636169 0.289855
1.117465 -20.277849 1.748353 0.905922 0.422766 -0.007209 0.022874
5.527847 -16.421811 1.838656 0.192851 0.371243 0.875544 0.241680
-13.955788 -7.186895 1.647615 0.791344 -0.032140 0.037778 -0.609356
-9.064381 18.904429 1.717093 -0.184724 0.369798 0.462205 0.784534
13.621520 14.674522 1.635721 0.313098 0.457560 -0.693410 -0.460208
-28.049008 -15.407196 1.645066 0.896679 -0.255104 0.084379 -0.351808
22.921646 0.834609 1.742311 0.029294 -0.000608 -0.562872 0.826024
8.000892 -33.303737 1.657932 -0.239783 0.406342 0.812524 -0.342338
6.226072 -30.866721 1.658231 -0.330589 -0.309149 -0.633563 -0.627484
18.574510 2.809565 1.646983 -0.343527 -0.775864 -0.473060 -0.237144
19.055090 12.707378 1.662298 -0.322281 0.945460 -0.022706 0.041524
17.042365 -26.686652 1.678354 -0.316612 0.624021 -0.629635 0.337512
10.757970 4.435091 1.655814 0.243158 0.111872 0.505161 0.820470
22.017196 -1.241114 1.724895 0.478690 -0.875104 -0.061360 0.035819
13.183486 -9.244939 1.644407 0.343224 0.816253 0.311298 0.344995
19.322003 22.575372 1.690897 0.044424 0.953295 0.298396 0.014664
-23.003854 12.455507 1.751432 -0.529254 -0.041548 0.846886 -0.030779
9.200228 -1.535732 1.723513 -0.164335 -0.807766 0.353603 -0.442122
-15.308241 1.382361 1.831476 -0.246333 0.206594 0.771769 -0.548645
-22.946820 4.388818 1.932328 0.198530 0.966953 -0.136762 -0.082966
-17.171379 7.404024 1.674058 0.396690 0.472328 -0.549169 -0.563877
4.774929 -7.048662 1.773559 -0.008168 -0.512146 -0.852781 -0.102006
-10.268237 23.868847 1.651408 0.343874 0.926081 -0.150184 -0.039624
4.483799 15.318314 1.656671 0.213789 -0.169499 0.619082 -0.736411
8.848819 11.826902 1.728913 0.088664 -0.551024 0.816900 -0.145550
-14.530616 -5.257474 1.664928 -0.802691 0.043211 -0.027433 0.594195
-1.099304 18.618166 2.084123 0.077315 0.212719 0.336154 0.914207
-5.845209 0.008492 1.635206 -0.079697 -0.039510 0.575618 0.812866
10.726673 20.718785 1.616576 -0.343626 -0.828952 0.366330 0.246094
15.758952 -20.455590 1.760380 0.497296 -0.780055 0.339007 -0.171127
14.654357 -23.685393 1.621869 -0.005058 -0.027168 -0.231607 -0.972417
-1.960544 -19.140729 1.681990 -0.461552 0.799347 0.353430 -0.151990
16.249436 18.135577 1.662515 0.741730 0.314072 0.292369 0.515476
-2.688196 10.654996 1.662306 0.424384 -0.435223 -0.537330 0.584599
-29.465487 9.671570 1.648892 -0.224573 0.083653 0.320264 -0.916515
-4.361783 6.645252 1.640931 -0.055287 -0.931219 -0.359332 -0.025602
25.505268 24.429713 1.921135 -0.902206 -0.376842 -0.012514 -0.209422
2.037749 25.014154 1.636627 0.100348 -0.457763 -0.499673 0.728499
-12.950494 9.726865 1.678648 -0.719474 0.596534 -0.235855 0.266226
19.289600 -22.638218 1.649158 0.227377 0.095131 -0.277423 -0.928594
-16.980983 8.393386 1.705094 -0.016962 0.780550 0.624387 -0.024399
-29.914695 -6.924284 1.674561 0.037077 0.953065 -0.299927 -0.018342
20.486585 5.899468 1.723942 0.088178 0.201022 0.926013 0.307107
0.880301 22.845033 1.717934 0.470919 0.740482 0.034234 -0.478279
-2.923777 -6.623529 1.649916 0.683677 0.342721 0.593679 -0.250347
6.169982 -17.190660 1.957746 -0.420208 0.801971 -0.329849 0.267335
13.367448 25.596469 1.697744 -0.569246 0.257540 0.340081 -0.702836
-0.471492 -0.757747 1.642376 0.622832 0.607620 -0.351883 -0.345047
-28.426737 -11.721306 1.702686 0.202982 0.686841 0.661566 0.222213
-15.674892 8.583321 1.687637 -0.487506 -0.712477 -0.407065 -0.298349
-6.075242 -14.031496 1.626168 0.294692 0.938239 -0.169244 -0.064964
-29.142038 -7.570425 1.681752 0.863173 -0.402835 0.140690 -0.269932
27.972980 16.109675 1.648560 0.398327 -0.737865 -0.499934 0.216695
-17.446866 -12.816241 1.838919 0.532721 -0.591966 0.508148 -0.327979
8.999260 -15.241896 1.612154 -0.071601 -0.716321 -0.628979 -0.293502
21.434375 11.611584 1.740012 -0.389156 -0.729096 0.492420 0.272946
-13.963557 13.541356 1.615750 0.385168 -0.514558 -0.000660 -0.766078
6.266262 0.150727 1.644027 -0.411159 -0.284834 0.451000 0.739201
17.049877 -27.692983 1.701231 -0.607426 0.342974 0.334038 -0.633893
16.690708 13.858335 1.684350 0.392622 0.422756 0.567532 0.587395
19.596998 6.370909 1.714352 -0.561934 -0.796152 0.183556 0.129150
-11.707974 -18.153222 1.696804 0.264558 0.308397 -0.703271 -0.583362
24.999547 -0.771184 1.634875 -0.057814 -0.009408 0.715635 0.696015
15.834587 -12.645129 1.621674 -0.619492 -0.756872 -0.165077 -0.126982
19.290395 25.939785 1.668507 -0.932478 -0.342126 -0.037385 -0.109710
-19.045232 12.571240 1.673507 0.406869 -0.478605 0.598503 -0.497180
-26.723142 8.411945 1.636634 -0.956654 0.224797 -0.015893 0.184464
-5.143195 6.011584 1.665583 0.338667 0.101774 -0.320821 -0.878647
3.434719 0.658489 1.663797 0.165723 0.982968 0.075930 0.023329
11.335559 10.934635 1.934218 -0.101675 -0.624664 -0.053478 0.772397
-11.469900 -11.968217 1.806222 -0.393816 0.467101 -0.637591 0.469259
2.305193 -15.829934 1.615790 -0.093974 -0.691925 0.633675 -0.332963
-16.237228 -7.107622 1.648639 0.892043 0.066122 0.418953 -0.156094
-14.432743 -13.649471 1.789216 0.276977 0.847221 -0.191125 -0.411062
17.368923 -3.886685 1.688728 -0.008215 0.001936 -0.997711 -0.067099
-14.362203 18.646530 1.752326 0.233256 -0.117122 0.496764 0.827708
14.197951 21.140678 1.838685 0.774063 0.458806 -0.220047 0.376700
9.166683 27.569369 1.685954 0.288188 0.782000 0.518042 0.192498
-22.281173 7.080705 1.719987 0.753182 -0.601256 -0.131748 0.232058
19.544507 -2.295356 1.697495 0.453459 -0.175057 0.339267 -0.805375
33.114089 -25.617890 1.656098 0.010496 0.011299 0.999531 0.026446
11.423496 32.327872 1.636992 0.391930 -0.441988 -0.598466 0.541181
-13.471158 19.674632 1.844105 0.888179 0.396577 0.072270 -0.220550
-10.813393 19.548973 1.728207 0.532797 -0.429265 0.385628 -0.618990
1.402847 20.804361 1.678762 0.407857 0.805633 0.344024 -0.257402
-27.080696 -14.496631 1.623020 0.000989 -0.276927 -0.490510 -0.826263
-11.316839 -15.933998 1.658261 0.477647 0.757625 -0.037921 0.443193
3.125102 -20.269253 1.638094 0.032697 -0.032975 -0.028927 -0.998502
-13.824671 23.064995 1.663439 0.787798 -0.523109 0.184305 -0.267885
-7.802754 -0.459971 1.617074 0.075259 0.057797 -0.671926 -0.734514
-14.742131 -2.005046 1.675309 -0.487819 -0.087663 0.030810 0.867985
22.234994 17.084596 1.695935 -0.034487 -0.065951 0.794046 0.603284
-21.708910 19.564769 1.923444 -0.681369 0.330004 0.467384 -0.456493
-10.867717 16.735281 1.670848 -0.083596 0.105864 -0.794258 0.592417
21.577504 13.402546 1.723136 -0.354650 -0.309986 0.605782 0.641218
11.706666 3.728408 1.797770 -0.516452 -0.288149 0.461369 0.661352
2.123975 -20.292151 1.740213 -0.665361 0.745476 -0.018033 -0.035145
24.008351 -0.941363 1.685868 -0.051534 -0.013991 0.542464 0.838380
-17.115508 21.040787 1.672549 -0.027052 -0.673310 0.738096 0.033703
-0.728551 -22.831488 1.736892 -0.428059 0.276940 0.795806 0.326746
-9.040522 -3.678309 1.636908 -0.642114 -0.504280 -0.416464 0.399937
1.739547 -0.818319 1.748573 -0.331779 0.347585 -0.718642 -0.502654
-1.355464 14.786962 1.630057 0.082774 -0.436336 0.874059 -0.196926
-22.179771 -2.495533 1.676907 0.363395 -0.096524 0.278164 -0.883884
-23.214157 -20.701215 1.750276 -0.590886 -0.599430 0.368676 0.394482
-25.794908 8.019604 1.657819 -0.026028 0.204991 0.978341 -0.012273
25.809799 23.325861 1.721208 -0.153902 0.353148 -0.877607 0.285319
23.008496 -1.065955 1.703926 0.420082 0.905807 0.048001 0.027202
23.927012 0.798747 1.694324 -0.876130 -0.479722 -0.032423 0.034822
-7.975597 22.737767 1.660267 -0.050743 0.856625 -0.513390 -0.007032
6.606407 -23.829581 1.748749 -0.846173 -0.388090 0.344430 0.121431
0.797807 8.155109 1.635269 -0.061736 -0.026401 -0.722158 -0.688462
-8.779133 -0.703674 1.654005 -0.151561 -0.032047 0.211481 0.965028
11.049569 23.318893 1.612409 -0.922989 0.279828 0.013570 0.263824
10.351392 -7.574704 1.637115 -0.025720 0.250376 -0.964258 0.082803
9.469969 22.287994 1.677110 0.290793 -0.852045 0.403743 -0.162637
-16.683612 -15.664437 1.655765 0.067740 -0.952957 0.295053 -0.015079
-8.191969 -16.152076 1.730124 -0.747987 -0.408369 -0.260453 -0.453778
4.783929 -18.986849 1.869561 -0.606555 0.667698 -0.324311 0.284766
12.288528 -16.710541 1.805165 0.723776 -0.038523 -0.095006 0.682377
25.098445 22.618295 1.637500 -0.292911 -0.272155 0.554917 0.729522
15.340816 0.096612 1.727020 0.770718 0.571339 -0.167978 -0.226601
-10.640026 15.208822 1.694470 -0.086526 -0.513559 -0.821317 -0.232827
-8.049722 -6.257257 1.829918 0.338748 -0.696471 -0.610352 0.166275
15.068572 -8.709264 1.684623 -0.226786 0.849867 -0.469930 0.073887
-14.029802 -22.015443 1.754715 -0.074798 -0.009775 0.225109 0.971409
-14.640778 23.655545 1.658635 -0.142358 0.259760 0.794241 -0.530509
-12.541852 -13.533473 1.678453 -0.809903 -0.447777 0.099231 -0.365659
-17.019327 3.491572 1.680249 0.008084 -0.068339 -0.739571 0.669552
-19.309904 -6.628701 1.688771 0.218486 -0.860157 0.444130 -0.123051
-14.698884 15.509415 1.682103 -0.047607 -0.988254 -0.143782 0.020379
-2.008824 5.147009 1.667256 0.063793 0.997563 -0.025924 -0.011291
24.279487 -3.002337 1.671429 0.328061 -0.455951 0.731116 -0.387239
-19.402921 -10.538340 1.678128 -0.690520 -0.267199 0.252506 0.622918
9.955623 10.904442 1.638930 0.241175 0.458356 -0.780225 -0.350704
14.798078 8.101927 1.761592 0.182362 -0.588654 -0.125033 0.777559
-6.072731 3.475765 1.625877 0.178376 -0.879577 0.437768 -0.053708
-11.028040 -17.412755 1.635356 -0.385043 0.107965 -0.135931 0.906426
24.950604 2.650962 1.630850 -0.037466 -0.042320 -0.787830 -0.613294
-19.226898 -18.493947 1.721837 0.496047 -0.701172 0.416224 -0.298417
-14.702351 -10.471923 1.668397 0.228236 0.252210 -0.719682 -0.605274
2.344966 -12.588984 1.649833 0.355735 -0.619236 -0.558786 0.421614
8.005322 -15.429931 1.619947 0.243773 0.391417 0.751722 0.471467
28.357265 17.036903 1.727892 -0.540613 0.033730 -0.127633 0.830849
17.917304 -15.103167 1.718034 0.298634 -0.640833 -0.706973 -0.018432
22.844069 14.967219 1.690600 0.376226 -0.108102 0.194803 -0.899344
19.252606 -18.488995 1.645035 -0.164283 -0.807653 0.345044 -0.449057
-24.886115 7.583885 1.663236 -0.152237 0.185053 0.711420 -0.660652
3.500849 12.241979 1.668490 -0.066481 -0.382503 0.913296 0.123133
5.863861 -15.440906 1.700111 -0.272897 -0.304972 -0.742647 -0.530090
-10.270938 5.562810 1.667267 -0.722941 0.365825 0.297448 -0.505028
-13.616285 -8.135458 1.634796 0.574561 0.608968 -0.409183 -0.362776
8.498808 -8.356583 1.623450 0.002730 0.176302 -0.973924 0.142767
-15.668335 15.236975 1.717638 -0.006843 -0.111666 0.993412 0.024841
-19.935110 -5.840073 1.657650 -0.848968 -0.288637 0.123146 0.425178
-15.023898 -22.174366 1.748545 0.038684 -0.063583 0.993536 -0.085720
-10.862205 10.742445 1.950124 -0.396796 -0.856689 -0.149898 -0.293544
-18.863267 13.561662 1.663022 -0.593530 0.176936 -0.223828 0.752540
-28.476955 -12.725313 1.637683 -0.281124 0.609455 -0.682114 0.290266
-2.443682 9.680065 1.714484 0.150651 0.785414 -0.596164 -0.070841
7.718200 11.597458 1.901447 -0.691195 0.557188 0.274072 -0.369695
-14.783483 -4.283474 1.650962 -0.221003 0.583926 0.744100 -0.237706
7.884794 14.721783 1.646926 -0.497443 -0.803672 -0.264147 -0.192064
4.193430 12.973014 1.656847 0.406123 -0.073693 0.199205 -0.888792
4.010402 19.940610 1.651835 0.370614 -0.913255 0.141169 -0.093183
20.950058 19.259180 1.706678 0.005120 -0.285160 -0.945131 -0.159325
-1.520426 2.804538 1.709132 -0.799739 -0.300975 -0.171885 -0.490191
-12.257325 21.803595 1.656430 -0.007020 0.366121 0.929088 -0.051978
