-10060.298870935336
-10088.214242523865
-10074.145172410610
-10088.500424010881
-10072.837231706148
-10048.910487340614
-10062.854082216820
-10060.912663008474
-10065.055418161568
-10061.555979869088
-10028.332363383566
-10046.272079907814
-10017.579373180728
-10074.207698961351
-10082.905391502902
-10071.703819411014
-10076.549571926909
-10116.069069066352
-10105.303964606806
-10114.613542909261
-10078.755224345905
-10065.759247638087
-10049.170508332913
-10052.208171714803
-10060.979326782781
-10044.197497903137
-10053.205125026419
-10050.915302926402
-10047.976499036648
-10077.029713736756
-10067.157070950618
-10081.555386449583
-10079.531144791581
-10076.025306751104
-10069.092131307989
-10051.500653053554
-10108.255594630813
-10118.880713635870
-10075.542154538494
-10089.762249205050
