500 36.180000  36.180000  36.180000 
-7.058963 5.132325 2.676054 0.376632 -0.123550 0.203330 -0.895288
5.627310 -4.632210 2.395551 -0.707158 -0.610476 -0.248034 -0.256369
-7.609447 8.476755 1.632643 -0.054124 -0.836381 0.542855 0.053354
13.899733 16.178063 2.580526 -0.675603 0.013698 -0.040193 -0.736042
-6.508351 -16.687123 1.822288 -0.581562 0.459720 -0.422703 0.521311
1.786178 18.018460 1.729292 -0.758501 0.053862 0.110131 -0.640036
-4.147133 2.782709 2.678717 0.340852 -0.184122 -0.347733 0.853816
4.681559 -4.622014 2.940506 0.735691 0.565092 0.242593 0.283865
-6.603524 -11.249183 2.697750 0.732544 0.650340 0.051799 0.194305
-4.621650 7.457478 1.667511 -0.831394 -0.048280 -0.005103 0.553559
-17.998226 -7.972399 1.707950 -0.897619 -0.420408 0.074279 0.109635
-7.894646 13.541106 2.586453 -0.385374 0.078199 -0.213152 0.894393
13.609391 -5.244250 1.845919 -0.968964 0.244389 -0.036347 -0.007912
-3.967084 -3.480981 1.656877 0.934050 0.033733 -0.001400 0.355543
-11.848853 15.966802 1.810790 -0.592846 -0.243526 -0.325198 -0.695324
-9.107825 -8.107854 1.620649 -0.998822 -0.028238 0.032561 0.022301
-4.445323 0.186681 2.663343 0.726233 0.409604 0.304356 0.460628
10.705766 1.678477 2.219010 -0.354755 0.424684 0.640707 -0.532247
16.926847 -3.311244 2.537314 -0.253165 -0.852815 -0.449948 -0.078494
-10.443167 14.766786 3.170746 -0.620853 -0.046659 0.075558 0.778881
-5.886845 14.994214 1.749826 -0.643760 0.068625 -0.100813 0.755447
9.581869 16.555674 2.800820 -0.565390 -0.561965 -0.485453 -0.358978
1.410736 -3.662866 2.453968 -0.676153 -0.065249 0.004239 0.733854
-5.103313 -8.987113 2.807372 -0.383816 -0.916826 -0.095352 -0.054978
4.259037 16.713744 2.515548 0.473780 -0.119476 -0.133012 0.862303
8.103736 11.456276 1.651475 -0.186923 0.399911 0.849114 -0.290061
12.826533 -11.508917 1.791793 0.367188 0.372752 -0.608254 -0.596872
-6.980900 8.152775 2.447519 0.837119 0.221796 -0.093475 -0.491224
15.894137 12.550966 2.458736 -0.574227 0.212871 -0.228079 0.756921
1.558038 -2.843363 1.724845 0.244183 -0.122274 0.594089 -0.756625
-16.862247 7.078189 1.651636 -0.063394 -0.436205 0.896535 0.043954
1.551766 -6.375860 1.711641 -0.513332 -0.131194 0.183222 0.828075
-3.006524 8.378857 2.920452 -0.210400 0.406706 0.776213 -0.433377
5.942366 3.846040 1.896750 -0.339929 -0.338257 -0.658619 -0.579872
17.535641 -11.733939 2.663250 0.733455 -0.311078 -0.252656 0.549035
11.493003 -7.783969 1.771326 0.220733 -0.660640 -0.670513 0.255429
13.778701 13.924654 1.681752 -0.566085 0.397347 -0.453023 0.562524
5.875210 9.244830 2.501063 0.660971 0.650694 0.264203 0.264408
-12.432580 8.243788 2.659475 0.361850 -0.284303 0.502369 -0.732025
13.263605 5.501765 1.933127 -0.964076 0.094499 0.017869 0.247606
12.519981 -9.512776 2.581612 0.105143 0.173548 -0.807348 -0.554090
15.162133 15.303143 1.663577 0.015187 0.657966 -0.752771 0.013615
12.276991 -16.707389 1.634700 -0.927376 -0.372392 0.033068 0.014282
-4.031976 8.136890 2.634496 -0.227159 -0.702263 0.645360 0.196816
-3.789855 -7.124028 2.266866 0.021167 0.266503 0.963372 -0.021040
-10.203744 -17.219062 3.434131 -0.549281 -0.204494 0.333326 0.738489
2.363250 -3.331429 2.154827 0.336619 -0.941346 -0.004254 -0.023186
12.722638 -5.944699 3.063749 -0.232512 0.940511 -0.246326 0.026478
12.231866 -6.674512 2.483927 0.080676 0.546047 0.831336 0.064836
-16.324481 -5.961942 2.891026 -0.047687 -0.081115 -0.993137 0.069466
7.148122 -5.066823 1.679403 0.349554 0.612675 -0.613181 -0.355598
-15.078488 -15.851336 1.612546 -0.005471 0.058126 0.874634 0.481255
-0.913372 -15.182307 2.750286 0.798900 0.014751 0.039542 0.599981
-9.301053 -16.037283 1.653524 -0.000934 -0.358297 -0.923064 0.139914
-2.059013 -3.139515 2.764889 0.974495 0.135669 0.004719 0.178693
8.017664 6.961382 1.966967 -0.510826 -0.458040 0.475070 0.550967
-8.729080 -1.123828 3.074857 0.674922 0.129680 -0.161495 -0.708225
13.603886 -17.626477 1.637625 0.516980 -0.685843 0.423773 -0.287692
-3.181695 -8.420781 1.985643 0.052554 0.533423 0.841453 0.068233
-0.277834 2.497153 2.210256 0.707730 -0.293672 -0.224692 0.601987
15.276180 -10.951752 2.137588 -0.877972 -0.421411 0.146535 0.173508
-3.306519 14.485914 1.828108 -0.059578 -0.370070 -0.919544 -0.118058
3.812053 6.751014 1.871477 -0.876647 0.359120 0.170697 -0.270898
-14.710186 5.500554 1.651523 0.336627 -0.603424 -0.620724 0.370491
4.062107 0.882494 1.633571 -0.340609 0.071721 -0.053123 0.935959
-4.978974 -2.740324 2.580681 0.151306 -0.677053 -0.699508 0.171446
-12.748073 -1.961409 2.833879 0.540474 -0.672395 -0.356460 0.358762
15.459161 0.096037 1.836348 0.466268 -0.650650 -0.475094 0.365424
15.572840 -0.561578 2.731506 0.768202 0.390301 0.245846 0.443949
-11.147894 9.170455 3.518458 -0.337002 -0.139664 -0.228087 -0.902718
-16.282843 -10.931724 2.801188 0.476111 0.104951 -0.170477 -0.856295
1.148689 -12.199883 2.191481 -0.634512 0.656139 -0.296147 0.281379
-1.262152 11.712011 1.979960 0.161954 -0.307602 -0.829125 0.437840
8.871111 -6.946235 2.429695 -0.879272 -0.355091 -0.107402 -0.298756
4.863050 8.815247 2.633503 0.488564 -0.121060 0.206860 -0.838963
16.018737 -3.760241 2.571983 -0.050902 0.460613 0.885340 -0.037651
-8.901408 -15.982133 2.974507 0.261631 0.032936 0.171728 -0.949196
0.481285 -1.575210 1.699740 -0.644319 0.758005 -0.071122 0.072271
17.342583 14.524715 1.647812 -0.591083 -0.554470 0.386533 0.440200
-5.472419 2.798406 2.567532 -0.003636 -0.022110 -0.943044 -0.331914
2.486135 -11.363244 1.645658 -0.085411 0.665855 -0.728897 0.134353
-0.815132 -15.308714 1.706904 0.226073 -0.141991 0.314673 -0.910884
10.374246 11.898707 1.882085 0.426910 -0.678098 0.519635 -0.296498
2.599271 -6.252391 1.736158 0.292958 -0.005794 -0.031318 0.955595
-10.267118 11.025024 1.628555 -0.286910 -0.913366 -0.286325 -0.038247
2.313553 -10.369237 1.677927 0.392735 0.919124 -0.020424 -0.023508
-8.240088 4.665767 3.170823 -0.152089 0.050314 0.465162 -0.870610
-2.311203 0.469428 1.842876 -0.584345 0.453981 -0.402307 0.539065
2.606438 6.629227 2.958758 -0.816647 -0.121765 0.117650 0.551742
9.706111 -0.915236 2.614171 -0.377936 -0.792901 -0.416752 -0.234073
1.977678 7.300985 1.969499 0.249417 0.559068 0.711913 0.344114
-7.516866 9.079937 2.651698 0.987848 -0.091490 -0.043112 -0.118011
14.407822 -10.685214 1.612957 -0.015710 0.123931 0.991322 0.040927
-15.982577 0.589930 1.697202 -0.364254 -0.152877 -0.262650 -0.880320
7.084345 13.665490 1.898734 -0.450697 -0.070696 0.146776 0.877685
1.113402 17.266670 1.693326 -0.719619 0.143951 -0.106845 0.670828
-17.106218 11.565395 2.671745 0.445699 0.688651 -0.496038 -0.284706
-2.520280 -3.911586 1.815258 -0.107768 -0.794281 0.596988 0.033304
-12.897536 17.122560 2.692198 -0.636210 -0.248768 0.272551 0.677545
11.500693 -17.755436 1.907636 -0.149414 -0.632041 -0.756056 -0.081112
-12.265402 -0.125630 1.624007 -0.100952 0.562915 0.801636 -0.174111
-6.890725 -7.560346 2.012532 0.140292 -0.436398 0.815935 -0.352314
-16.061664 -6.866775 2.512456 -0.598098 0.654504 -0.322107 0.331891
-1.577656 -14.364325 1.642675 0.491427 0.217541 0.337869 0.772671
-13.224933 -11.836319 2.521312 0.031910 0.072744 0.994211 0.072351
-17.655285 -13.045213 1.696571 0.588741 0.056346 0.071789 0.803153
11.865801 7.619470 1.647662 0.063606 -0.065573 0.755721 -0.648491
3.327027 -7.911784 1.624871 0.072321 -0.782714 -0.615619 0.056051
2.796161 10.805486 1.900107 0.674176 -0.369371 -0.304212 0.562589
-14.032026 -12.880910 3.295767 -0.054458 0.032433 -0.219181 -0.973623
-5.778499 -12.722328 2.392616 0.664729 -0.519665 -0.330984 0.422532
-1.169928 4.196032 2.959478 0.170700 -0.807535 0.553655 -0.110520
-3.988961 9.980492 2.608954 0.231691 0.090690 -0.475766 -0.843647
0.083260 -13.557375 1.668294 -0.053779 0.956629 -0.268599 0.099115
-16.824465 3.056572 3.075260 0.608638 0.549188 0.392268 0.417227
12.394297 4.668255 2.604493 0.451782 -0.821536 -0.291613 0.189562
4.960663 -16.028446 1.703444 0.286721 -0.690938 0.599821 -0.283920
-11.641350 11.038482 2.907626 -0.036864 -0.998621 0.036643 0.007355
-5.903767 -1.956781 1.623335 -0.725274 0.280173 0.254609 -0.575026
-7.668054 -3.241320 3.460048 0.846323 0.067804 0.030109 0.527478
9.703662 -10.838773 1.752330 -0.171750 -0.043399 0.387912 0.904512
0.502033 -14.996790 1.637713 -0.515977 0.646627 -0.434847 0.355737
16.383530 -11.936810 2.244775 0.974060 -0.057811 0.030649 -0.216623
16.265619 -5.477849 1.683533 -0.324928 0.136125 -0.524065 0.775402
12.788537 -7.214686 1.818246 -0.176231 0.802834 0.550765 -0.145112
1.153035 1.890525 1.636114 0.372695 -0.419717 0.591931 -0.578406
-9.657518 9.463069 2.091197 0.436640 0.493324 -0.547496 -0.515971
-1.154079 -10.494565 1.813054 0.255656 -0.299175 0.723381 -0.567322
16.198990 -7.689834 1.640970 0.744219 0.137799 -0.106477 -0.644835
8.873996 6.273149 2.937388 0.460520 -0.789804 -0.342369 0.216596
-0.671589 -9.594570 1.661947 0.783334 -0.434054 0.199796 -0.397576
-2.985401 -15.870734 2.770441 -0.313846 -0.084248 -0.304267 -0.895446
3.496007 17.175790 1.660559 -0.551747 0.527085 0.433283 -0.479606
6.047035 -1.988510 1.683876 0.430042 -0.719766 -0.455089 0.299824
-11.540245 -14.821919 2.529154 0.287659 -0.842661 -0.449186 0.073534
-9.619369 -2.131640 2.651446 -0.173989 -0.684232 -0.697770 -0.121128
5.241589 1.442608 1.636522 -0.598290 0.125012 -0.095257 0.785714
4.478340 -9.182693 1.676909 -0.099952 -0.881837 -0.456066 -0.066152
-5.671004 10.840072 1.955035 -0.327515 0.466828 0.695065 -0.437825
4.258972 -14.420589 2.264517 0.731532 0.329673 0.224271 0.553064
17.092269 -1.274510 2.002597 -0.118860 0.042008 -0.717664 0.684884
-5.258236 0.984294 1.692860 0.893744 0.049310 0.003465 -0.445845
-0.866601 6.162722 1.693735 -0.285680 0.592608 0.694701 -0.290848
11.281357 11.363699 2.456924 0.029767 0.994520 -0.094024 -0.034698
5.752566 6.506814 1.836582 -0.055658 -0.048788 0.815224 0.574397
-15.420146 -12.948654 2.698894 0.851856 -0.252685 0.087987 -0.450278
-8.685862 15.569320 2.674824 0.816382 0.270733 -0.195394 -0.471217
9.649098 7.512502 1.721018 0.586255 0.334471 -0.324648 -0.662600
15.725589 2.153418 1.671928 0.029588 -0.001021 0.317564 -0.947775
-5.344035 -10.532924 2.743111 -0.631865 0.186783 0.253993 -0.708058
-8.739414 -0.905388 1.659567 0.160290 0.858856 -0.409984 0.261891
-2.466607 -14.956748 1.652472 -0.848473 -0.339086 -0.326978 0.241245
-14.484894 3.211649 1.879948 -0.062629 0.162052 -0.873418 -0.454926
-13.872884 -2.519558 1.643412 0.107885 -0.183307 -0.793919 0.569607
-13.389333 14.133900 1.691449 0.141077 -0.220374 0.815206 -0.516693
-3.430888 11.436332 1.673931 0.370264 0.029457 -0.727276 -0.577153
-15.809552 12.136376 1.890060 0.226594 0.435965 -0.783041 -0.381362
-18.031838 15.202448 1.954568 0.256898 -0.858892 -0.397289 0.196136
-9.482195 10.361058 1.657847 -0.945205 -0.284486 -0.068564 -0.144758
16.113050 10.403205 1.613058 0.062001 0.063555 0.966354 0.241406
-11.085602 -2.771917 1.674680 -0.971097 -0.076467 0.014066 0.225666
-6.156743 -9.221204 1.616316 0.594243 0.403591 0.693651 -0.053268
-12.168687 -16.427330 1.853955 0.062593 0.203898 0.873065 0.438480
-16.368738 -0.447787 1.623496 0.344794 0.867651 -0.317021 -0.166721
-16.295921 -17.824340 1.685823 -0.454572 -0.659128 0.486539 0.349562
1.006669 -0.439296 1.631303 0.113537 -0.038253 0.290975 -0.949199
3.216840 10.321105 2.676489 0.801739 -0.269327 -0.315303 -0.430421
-7.988595 0.206615 1.674762 -0.648274 -0.449941 -0.342609 -0.509816
14.311832 15.843278 1.659703 0.008489 0.301996 0.950067 0.078101
-12.231538 -7.203622 2.008205 0.096901 -0.786186 -0.505817 -0.341570
-5.414915 4.312059 1.730365 0.647181 -0.326260 -0.388559 0.568975
-4.005590 4.498451 1.645363 -0.850218 -0.058848 0.022037 0.522667
-14.582233 -7.721140 1.765678 -0.867715 -0.024540 0.045653 0.494353
-5.908209 -2.972981 1.732085 0.968561 0.228651 0.010425 -0.097468
-3.243714 8.634854 1.719855 -0.042774 -0.428220 -0.902627 0.007921
16.334074 -16.270406 1.763400 -0.014539 0.279636 0.799262 -0.531763
16.492815 -3.159073 1.638263 0.181326 0.419937 -0.836677 -0.301239
-7.928855 16.721148 1.803543 -0.184225 0.415486 -0.116165 0.883141
-9.453488 -4.896282 1.744038 0.194791 0.250176 0.776306 0.544809
-2.445055 -9.253463 2.134729 0.652622 0.117236 0.336725 -0.668548
-12.040092 5.071455 1.633464 0.296890 -0.091682 0.217961 -0.925172
-13.192995 -7.938038 1.725376 0.305437 -0.432932 -0.668660 0.521701
-14.608689 1.988098 1.623856 0.106587 0.759012 0.609967 -0.201199
17.586844 8.285733 1.623673 0.067626 0.195655 -0.889626 -0.407077
-12.514448 7.737170 1.731656 -0.031691 -0.867223 -0.496236 0.025890
-13.760316 8.931476 1.671606 -0.131312 -0.033523 -0.617998 -0.774410
-12.920878 -3.914657 2.186218 0.317115 0.081170 0.006745 -0.944883
0.064189 6.670089 1.967963 0.958281 0.116229 0.156708 -0.208879
-13.571947 11.221517 1.754087 0.181781 -0.932142 -0.309900 0.045047
-8.343335 15.291341 1.670900 -0.160911 -0.810661 -0.539690 -0.160223
-15.601429 -4.609322 1.703966 0.142244 0.196262 -0.787989 -0.565969
12.366597 9.451396 1.688038 -0.104102 -0.201339 -0.396860 -0.889453
-12.768494 -11.253277 1.668845 -0.802562 0.547771 -0.161574 0.172439
-12.912583 5.646379 1.784076 0.815639 -0.487480 -0.235548 0.203994
-15.842655 -10.521087 1.666563 -0.602935 -0.518603 0.365186 0.483900
-6.159098 7.899601 1.659248 -0.299058 -0.429976 -0.677681 -0.516173
-12.007444 -2.370400 1.731426 0.904504 -0.390901 0.088940 -0.145462
17.917694 16.534152 1.686011 0.070875 0.201635 -0.916824 -0.337275
13.887919 -11.697893 1.702221 -0.972640 0.214708 0.001029 0.088717
17.899694 -5.738172 1.625012 -0.447421 -0.427949 0.595057 0.512427
12.426198 -17.990869 2.229279 -0.096580 0.163278 -0.103848 -0.976334
-11.365035 0.436567 1.714585 0.326781 -0.366418 0.870445 0.035739
-10.425841 -14.691453 1.722070 0.459861 0.582249 -0.543492 -0.392596
-14.454150 -5.182199 1.871897 -0.134334 -0.306510 0.709539 0.620129
-17.347125 14.296569 2.550899 -0.205088 -0.098493 -0.808586 0.542611
16.056321 17.810139 3.181608 0.220169 -0.191680 -0.260062 0.920409
-12.730832 3.386500 1.652502 0.555001 0.390390 0.417678 0.604247
-13.727847 -9.534796 1.920216 -0.047128 -0.539257 -0.840811 -0.004165
-13.385697 -13.769970 1.805087 -0.924539 -0.218139 0.063037 0.306053
-7.110007 -6.536323 1.700145 0.513988 0.743167 -0.177966 0.389675
-17.015562 11.776971 1.636985 -0.527534 0.084163 -0.021564 0.845080
-11.062408 -8.944668 1.625615 0.249603 -0.764382 -0.573653 0.156014
-13.301667 16.857475 1.740969 -0.835895 0.465574 -0.242053 -0.161029
-0.490196 -9.088672 2.517728 0.258102 -0.015564 -0.224285 0.939594
-9.587311 -13.982369 1.622460 -0.310357 -0.755821 -0.538827 -0.205133
-13.604423 -14.823159 1.680807 -0.140067 0.974419 -0.079129 -0.156929
-17.932188 10.202806 1.866800 -0.243675 -0.858164 -0.451386 -0.020693
15.653817 3.947884 1.613204 -0.796968 0.472100 0.253545 -0.278708
-13.678608 15.130989 1.704454 0.051593 0.409685 -0.910044 -0.036264
-9.275712 -13.024115 1.631173 0.222541 0.523258 -0.762729 -0.308093
-2.622267 7.858754 1.879385 0.235065 0.347138 0.863818 0.279390
-11.367585 -4.821841 1.620945 0.755635 0.530816 -0.256913 -0.285037
11.574536 -14.990916 1.663153 0.157654 -0.057044 -0.653053 0.738521
-7.582010 6.235793 1.673520 0.315478 -0.351816 -0.352835 -0.807593
-14.731093 -4.099853 1.683212 -0.165285 -0.226791 0.816305 0.504869
10.003499 -6.237259 1.650318 0.456502 0.521991 -0.608797 -0.385353
-3.554907 7.496700 1.637591 -0.049889 0.428339 0.872254 -0.230674
-12.865232 4.498646 1.700343 -0.295217 -0.051870 0.324613 0.897097
16.201309 -17.455490 1.623173 -0.164575 -0.172648 -0.790326 -0.564352
8.439200 8.968066 1.672781 0.103107 0.855475 -0.329320 -0.386110
-10.805722 3.548482 1.649858 -0.280936 -0.088823 0.262747 0.918776
16.263998 11.420690 1.665241 0.237250 -0.473106 0.815620 -0.233767
-12.815992 12.021362 1.645657 -0.052707 -0.828962 0.473813 -0.292481
-10.648046 -5.522134 1.698431 0.416841 -0.100979 -0.105275 0.897198
-14.556147 4.493776 1.623824 0.924999 -0.198623 -0.100509 0.307934
-11.558955 14.973385 1.676799 0.190356 0.113949 -0.518072 -0.826064
-1.934018 7.167916 2.134890 0.417260 0.052780 0.448473 0.788658
13.490786 0.757860 2.641965 -0.070395 0.781048 -0.609652 -0.115467
14.466155 0.554021 2.004510 -0.357626 -0.513792 0.771573 0.113119
-9.148511 3.315894 1.647018 0.383321 0.320907 0.583334 -0.640161
8.311324 -7.256040 1.630674 -0.001058 0.013669 0.954965 0.296402
-11.671761 3.033915 1.628603 -0.029610 0.961463 0.271229 -0.033857
-2.480179 -16.460235 2.109042 0.375118 0.007103 0.414153 -0.829285
-16.614415 -16.869258 1.679428 0.607886 0.055027 0.074469 0.788607
-15.528270 -14.560717 2.213596 -0.085364 0.110459 0.922656 0.359470
11.562527 -2.764033 1.813647 -0.416730 -0.832437 -0.105238 0.349729
-9.943022 4.068650 1.668353 -0.496647 -0.829166 -0.230873 -0.111906
-14.962632 -6.781732 1.765093 0.219799 -0.225858 -0.614665 -0.723093
-10.374480 12.591230 1.635657 -0.138881 0.202796 0.368768 0.896435
-16.374327 7.959346 1.791031 -0.892748 -0.426312 0.109749 0.095994
16.555545 13.333561 2.204993 -0.124897 -0.005122 0.343584 -0.930766
-11.333921 11.323222 1.651123 -0.808507 0.318833 0.176093 -0.462226
-15.870258 14.246102 2.586642 -0.383689 -0.653320 0.483920 0.437923
-13.795104 10.190486 1.911239 -0.310888 -0.683004 -0.488626 0.445084
-14.878214 -16.697384 2.275653 -0.866189 0.057600 0.362583 -0.339015
-10.805968 -7.372170 1.862613 0.211786 -0.339404 -0.768531 0.499311
-14.590967 -2.288660 3.766855 0.642153 0.720149 -0.012530 0.262427
17.992109 11.644204 1.749062 0.687934 0.181501 -0.380438 -0.590823
-5.761423 17.915832 1.934197 -0.665493 -0.537095 0.011377 -0.518188
-8.659965 3.521946 2.503440 -0.443069 0.293949 -0.806344 -0.259022
-15.451659 3.069984 1.632447 -0.158047 0.038977 -0.806001 0.569091
3.289899 9.871978 1.763927 0.936209 -0.178389 0.236655 -0.188903
-13.012493 15.880590 1.618057 -0.303349 0.277655 -0.549547 0.727245
17.771802 -0.536529 1.767211 0.549322 0.651383 0.480580 0.207336
0.895063 2.435199 2.452959 -0.667208 0.694610 -0.224067 0.148808
17.545853 13.158315 2.148785 0.071448 0.020659 0.170016 0.982631
-2.465901 -12.533464 1.693583 0.318027 0.313245 0.716966 0.535440
-14.495088 -10.220701 1.653198 0.202267 -0.247367 -0.721006 0.614856
-4.671599 -16.571510 1.749197 0.609745 0.765498 -0.129461 0.159576
-5.003484 -7.389104 1.894958 0.137998 -0.032471 0.899275 0.413771
-3.911355 -4.491483 1.954291 0.368220 0.151847 0.739683 0.542426
16.111018 15.641142 1.663872 0.936663 -0.288139 -0.071326 0.185880
-14.178788 -0.285736 1.712060 0.957863 -0.230856 0.031704 -0.167928
-4.200118 12.601788 1.735198 -0.432829 0.316041 0.642774 0.547375
-13.092756 -16.034508 1.924910 -0.216262 0.003905 0.315523 -0.923937
-8.447079 -9.624861 2.055232 0.371489 0.856634 0.206601 0.292386
-16.674203 -12.714757 1.770015 0.711709 0.365589 0.599186 0.028132
15.568718 13.528474 2.243607 0.824897 0.559673 -0.037792 -0.069880
-13.613394 -7.023909 1.679257 0.804074 -0.218471 0.112318 -0.541405
-9.643272 -9.147902 1.671582 -0.877954 -0.360156 -0.150670 -0.277098
17.557311 -15.616299 2.247428 -0.434989 0.110702 0.563924 -0.693195
-15.413877 -17.301346 1.673700 0.266540 0.428047 -0.243050 -0.828649
-4.922553 -3.166798 1.654495 0.004488 0.145341 0.954197 0.261465
-17.903903 0.852862 1.670663 0.619663 -0.692635 0.267253 -0.254659
-10.168036 -3.185274 1.662269 -0.183842 -0.060266 -0.305787 -0.932236
10.972097 -9.162869 1.628278 0.779389 -0.626351 -0.003813 -0.014948
-5.970572 -7.349346 1.616341 0.153765 0.980796 -0.022167 0.117917
-10.064775 -6.343494 1.690428 0.181577 -0.416718 -0.856786 0.243503
-14.269474 13.644868 1.642200 -0.218560 0.118210 -0.602721 0.758278
-2.884758 2.604150 1.775283 -0.248213 -0.257105 0.575867 -0.735299
-15.976827 -7.471360 1.651629 -0.769293 -0.507303 -0.387340 0.028291
-11.657962 17.992667 1.933427 -0.910188 0.223320 -0.236097 0.256796
-9.519807 8.341059 1.623986 -0.584573 -0.613903 0.428817 0.312272
-15.662864 16.456156 1.869366 0.479268 0.659016 -0.498165 -0.296363
-4.914181 14.426526 1.798256 0.023154 0.633887 0.377639 0.674567
-14.742683 11.251444 1.780872 0.292971 -0.169518 0.706013 -0.622075
5.038403 8.828268 1.629235 -0.647111 -0.298572 -0.195106 -0.673821
3.520587 -8.879541 1.846435 -0.010805 0.113177 -0.194300 -0.974331
-17.406448 15.978106 1.807834 0.435614 -0.116151 0.109468 -0.885870
-7.979521 -17.797806 1.876036 -0.821223 0.160499 0.006908 -0.547526
-1.265055 10.720772 1.649062 -0.134236 -0.937546 -0.245453 -0.206738
14.407609 -6.170456 1.834788 -0.341526 -0.536844 0.127955 -0.760780
-4.611055 10.753863 2.221881 -0.632621 -0.323848 -0.687020 -0.151384
7.027189 8.670756 1.812079 0.557015 -0.735176 -0.386266 0.006996
-5.151551 9.322926 1.645504 0.754982 -0.591209 0.234845 -0.159128
17.214330 -16.704239 1.989341 0.848369 0.454448 -0.226697 -0.149513
-17.719262 8.785889 1.663028 -0.041064 0.243965 -0.966521 0.068064
-11.208556 5.637670 1.665369 0.288387 -0.906782 -0.296125 0.083004
-17.549153 -7.003916 1.799266 -0.815920 -0.455788 0.055178 0.351409
3.126810 3.564992 1.643847 -0.137042 0.650969 0.746398 0.018700
15.686370 17.876575 1.855987 -0.376322 -0.710354 -0.273206 0.528334
-10.581093 -13.700114 1.642928 0.550837 0.297767 0.404112 0.666788
-2.819576 3.921153 1.724089 -0.310290 -0.297027 -0.668920 -0.606664
17.413263 4.275888 1.811104 0.792456 0.461112 -0.245791 -0.314604
-14.107037 -8.605891 1.838267 -0.460260 -0.695010 0.490199 0.254609
-9.130407 7.415293 1.694060 0.754003 -0.314836 0.185597 -0.545812
-12.387499 -17.541436 2.187436 -0.123161 0.361872 0.923574 -0.029862
-12.058371 -3.386438 1.634384 0.697750 -0.681501 0.138502 -0.171807
15.954840 -9.398148 1.642118 0.659993 -0.680679 -0.214036 0.235103
-9.553726 -2.163959 1.626675 0.384290 0.755830 -0.477609 -0.230071
-15.531526 6.200227 1.716209 -0.188298 0.937529 -0.282874 0.074603
5.393071 -15.110925 1.648540 0.335014 0.215812 0.736382 -0.546747
-9.104658 4.622721 1.606961 -0.274525 -0.134937 0.436364 0.846177
17.125479 -2.375852 1.659202 0.450835 -0.060872 0.109747 -0.883741
8.758042 -11.178804 1.812833 -0.024144 0.159668 -0.869575 0.466651
-9.869078 0.767488 2.186693 -0.327861 -0.120531 -0.516044 0.782099
-10.243655 -10.861704 2.379810 0.166933 0.494126 -0.730693 -0.440524
-10.584890 6.999028 1.626699 0.106823 0.806101 0.465701 -0.349159
8.776483 13.046838 2.348028 -0.371182 0.251321 0.843125 -0.296987
4.272697 -17.353366 1.672626 -0.672350 0.327626 0.195995 0.634186
1.987125 -4.169718 1.690502 -0.026528 0.525266 -0.183858 -0.830414
-16.760681 16.736357 1.654118 -0.392816 -0.132564 0.435442 0.799070
-8.807759 6.463163 1.739974 -0.164603 0.579459 0.763261 -0.233594
-12.093172 -5.823507 1.881688 -0.520313 0.725365 -0.387263 0.230536
12.843269 -13.788640 1.782543 -0.580342 0.351097 -0.723866 -0.126296
-17.142710 0.194080 1.689108 -0.453356 -0.822215 0.301131 0.166585
-16.582691 8.563903 2.593332 -0.099476 0.721451 0.182218 -0.660613
16.149699 -13.520923 1.843447 -0.067509 -0.065314 0.565879 -0.819120
-13.675203 -4.561260 2.018314 -0.775915 0.542476 0.230815 -0.224500
17.638442 9.444934 2.127995 0.820558 -0.358919 -0.016723 0.444502
-7.452669 2.140725 1.713891 0.279617 -0.528817 0.715528 -0.360814
16.560189 8.221194 1.681367 0.325824 0.371428 -0.547912 -0.675035
-15.529503 10.636385 1.649139 0.913177 -0.215420 -0.111142 0.327643
-5.978366 9.867292 1.828093 0.323930 0.027132 -0.210829 0.921892
9.814209 14.691441 1.705199 -0.463179 -0.764131 0.279752 0.351151
-16.671584 5.352247 1.666436 -0.114147 -0.622807 0.577513 -0.515326
-3.239200 -17.050758 1.809866 0.351124 -0.019148 0.499214 -0.791915
-1.813963 5.035895 1.627176 -0.415883 0.265096 0.504538 -0.708665
-15.159807 -13.408083 1.754398 0.122314 -0.564737 -0.729133 -0.366710
-15.393335 7.744548 1.856957 -0.083145 0.072698 0.617806 -0.778536
-9.320937 13.592449 1.895556 0.609572 0.283955 -0.413601 0.613781
-12.364429 -4.779149 2.001395 0.330779 0.146607 0.260907 -0.894997
-8.609213 -16.788269 1.695382 -0.428641 -0.774941 -0.431454 -0.171991
16.599171 7.109683 1.843247 -0.148293 0.193012 -0.863573 -0.441585
16.474541 17.159009 1.793664 0.143400 -0.147651 0.933556 -0.293443
-12.434299 9.636474 1.621641 0.493026 -0.022695 0.119038 -0.861533
-17.809677 -17.569782 1.727444 -0.516351 -0.575490 -0.463583 -0.432763
-10.014652 -1.267794 1.647018 0.495182 0.200166 0.315039 0.784525
-12.677548 2.380914 1.641252 -0.119776 0.693507 0.690697 -0.166251
-15.305442 -8.989634 1.772291 -0.517122 -0.176154 0.456808 -0.702055
-16.121550 -6.350451 1.638466 0.290355 0.887041 -0.352596 -0.067291
-15.564230 -11.487963 1.630755 -0.122866 -0.763802 0.628318 0.082024
-4.623545 11.684193 1.636253 0.200191 0.926076 0.155483 0.279522
-10.479766 -0.375761 1.613349 -0.404791 -0.342720 -0.532473 -0.659667
-11.355265 9.620579 1.675222 0.648932 0.734216 0.160153 0.119017
-11.160225 -3.828168 1.739102 -0.449862 -0.855160 0.244884 0.079734
9.972449 -7.226492 1.834411 0.416369 -0.549783 0.468988 -0.551748
-7.144135 4.571548 1.757112 0.484234 0.853570 0.175955 0.077298
6.567692 -17.803885 1.678745 0.376243 -0.781110 0.104162 0.487298
12.256644 -1.079491 1.804578 -0.328178 0.051436 0.044114 -0.942182
-17.636245 13.015411 2.155264 -0.677441 0.731277 -0.037222 0.070156
-7.593785 -16.881610 1.712200 -0.559389 0.123533 -0.067802 0.816839
12.347321 3.174600 2.119424 -0.378479 -0.083715 0.059924 0.919867
-12.580235 -14.373712 1.841213 0.191017 -0.224592 -0.778213 0.554486
-7.097140 -17.437593 2.416872 -0.012162 -0.469732 0.800468 -0.372096
-11.890626 10.483680 1.658351 -0.865441 -0.215351 -0.069233 -0.447037
-1.356595 3.796583 1.668767 0.692491 -0.275997 -0.664818 0.047948
-7.343135 -3.888781 1.730598 0.547595 0.733371 0.221780 -0.336333
17.974907 -12.343697 3.333863 0.395973 0.741414 -0.502630 0.202174
-11.234314 12.501742 2.152593 -0.786072 0.571745 -0.145123 -0.184766
-11.867627 -11.704547 1.644338 -0.194206 -0.944633 0.254905 0.070543
-7.062489 -12.876975 1.638793 0.434137 -0.086995 -0.299744 0.845051
-5.636417 7.039706 1.646657 -0.364419 -0.339878 -0.580154 -0.644285
-3.467901 -0.315264 2.117280 -0.282758 0.944037 0.169580 0.009166
6.740809 -6.947197 2.414409 -0.130128 0.481670 0.191141 0.845296
-11.978258 8.586806 1.669054 0.842311 0.271430 0.166080 0.435036
-0.558238 13.923913 1.652331 -0.734610 -0.083473 0.202065 -0.642301
-13.642595 -10.754790 1.694223 -0.283628 0.054180 0.135455 -0.947772
-2.934568 6.705860 1.705341 -0.344909 -0.828973 0.418136 0.137852
-12.415565 0.530058 2.526815 0.098806 0.144878 -0.383250 0.906845
-17.608872 7.769945 1.871652 -0.618941 0.725655 -0.209211 0.215795
-8.674869 14.339808 1.663642 0.512592 0.260480 -0.323302 -0.751582
-17.638975 -16.577911 1.707583 -0.586974 -0.488982 -0.400408 -0.505996
15.273073 -3.910239 1.681857 0.827787 -0.494401 0.020068 -0.264449
15.499020 -15.287786 1.722278 -0.041949 0.001683 -0.954318 -0.295829
13.238765 -8.169185 1.741169 -0.022163 0.013785 -0.997046 0.072242
-2.352781 5.886624 1.648629 -0.886461 0.106282 -0.068350 0.445218
-3.006562 17.053365 1.856001 0.599939 -0.773359 0.134195 0.154862
-13.731831 5.071406 1.664104 0.899757 -0.324173 -0.124219 0.264422
-16.221456 9.905569 1.617114 0.176306 0.890380 0.406159 0.105709
-10.295620 -4.344096 1.748404 -0.260068 0.102479 0.446327 -0.850091
-16.588334 8.948492 1.661169 0.552565 0.458130 0.664418 -0.208177
-8.512177 10.627437 1.700133 0.856625 -0.495115 -0.078806 0.121837
-5.218127 8.284692 1.623621 -0.853818 0.252898 -0.351614 0.288798
-8.033098 -15.963000 1.650726 0.463114 -0.134787 0.152632 -0.862590
17.080449 -17.941977 1.701076 0.902460 -0.364024 0.049892 -0.224863
-5.077048 6.202194 1.648366 -0.381655 0.243398 0.433018 -0.779482
-6.596674 8.806516 1.649404 0.487551 -0.117737 -0.192894 0.843341
5.011065 -8.328377 1.666677 0.288825 0.409133 -0.717173 -0.484617
-6.858732 -14.326794 1.632464 -0.412097 0.194559 -0.422102 0.783679
-8.725793 2.375793 2.272658 -0.317356 0.476754 -0.586368 0.572855
-10.929560 17.343081 1.685232 -0.871869 0.286017 -0.251801 0.307629
17.574052 3.269928 1.802269 -0.888764 -0.161690 0.386761 0.185394
16.703489 12.303484 1.871280 0.524828 0.090172 0.063026 -0.844069
-4.403265 -12.615165 1.825551 0.091464 -0.634385 -0.643299 0.418756
-14.760005 1.126798 2.124347 0.321294 0.679430 0.658460 -0.039688
-14.200257 -17.350379 1.715143 0.716569 -0.026314 0.595288 -0.362587
15.159176 -10.015609 1.662099 0.251562 0.218010 -0.589249 -0.736188
-7.144789 9.648436 1.715677 -0.786240 -0.412490 0.160118 0.431325
-10.426281 10.009228 1.666020 -0.289679 0.934223 0.188866 -0.087430
9.995620 -4.246083 1.779876 0.071789 -0.444332 0.020621 0.892743
-16.017350 2.042891 1.727101 0.075941 0.382352 0.599499 -0.699028
-15.969607 17.404774 1.727048 -0.554931 0.202804 0.181700 -0.786070
-12.984650 -2.991966 1.628596 0.810546 -0.540928 0.118543 -0.190682
-14.560308 -14.676692 1.960239 -0.171100 0.025490 0.963784 -0.202966
-10.101944 -8.092360 1.877840 -0.698965 -0.601403 0.279136 0.268039
-7.283623 -10.453343 1.662719 -0.518443 -0.811209 -0.060249 -0.263679
-16.722915 14.452224 1.697732 0.372048 0.085107 0.178815 -0.906842
-7.450267 -15.141450 1.621099 -0.810176 -0.354203 -0.159840 -0.438868
-9.786289 1.767247 1.813757 -0.804226 -0.160091 0.382307 0.425950
-11.609391 -8.047072 1.917096 0.075455 -0.430835 0.810553 -0.389475
17.506295 7.338612 2.215901 -0.145413 -0.176023 -0.321670 0.918912
-1.801312 -15.807317 2.467822 -0.751788 -0.503339 -0.038702 -0.424226
-11.465784 -10.347897 1.730654 0.046407 0.292583 -0.705298 0.644047
-8.050475 4.132294 1.782551 -0.142261 -0.226777 0.881915 0.388020
-8.366629 12.927507 1.639886 0.452123 -0.016393 -0.455717 0.766575
9.344201 -0.257575 1.825452 -0.162400 0.167326 0.079096 -0.969212
17.014142 16.086807 1.677357 0.005490 -0.186533 0.982271 -0.017876
-9.068026 -3.041764 1.719832 0.783719 0.343217 -0.284326 -0.432603
-4.509175 5.370323 1.631607 -0.542433 0.675282 -0.413563 0.280581
-13.841533 -3.632810 1.621728 0.310799 -0.923330 -0.199499 0.105193
-14.415803 7.510868 1.908315 -0.124137 0.004906 -0.141395 -0.982127
-8.286003 5.208800 1.637755 -0.124654 0.256336 -0.865883 0.411095
-12.621128 1.383979 1.774691 0.524877 0.482929 -0.583556 -0.388261
-3.931421 9.369449 1.663846 -0.177357 0.333464 0.770641 -0.513282
-6.190616 -5.219513 1.714571 -0.048154 -0.279551 -0.709020 0.645619
-7.341788 14.653788 1.727580 0.297461 -0.621384 0.664590 -0.289342
13.300116 10.431199 1.722242 -0.792601 -0.593139 -0.139526 0.022406
0.026581 -0.669332 1.659494 -0.589703 0.798737 0.086851 -0.082014
-15.284580 -5.721086 1.683724 0.900264 0.291447 -0.018418 0.322868
-7.707686 1.168634 1.768046 -0.326523 0.517120 -0.669664 0.421331
-5.366078 3.309185 1.657639 0.663126 0.119388 0.060503 0.736444
-13.826337 -1.529226 1.914035 0.181449 -0.149021 -0.761087 0.604661
-12.473090 -9.818455 1.728652 -0.535535 -0.260228 -0.367426 -0.714480
-17.965523 17.615898 1.702308 0.199942 -0.716992 -0.637937 0.197440
-16.960967 -11.671180 1.728068 0.454792 0.286024 0.401069 -0.741956
-11.441685 -6.590710 1.843828 0.409735 -0.060426 -0.105999 0.904008
-12.375935 11.285540 2.174756 0.428973 -0.312564 0.085042 0.843240
-7.979572 -2.735141 1.696909 -0.900806 -0.384583 0.060423 0.192338
-14.051027 -6.117358 1.667947 -0.243761 0.484938 0.745229 -0.387363
-13.110292 -5.344248 1.629909 0.265804 -0.226862 0.932035 -0.095876
-6.804238 -11.444700 1.730079 0.190618 0.613595 0.033202 -0.765548
-8.625682 -5.469419 1.747815 0.961879 -0.044249 0.019150 -0.269192
-7.344314 13.649954 1.639243 0.033463 0.691450 0.715820 0.091536
16.979052 -14.845997 1.923954 0.655620 -0.189933 -0.163796 -0.712221
-13.645048 3.874947 1.831507 0.831398 -0.431742 -0.097291 0.336021
-6.444416 -10.096063 2.087591 0.147258 0.259196 -0.072580 -0.951769
-7.208658 3.117507 1.678408 0.327512 -0.730599 -0.530389 0.278654
9.575715 16.200373 3.742933 -0.562241 0.414009 -0.386642 -0.602486
-13.799143 17.605872 2.670318 0.585905 0.451729 0.608201 -0.287660
5.410186 12.327442 1.904545 0.177117 -0.748855 0.042514 0.637212
-9.188226 -10.224671 1.729951 -0.907284 0.119458 0.208050 -0.345369
17.095399 10.206136 1.713067 -0.070432 0.031512 -0.218493 -0.972783
-12.486193 14.580010 1.679599 0.202747 -0.047149 0.213444 -0.954522
2.370756 -8.248997 1.623214 -0.721349 -0.149555 -0.102728 -0.668383
11.465184 -0.459498 1.752610 0.272613 -0.903634 0.309362 -0.115861
15.220089 12.235094 1.770770 -0.134557 -0.176383 0.921964 0.317438
-13.721619 17.817579 1.689204 0.181138 0.647983 -0.322861 0.665633
-15.122928 0.059926 1.655879 0.827690 0.527138 -0.126603 -0.145006
-12.930790 -1.980106 1.818437 -0.023485 0.209101 0.977058 0.032912
6.599730 -16.149583 1.651119 -0.423767 -0.479226 -0.500468 -0.583349
-9.225509 -17.584807 1.727254 0.438227 -0.048690 0.093767 -0.892633
-17.498119 -15.582371 1.667808 0.332377 -0.571107 0.628482 -0.410333
8.633450 17.153580 1.695655 0.695096 0.034795 0.644650 0.316318
-15.790068 13.259625 2.398176 -0.655386 -0.225589 -0.107682 -0.712729
-9.706825 5.498490 1.766059 -0.481685 -0.250930 -0.810388 0.219738
2.486191 -7.249593 1.647341 0.587083 0.291114 -0.332259 -0.678373
-15.112422 13.093969 1.613820 0.277026 -0.038257 0.011464 -0.960032
-9.528226 -7.192695 1.614890 0.239578 0.462741 0.726853 0.447390
-12.348662 -1.112709 1.834242 0.627714 -0.740141 0.145543 -0.192314
-14.732031 9.193129 1.621465 0.769496 -0.625786 0.083173 -0.096693
3.845818 1.865020 1.702020 -0.442808 0.436462 0.630591 -0.464518
17.624630 -6.705344 1.672305 -0.775053 0.185871 0.085660 -0.597836
-17.400350 -0.904318 1.756324 0.111175 -0.656608 0.106666 -0.738329
11.255722 -16.793324 1.737554 0.771295 0.041412 -0.112137 -0.625151
-13.241320 -0.651440 1.754295 0.017064 0.222970 0.974080 -0.034077
-15.583289 -3.058779 1.616667 0.102757 -0.187224 -0.652136 -0.727398
-2.540192 1.454267 1.853974 0.031324 0.570160 -0.612803 0.546268
-12.831218 -8.877679 1.743022 -0.447311 0.362564 0.538232 -0.615440
9.964608 -9.165787 1.616800 -0.998558 0.046601 -0.023140 0.013259
