0.000000000000 -1199.366114883455
1.000000000000 -1133.525543990322
2.000000000000 -1138.338036470620
3.000000000000 -1083.487886433093
4.000000000000 -1151.542932805404
5.000000000000 -1172.813808280374
6.000000000000 -1099.995891057844
7.000000000000 -1120.501340495413
8.000000000000 -1088.026104459051
9.000000000000 -1073.892035840093
10.000000000000 -1062.410366938009
11.000000000000 -1085.644761199578
12.000000000000 -1108.734774585691
13.000000000000 -1106.864029793893
14.000000000000 -1125.750128370027
15.000000000000 -1119.811997821287
16.000000000000 -1086.173619692113
17.000000000000 -1158.309075620731
18.000000000000 -1093.753612143916
19.000000000000 -1124.828735453877
20.000000000000 -1115.630417077253
21.000000000000 -1121.903111687257
22.000000000001 -1176.954929916974
23.000000000001 -1171.142267840970
24.000000000001 -1192.682587416831
25.000000000001 -1201.288287594074
26.000000000001 -1192.320018010186
27.000000000001 -1202.473171133841
28.000000000002 -1160.795963175613
29.000000000002 -1186.455149981757
30.000000000002 -1175.852742949038
31.000000000002 -1158.794035236329
32.000000000002 -1179.654689461687
33.000000000002 -1178.757008837120
34.000000000002 -1193.112913025683
35.000000000002 -1206.153160066423
36.000000000001 -1200.591384105239
37.000000000001 -1168.655266610667
38.000000000001 -1144.250163390273
39.000000000001 -1090.322484811912
40.000000000001 -1184.338786886455
41.000000000000 -1211.111555960200
42.000000000000 -1187.336789072232
43.000000000000 -1220.779483542597
44.000000000000 -1233.875846027809
45.000000000000 -1213.077527301560
45.999999999999 -1138.372882193545
46.999999999999 -1153.962454080580
47.999999999999 -1155.658050696739
48.999999999999 -1197.897815981010
