1000 51.170000  51.170000  51.170000 
20.281788 13.411703 1.648989 -0.238920 0.160602 -0.153085 0.945351
-4.446343 22.574055 1.828585 -0.421773 0.865927 0.188792 0.191402
8.172567 -23.570339 1.666757 -0.755221 0.416080 0.141734 0.486241
36.014825 0.321763 1.806333 -0.298838 0.232243 -0.923679 -0.059801
2.978420 -5.432127 1.659346 -0.198512 -0.174972 -0.953837 0.142032
-0.632204 -4.720058 1.697544 -0.099450 -0.208965 0.723480 0.650400
-16.369492 0.257036 1.707041 -0.791613 -0.250631 -0.052291 -0.554797
17.945134 20.632278 2.059763 -0.324590 0.329598 0.840776 0.281251
27.235940 -4.576783 1.812230 0.721623 -0.364026 -0.421693 0.411000
-26.448444 -4.898216 1.709013 -0.304603 0.550237 -0.733795 -0.256908
-24.175474 15.131101 1.916621 -0.817547 -0.084723 -0.377792 -0.426277
-6.421864 -16.199070 1.683150 -0.338867 -0.869594 0.350630 -0.077679
12.646523 -12.114556 1.716505 0.742033 -0.287917 0.594848 -0.112461
-20.442706 19.756583 1.667263 0.690049 -0.309573 -0.651631 -0.058090
17.363696 17.963159 1.650421 0.355803 0.621255 0.302148 0.629406
28.421650 -21.956833 1.661933 0.771414 0.335805 -0.431547 0.325459
6.191644 -10.774134 1.639890 0.773132 0.544346 0.166168 0.279895
-4.760470 -15.272086 1.760832 -0.405590 0.361666 -0.797633 -0.261679
-6.976737 -6.809273 1.730085 -0.174583 0.167397 0.742737 -0.624372
14.779125 -5.334929 1.703924 0.455923 0.438767 0.597781 -0.492215
-9.006924 -24.734574 1.735239 0.363559 0.925222 0.099092 0.044382
25.213621 9.081867 1.795293 -0.093113 0.365713 -0.848326 0.371385
-19.927490 -30.279071 1.803477 0.022429 0.892123 0.254645 -0.372519
-1.917602 -11.264282 1.722546 -0.014581 -0.121837 0.751227 0.648538
-14.263931 -9.559888 1.763893 0.789712 -0.497171 0.336095 0.127342
3.753946 16.855883 1.652947 0.203113 0.487930 0.715348 0.457107
-21.006358 -24.882762 1.614509 0.295654 -0.301242 0.569549 -0.705305
2.807141 12.541382 1.830123 0.022441 -0.220217 0.966266 -0.131645
-16.325658 24.071118 1.699933 0.186258 0.151190 -0.966784 -0.088198
9.338057 -12.574190 1.716183 0.460262 -0.143359 0.814296 -0.323309
-18.500273 9.554102 2.148735 -0.143298 -0.629593 -0.759781 -0.076235
-22.961271 19.374347 1.678252 0.498853 -0.368106 -0.780707 -0.078357
4.833509 19.199291 1.695529 0.106255 0.043792 -0.798527 -0.590886
18.192293 13.056642 1.739781 -0.239586 0.616161 0.020594 -0.750013
22.153412 -20.178332 1.825352 -0.909679 0.305849 -0.273005 -0.066403
15.737724 -27.557127 1.632719 0.636771 -0.164268 0.223131 0.719549
-7.369100 7.185774 1.774833 -0.568985 0.091041 -0.332538 -0.746583
19.460982 10.878110 2.407189 -0.687747 -0.660213 -0.064037 -0.294995
17.794706 -24.662453 1.644885 0.713177 -0.159241 -0.032469 -0.681885
20.321791 3.104771 1.649078 -0.131161 -0.345425 0.920619 -0.126250
3.051641 3.535895 1.730902 0.702596 0.636547 -0.092631 -0.304279
16.600172 25.092808 1.676973 -0.002401 0.010430 -0.444615 -0.895658
11.383731 1.836784 1.733774 -0.053295 -0.916857 -0.224410 -0.325843
-29.277619 -26.954407 1.616392 0.477588 0.105572 0.428300 -0.759818
9.535110 22.969450 1.957029 -0.204586 0.923844 0.074807 -0.314739
-11.080723 4.269207 1.617455 0.317980 0.947739 -0.011122 0.023595
-2.153789 18.470084 1.643218 0.557303 0.333753 -0.608521 -0.455769
10.241510 3.331655 1.800664 0.107828 0.185198 0.281105 -0.935444
-30.695494 19.287010 2.137534 0.183177 -0.746985 0.065099 -0.635784
11.550819 15.072182 1.718450 0.686169 0.509528 0.123010 -0.504403
4.740827 -24.359594 1.731820 -0.339077 -0.702835 0.596026 -0.189217
-1.769645 17.129612 1.643296 -0.308032 -0.531808 -0.778264 0.128846
16.033694 -21.841651 1.917723 0.323084 0.234656 0.364865 0.841087
-25.994874 17.465029 1.951759 -0.413568 0.359902 -0.815898 0.183691
-14.307481 21.078946 1.923732 -0.786996 -0.412488 -0.020730 -0.458325
2.530537 22.014612 1.641638 -0.429064 0.205955 0.791392 -0.383646
14.369103 17.998865 1.779041 -0.671831 0.220337 -0.094056 -0.700891
29.546249 19.089869 1.688816 -0.527768 0.171761 0.118287 0.823388
18.101668 -9.643218 1.624323 0.185613 -0.166054 -0.070133 -0.965948
6.357932 24.199697 1.623433 -0.566086 -0.111595 0.056542 -0.814798
0.722790 10.228862 1.656544 0.612999 -0.185852 -0.690732 -0.335530
8.053904 23.954987 1.716879 -0.101832 0.695896 0.091950 0.704914
8.186929 1.913118 1.617843 0.476713 -0.455126 0.012902 -0.751957
-1.444160 -19.955697 2.330516 0.227936 -0.117769 0.915421 0.310130
33.667654 -13.428513 1.681199 0.398500 -0.446492 -0.572156 -0.560785
27.278562 -10.169031 1.668939 -0.793048 0.512810 0.303198 0.127165
12.670637 -21.980766 1.735787 -0.190455 -0.486841 0.324704 0.788213
-13.523690 6.075887 1.641589 0.543011 -0.690870 -0.310326 -0.362678
-3.287343 -29.787590 1.618843 0.659051 -0.683079 0.309367 0.057860
12.200428 -16.063376 1.637194 -0.866205 0.322552 -0.157740 0.347516
-8.086936 40.255930 1.631870 -0.480009 -0.124222 -0.609592 0.618512
-0.761364 -0.466051 1.616900 0.398457 0.758811 0.236000 -0.457976
-16.334011 8.508643 1.762417 0.700593 -0.293840 0.641362 -0.107156
-16.604553 -4.223034 1.644968 -0.525328 -0.242513 0.542660 0.608882
19.989684 -15.859786 1.690988 0.109186 0.962819 0.139150 -0.204193
-18.533485 6.426187 2.075935 -0.488951 0.133569 -0.703869 -0.497649
7.209048 -7.947014 2.089920 0.101498 0.747810 0.427120 -0.498044
-2.089066 38.812244 1.639501 0.433328 -0.900298 -0.038730 -0.013799
18.595444 -6.978370 1.797507 0.868175 -0.035711 0.272337 0.413315
18.240752 -17.730888 1.618601 -0.007956 0.179345 -0.982655 0.046481
21.347355 5.351761 1.665778 0.705795 0.244898 -0.093529 -0.658127
-16.138327 1.277504 1.640981 0.237162 -0.142514 0.553925 -0.785246
-18.840404 -16.728325 1.923962 0.374621 0.664946 0.553023 0.334172
15.653084 27.290646 2.207651 0.506821 -0.230264 0.805508 0.203144
-5.630613 -24.240255 1.639020 -0.525824 -0.402891 -0.645025 -0.380961
-15.866830 -5.612915 1.616871 0.509875 0.056469 -0.841363 -0.170138
5.297263 7.116351 1.682746 -0.218308 0.070619 -0.355434 -0.906102
-2.484464 13.574503 1.736544 -0.367957 -0.032009 -0.049310 0.927982
5.833433 -7.561566 1.650143 0.105129 -0.759402 -0.493109 0.411218
-12.275589 -7.569763 1.624209 0.103072 0.518588 0.712754 -0.460896
4.040926 6.529420 1.683705 0.294740 0.438279 -0.342967 0.776797
11.196716 33.755279 1.682163 0.539585 -0.458046 0.218413 -0.671817
-9.335571 -36.721213 1.857724 -0.064228 -0.269301 -0.936430 0.215523
-4.558637 11.470948 1.766155 -0.512182 0.467710 0.719002 0.044201
5.068692 17.908750 1.737311 0.522664 0.411368 0.060382 -0.744280
-4.205086 7.775070 1.653864 -0.729225 0.438921 0.457802 0.256898
2.742937 16.093003 1.637683 0.341120 0.798348 -0.471858 -0.153711
36.107010 -8.021219 1.659387 -0.187949 -0.376256 -0.907199 -0.009806
8.595152 9.599334 1.824075 -0.105143 -0.421320 -0.129365 -0.891459
27.906920 -18.736079 1.709995 0.050947 0.848275 -0.004218 0.527083
-23.867093 25.597340 1.653040 -0.496253 -0.844507 0.033781 -0.198492
8.433581 0.425589 1.877861 0.229734 0.501186 -0.824429 -0.127875
-28.089244 3.421407 1.646025 -0.030276 0.753960 0.328811 0.567900
-10.820202 35.364496 1.805658 0.029631 0.485441 0.492096 0.722018
-26.106078 6.526966 1.786363 0.018723 -0.292289 0.451862 0.842637
1.024960 15.946111 1.627401 0.237033 -0.306074 -0.609984 0.691415
10.059441 -0.610508 1.625283 0.162926 0.052538 -0.451832 0.875524
-12.877254 7.023857 1.805681 -0.218152 -0.448121 -0.833431 -0.238727
29.688497 10.874283 2.202082 0.430611 -0.771888 0.403641 -0.236300
24.034554 -11.771041 1.708714 0.279944 -0.748311 -0.098240 0.593305
13.191087 15.634786 2.654832 0.027405 0.354562 0.353325 -0.865272
27.174069 12.810714 1.718358 0.139955 0.513395 -0.795617 -0.289537
-26.674441 2.112453 1.855008 0.850503 -0.315521 0.410332 0.093376
27.721257 7.757593 1.724219 0.439624 0.555138 0.405528 -0.578013
17.300373 33.150959 2.022669 -0.189493 0.616252 0.391030 -0.656827
22.289837 -8.289102 1.656844 -0.454952 0.160048 0.783397 0.392036
5.660075 4.650170 1.657575 0.312970 -0.689159 0.223026 -0.614304
-9.750592 -11.883529 1.730299 -0.022620 -0.711957 -0.511451 -0.480649
-15.767841 -15.492114 1.729092 0.552422 0.762791 0.113148 -0.316509
-25.110595 -7.227193 2.045957 -0.483274 -0.854105 0.086036 0.171899
-8.916299 18.704349 1.653100 0.056965 -0.708318 -0.625495 0.322176
-22.068883 6.202180 1.788682 0.810333 -0.048214 0.062868 -0.580588
-6.691757 -4.771194 1.670892 -0.546498 0.425139 0.098926 0.714710
-18.155008 8.232355 1.914528 0.200722 0.300295 -0.926013 0.109695
6.536578 21.840124 1.633738 0.268871 -0.149476 0.373465 0.875151
-8.261660 -21.613909 1.741250 -0.006897 0.149707 0.452865 -0.878893
-15.660970 3.545542 1.685168 -0.174319 0.125035 0.901680 -0.375436
-15.157460 10.429891 2.088932 0.827190 -0.338997 0.210867 0.395440
-21.864001 -5.620749 1.664736 -0.454823 -0.827490 0.328100 0.027332
11.326119 -11.440386 1.636100 0.464248 0.142650 0.383018 0.785762
15.604628 -6.588456 2.011728 0.904733 -0.419584 -0.032557 0.065937
5.787622 15.067231 1.656172 -0.863971 0.305231 -0.176590 -0.359449
22.191687 -4.493234 1.864668 -0.508704 0.569238 0.296177 -0.573993
-8.932353 -4.535079 1.665020 -0.819666 -0.158499 -0.542311 0.094467
0.842566 -23.492752 1.626344 -0.146109 0.016351 -0.050712 0.987833
4.928189 -23.271274 1.823522 0.164410 -0.808690 -0.518629 0.223638
0.074256 7.385861 1.616009 -0.409946 -0.424623 -0.807178 -0.010186
11.864419 13.108826 1.772290 -0.002100 0.926354 -0.213895 0.310021
-17.912548 27.818491 1.705687 0.116361 0.891581 0.150937 0.410807
-14.001394 -3.945536 1.744232 -0.518614 0.534666 0.407520 0.528297
-10.809944 -12.016552 1.894831 0.647405 0.614591 -0.077195 -0.444055
-22.812708 -7.926764 1.739130 -0.556320 -0.037469 -0.772181 0.304699
-19.436293 -21.817210 1.759635 -0.472782 0.690198 -0.043340 -0.546101
-5.824631 -21.374285 1.624343 0.183919 -0.432767 -0.418535 0.776991
24.923757 -3.140826 1.667576 0.061693 0.248519 -0.701627 0.664945
-8.652375 8.958519 1.809709 0.064685 -0.573217 -0.657557 -0.484620
-10.303244 -12.900260 1.662248 -0.505609 0.082907 0.479171 0.712658
-0.691419 2.663381 1.634288 0.877099 0.109231 -0.189709 -0.427523
-9.136455 -22.357740 1.694896 0.328132 0.132903 0.894144 0.274176
-6.161181 13.193398 1.799436 0.610909 0.178032 0.738695 -0.222317
12.684940 -20.941592 1.730801 -0.165010 -0.612121 0.168995 0.754666
-21.672815 11.881461 1.628747 0.250722 0.713412 0.618134 0.214692
38.302856 -11.642519 1.882049 -0.381690 0.921171 -0.059653 -0.046877
18.654540 5.015748 1.619047 -0.029960 -0.474448 0.444458 -0.759249
3.626920 11.318205 1.810675 0.810228 -0.195703 0.412513 0.367510
-14.568287 -21.123698 2.326152 0.306136 -0.289846 0.869947 -0.255856
12.911286 -9.466976 1.776238 -0.107728 0.268533 0.676534 0.677191
1.049075 8.166706 1.668593 0.717299 0.027453 -0.194083 0.668626
9.622345 -16.488209 1.712095 -0.890531 0.198209 0.226479 -0.341138
34.151460 -11.221177 1.724677 -0.034101 0.179221 0.629709 0.755105
13.618616 6.231854 1.846369 -0.648626 0.465563 0.436494 0.414739
-22.818293 -13.857027 1.609001 0.285024 0.304984 0.108597 -0.902193
15.579195 -11.976965 1.639764 -0.690262 0.031759 -0.529314 0.492297
-24.944811 1.107545 1.907675 0.416215 0.234711 0.088087 -0.874023
5.646681 -2.225199 1.666949 -0.712135 -0.397018 -0.446928 0.368098
14.313649 25.997225 2.052728 0.735850 0.645578 -0.202789 -0.025107
9.661167 7.621456 1.674450 0.406804 -0.739016 -0.246543 0.477055
1.011581 -29.812482 1.627447 -0.270897 -0.211215 0.717009 -0.606549
11.309409 -9.177981 1.631607 0.632194 -0.458514 0.086890 0.618502
-2.513317 0.214593 1.663377 0.082005 -0.753185 0.299944 -0.579674
-4.618366 -10.130246 1.941010 0.426417 -0.099030 0.812313 0.385369
-13.218758 -18.527673 1.885732 0.382319 0.285950 -0.776212 -0.411776
16.513827 15.156490 1.814646 0.461844 0.684611 -0.544409 -0.147064
15.723138 8.786516 1.740172 -0.755130 -0.137177 -0.416098 -0.487672
5.013395 -8.316409 1.863514 -0.609753 0.323355 -0.182000 -0.700370
25.208933 -0.998902 1.746927 0.502145 0.561389 0.517592 0.405946
25.276953 -9.753623 1.771088 -0.556497 -0.670514 -0.489858 0.027574
14.777758 -19.559458 1.645021 0.000107 0.983793 -0.109967 -0.141627
7.199528 -11.973068 1.818898 0.392442 0.660021 -0.374834 0.519481
22.783299 -16.763738 1.730848 0.538549 0.018494 0.598311 0.592998
8.413171 -13.305187 1.742447 -0.692198 -0.662692 -0.285184 -0.019272
-4.793705 12.654620 1.768023 -0.626561 0.723080 0.290203 -0.018946
12.276826 10.716791 1.893330 -0.801131 -0.030049 -0.536932 0.262659
18.710601 -1.389462 1.619834 -0.531009 0.074618 -0.625883 -0.566332
15.528093 25.796161 1.810830 0.552652 -0.185962 -0.630349 -0.512498
-5.546286 -3.400629 1.715677 0.334821 -0.919732 0.122452 -0.164297
10.971117 5.701333 1.641189 0.213833 -0.097570 -0.724989 0.647415
0.233711 3.406866 1.784170 0.410518 0.696669 -0.544818 -0.222036
-17.934979 4.168704 1.803147 0.216706 -0.497925 -0.091544 -0.834703
-12.216414 -4.847851 1.728126 -0.152078 0.180024 0.744670 0.624444
7.969632 22.454768 1.706559 0.333319 0.476609 -0.798220 0.156803
18.046267 -20.032445 1.675907 0.123092 -0.158547 0.324808 -0.924235
-8.035224 9.782271 1.622337 -0.070514 0.703959 -0.601198 0.371525
-21.898678 3.609658 1.970279 -0.433795 0.606168 -0.657514 0.109805
25.273501 15.051251 1.853221 0.833582 0.271984 -0.380655 -0.293714
-0.334746 -6.142953 1.736164 -0.372856 0.828466 0.194697 -0.369751
13.017918 -11.122734 1.799264 0.396857 -0.089543 0.908978 -0.090799
-15.483262 21.628635 1.701319 0.808921 0.086497 -0.534698 -0.228612
-14.779882 23.411415 1.945474 0.757297 -0.204256 0.321843 0.530281
-19.980127 -1.599166 1.832061 0.848994 -0.245622 -0.059812 -0.464007
-2.976353 10.794028 1.666563 -0.490978 -0.091377 0.416348 -0.759766
1.980545 11.925864 1.878193 -0.241148 -0.694438 0.659820 0.155695
23.539666 6.169072 1.692064 0.434866 -0.074994 0.868635 -0.225256
25.598144 20.600229 1.759917 0.344164 0.238633 0.615403 -0.667746
4.050268 -22.571003 1.734921 0.631627 -0.574725 0.519727 0.024948
-24.578560 -12.438699 1.814299 -0.185479 -0.146930 0.509351 0.827388
26.066640 -2.739397 1.654290 0.753582 -0.410261 -0.023908 0.513057
-11.352449 -3.449050 1.670813 -0.607670 0.135103 0.408779 0.667371
-5.771702 11.767162 1.622286 -0.116941 -0.531903 -0.583715 0.602230
-7.114045 5.495469 1.732934 -0.242271 -0.943352 0.030095 0.224690
15.540493 -0.798624 1.838620 0.016391 -0.491621 0.305777 -0.815194
4.294145 4.141849 1.721657 0.327358 -0.560429 0.166955 0.742214
23.503758 -20.333935 1.682276 0.365678 0.745049 0.453769 0.324461
11.780971 -19.893473 1.692947 -0.203181 -0.300954 0.630583 -0.685937
-23.099831 1.322711 1.690121 -0.423443 0.696970 -0.498528 0.293937
30.153396 -19.997318 1.683133 0.415854 0.066709 0.803231 0.421232
6.324361 -25.854057 1.697968 -0.218789 -0.205407 -0.742893 -0.598372
7.058994 -5.062163 1.646588 0.342325 -0.434476 0.052516 0.831436
-11.397558 7.884454 1.722930 0.049783 0.055728 -0.914531 -0.397553
9.432607 -13.580156 1.653775 -0.301690 0.489142 -0.576128 0.581205
5.248497 -18.231057 1.624292 0.604122 -0.620447 -0.497595 -0.049808
13.434721 12.236106 2.243399 -0.262510 0.536436 0.776805 -0.199747
-22.152307 -26.137303 1.660679 -0.129633 0.766565 0.509807 -0.368334
-9.442259 0.943132 1.865252 -0.236669 -0.158168 -0.629514 -0.722968
17.244780 2.892637 1.626437 0.676238 0.653771 -0.030667 -0.338149
5.005597 25.266709 1.620871 0.209982 0.595762 0.522276 -0.572890
27.551906 23.641721 1.651014 0.466462 0.824320 -0.221747 0.231816
-8.008298 -6.804466 1.770841 -0.012222 0.883922 0.448477 -0.131913
2.892522 -7.896760 1.646126 0.051494 0.545905 -0.103908 -0.829783
6.195611 -8.574879 1.669002 0.176968 0.521357 0.766434 -0.330830
16.759569 21.646253 1.765328 -0.444595 0.197051 0.392682 -0.780582
10.717142 14.340999 1.659218 -0.737214 0.568331 0.284699 0.229045
7.926451 11.028907 1.716787 0.533326 0.251097 0.466132 0.659723
0.036688 10.990526 1.650742 0.460120 0.577462 -0.232811 -0.632950
-22.747557 12.725345 1.833691 -0.070620 -0.516669 0.120170 -0.844763
22.038639 2.681820 1.654603 0.452311 -0.693233 -0.129748 0.545901
-8.043030 17.951211 1.728331 0.582061 -0.082243 -0.714584 -0.379225
-6.374310 -7.903504 1.671933 0.747860 0.373628 -0.478852 0.267970
-19.736877 -8.318549 1.625728 0.502538 0.568883 -0.635172 0.142771
-8.236116 -26.600027 2.278221 0.682746 0.429291 -0.349640 0.476780
12.309234 -3.111658 1.749517 0.274824 0.153409 0.060673 -0.947236
-12.051083 -13.589342 1.808583 0.295888 0.585712 0.747918 0.100054
24.810286 0.366533 2.187482 -0.790938 -0.005200 -0.393810 0.468299
-23.070368 6.335596 2.007310 0.823062 0.218734 -0.481165 -0.207857
-19.159392 -9.237053 1.682359 -0.629763 0.377688 -0.169450 -0.657295
-15.507880 -20.541142 1.730439 -0.919664 0.348779 0.166779 0.068968
5.144082 20.757126 1.671853 0.337943 0.932571 0.126376 0.011587
-12.317632 -8.978504 1.658063 0.410309 0.146867 -0.457613 -0.775027
-28.394160 38.371396 1.922709 0.143590 -0.591154 -0.724576 -0.323897
4.317762 -7.478004 1.880378 0.904764 -0.174228 0.035185 -0.387051
-26.919343 -18.026932 1.659752 -0.459052 -0.009083 0.856097 -0.237247
-12.776012 3.932696 1.977974 0.643255 -0.445826 -0.402280 -0.475008
-7.041812 2.180291 1.894826 -0.497904 0.687278 0.484295 -0.212600
-0.018100 25.128429 1.663101 0.730092 0.043625 -0.512170 0.450270
-18.662288 -13.104957 1.640996 0.020054 -0.317008 -0.465945 -0.825832
16.241987 -9.402710 1.658460 0.627592 0.062823 0.450508 0.631842
26.270396 32.940321 1.686465 0.024727 0.000759 0.697621 -0.716040
26.904406 -19.072981 1.681660 -0.418605 0.160900 -0.710474 -0.542318
15.353037 -10.122241 1.646281 0.310679 -0.247191 -0.917717 0.013038
12.213250 26.105488 1.710363 0.325045 -0.319521 0.062390 -0.887896
12.381468 23.994356 1.661161 0.132176 -0.207857 -0.571281 -0.782919
10.334686 -5.549815 1.946285 -0.210785 0.149605 -0.608576 0.750216
14.511096 27.293658 1.798451 0.649744 0.354996 -0.114119 -0.662410
13.869631 -1.489874 1.668612 -0.211252 -0.085023 0.742181 -0.630326
17.421800 14.447715 1.718250 -0.128788 -0.800613 -0.576556 -0.100083
14.221815 9.619573 1.637125 -0.845448 0.291083 0.445622 0.043686
19.519520 4.057634 1.826434 0.775198 0.018004 0.001627 0.631459
-0.634564 -24.767923 1.651792 -0.883451 -0.288147 0.126192 -0.347220
-17.633975 -19.052991 1.955835 -0.043469 0.116943 -0.479265 0.868758
-40.286435 28.491614 1.842394 0.632593 -0.041774 0.601893 -0.485599
-8.761878 6.878477 1.625262 0.502180 -0.286640 0.607778 0.544296
19.691011 -8.209752 1.756088 0.299782 0.300159 0.353381 0.833761
-8.581956 -15.967781 1.707177 -0.827895 0.536092 -0.058194 -0.154301
3.513479 23.053046 1.818341 0.955877 0.250899 0.054723 0.142669
13.618853 -6.411609 1.633652 0.628021 0.357569 -0.238068 -0.648890
-1.572479 -20.789613 1.643599 0.106359 0.428332 0.870256 -0.218798
22.821946 1.566333 1.767484 0.393322 0.712065 0.177642 0.553809
-7.836226 -12.356455 1.808989 0.339530 -0.238713 -0.865597 0.280136
-4.319810 13.758793 1.817176 0.413426 -0.236739 -0.843487 0.248120
-10.078728 -6.383781 1.762280 0.181635 -0.639921 -0.720163 0.197166
-15.680081 -3.440599 1.623995 0.269396 0.568237 -0.705732 -0.326303
-13.406416 -30.659038 2.175601 0.431302 -0.746078 0.294369 -0.413150
18.922369 -3.762110 1.639445 -0.480085 -0.733892 0.371219 0.305152
9.287777 26.455636 1.892373 -0.459666 -0.684305 0.503884 0.257944
-6.995647 -0.772414 1.641263 -0.033422 0.631106 0.670225 0.389086
-11.722074 17.548649 1.666642 -0.396945 0.346316 -0.533761 -0.661513
6.512469 20.116522 1.612381 0.085892 -0.156256 0.961991 0.206834
-14.531468 22.350686 1.621046 0.528095 0.651855 0.278924 0.467336
-3.458431 22.782982 1.641352 -0.408008 0.668219 0.495942 0.375574
21.137983 -8.915041 1.630959 -0.346024 -0.160500 -0.786845 -0.485162
-6.937859 17.230158 1.933211 0.206124 0.163885 0.624286 -0.735474
22.727123 13.315049 1.739612 -0.742193 0.497751 0.003811 -0.448752
16.474682 3.576891 1.648973 -0.081579 -0.401165 0.098655 -0.907016
5.255806 -10.022888 1.625249 0.755515 -0.416724 -0.241695 -0.443984
8.793490 17.325655 1.884272 0.420209 0.799284 -0.425284 0.060859
27.090643 -9.149370 2.193928 0.467721 0.131020 0.873461 0.033718
9.989996 -20.941561 1.683373 0.838489 0.542032 -0.012330 0.054641
7.620373 20.570864 1.637189 0.080454 -0.543926 -0.835113 0.016062
-14.390502 -26.668862 1.720304 0.102050 0.123013 -0.087452 0.983263
7.111359 -14.923190 1.725685 0.030673 -0.675812 0.187272 -0.712226
-32.581031 27.696457 1.746305 -0.561268 -0.753737 0.257576 -0.224752
19.004128 -10.439456 1.619871 -0.081497 0.361776 -0.885783 0.279041
17.410827 28.640074 1.688562 0.144652 0.242123 -0.809091 -0.515581
10.767377 24.258146 1.652595 0.954303 0.293321 -0.032824 -0.046816
5.083642 -27.766888 1.676282 0.456611 -0.629468 -0.104376 -0.619986
4.596446 12.227281 1.780896 -0.895887 -0.430818 0.030512 -0.104171
4.135829 10.132664 1.800253 0.902764 -0.322953 -0.219181 -0.180771
-22.849659 8.628957 1.672672 0.001325 -0.550278 0.317750 0.772158
20.144582 -17.196728 2.326675 -0.336199 0.388570 -0.140524 -0.846308
22.898689 8.423964 2.293274 -0.076021 -0.292459 0.894051 -0.330699
23.899118 13.744975 1.672079 -0.969646 -0.114489 0.069251 -0.204652
-1.017579 20.576806 1.647935 -0.296287 0.075927 -0.779139 0.547167
-2.699944 -20.532946 1.704756 -0.743361 -0.528463 -0.270359 -0.308296
3.628880 -24.970973 1.730157 0.076818 -0.576356 0.060164 -0.811353
-4.788612 -17.176979 1.670298 -0.421408 -0.347449 -0.526700 -0.651369
36.191273 15.245357 1.753975 -0.482922 -0.186792 -0.111269 -0.848242
-14.411366 9.632566 1.664735 0.660730 -0.280033 -0.682940 -0.136417
23.219743 4.990827 1.620228 0.095708 -0.099082 -0.952579 0.271324
21.112451 -12.612543 1.652202 0.845080 0.059374 0.529150 -0.048102
13.175627 22.480709 1.639699 0.198315 0.438893 0.688019 -0.542838
-8.564654 4.449714 1.895318 0.320966 -0.371093 0.544480 -0.680303
-35.886661 16.652572 2.055787 -0.245513 -0.630000 -0.500149 0.540995
-25.549054 26.845922 1.625740 0.036394 0.183811 0.113924 0.975659
19.810201 0.943890 1.972257 -0.214110 0.416364 0.861008 0.198653
13.217700 -18.725722 1.953340 -0.482332 -0.313753 0.758369 -0.306254
-22.402938 10.909400 1.634420 0.302463 0.719960 0.196290 0.592996
-21.987195 26.563690 2.091208 0.301678 0.186368 0.528070 0.771621
29.175612 -18.871580 1.637009 -0.611718 -0.460349 -0.497866 -0.407443
-23.698632 -19.928582 1.752752 -0.482062 0.684359 -0.403532 0.369366
2.998803 -18.419201 1.925961 -0.890137 -0.264228 -0.369591 -0.035244
-3.985299 1.257675 1.638200 -0.430851 0.593434 0.139934 -0.665299
-12.152864 2.060464 1.728886 -0.392194 -0.557467 -0.596960 -0.423147
-23.162323 -6.758898 1.911606 0.440980 -0.184612 0.831382 -0.283300
9.152642 -29.237363 1.655082 0.321654 -0.309705 -0.023092 0.894477
1.669463 -5.000762 1.711990 -0.004833 0.201226 -0.103111 -0.974091
17.246080 -3.789497 1.842977 -0.945819 -0.120028 0.127505 -0.273428
-3.631231 3.513616 1.626965 0.384429 -0.009949 0.601796 0.699969
-0.182597 -24.082127 2.348569 -0.748469 -0.085174 0.366404 -0.546157
-5.421030 18.730765 1.635520 0.382442 0.706142 0.218912 -0.554237
-17.786775 11.128460 1.707729 -0.836981 0.109237 -0.394773 -0.362884
31.568367 6.276337 1.707156 0.425553 -0.571775 -0.698706 -0.061547
-21.349970 8.888298 1.626741 0.387969 0.283507 0.544055 -0.687828
28.107940 16.192623 1.789897 0.240628 -0.149432 -0.542341 -0.790971
-18.942961 -2.181245 1.633923 0.527993 -0.096338 -0.841061 0.067525
-11.754100 13.651914 1.632879 0.148673 -0.277755 -0.390281 -0.865118
-26.537876 28.986154 1.647024 0.278484 -0.300303 0.317729 0.855168
10.931688 16.590642 1.967132 -0.803666 -0.043764 0.072525 -0.589021
4.916181 2.414126 1.931254 -0.580259 -0.127625 -0.480748 0.644897
-10.954588 -4.429480 1.751973 -0.065948 0.579968 -0.794119 0.169301
16.625350 -8.464389 1.696581 0.184438 0.271386 0.886675 0.325790
8.740850 19.540060 1.819458 -0.493507 -0.274689 -0.487543 -0.665806
10.045069 -15.303077 1.689172 0.014165 -0.234307 -0.761144 -0.604616
-16.417748 20.501999 1.689953 -0.270641 0.559033 0.714733 0.321546
-14.877528 14.241834 1.932073 0.322365 -0.346282 0.468336 -0.746211
-32.731280 25.607961 1.676058 0.752356 0.144977 -0.216191 -0.605148
8.050247 6.396149 1.888378 -0.724390 -0.038525 -0.685456 -0.062648
-3.948272 -20.522306 1.676634 0.243359 -0.667967 -0.165177 0.683603
-5.390173 9.583409 1.771601 -0.372676 -0.398133 -0.739940 -0.393815
-8.026259 -0.972848 1.901904 0.526638 -0.247479 0.602342 0.546434
16.393736 -17.682787 1.684898 0.270941 0.519662 0.518670 0.622515
-10.606546 -7.974891 1.750485 -0.526433 -0.226458 -0.817838 -0.052214
3.821835 24.215560 1.657410 0.578913 -0.202525 -0.628676 -0.478132
11.636860 24.955130 2.037051 0.814906 0.330032 -0.147609 0.453010
-6.116933 1.010672 1.654194 -0.542063 -0.280695 -0.659900 0.438075
20.675567 -28.472415 1.771837 0.020765 0.026580 0.995113 0.092805
-0.918892 -26.577270 1.752536 -0.068842 0.233306 0.969855 0.014478
-1.002670 1.546666 1.921895 0.022705 -0.705967 -0.326796 -0.627932
-3.145657 -13.065321 1.701718 0.444111 -0.355431 0.732352 -0.374291
-29.902827 3.392342 1.925598 0.336646 -0.308769 0.883842 0.100770
-13.383485 14.289818 1.680359 0.099657 0.767248 -0.564544 0.287557
-6.884812 18.253583 1.693588 0.496714 0.297708 -0.757084 0.302438
-12.440523 -16.135358 1.790110 -0.175409 -0.105516 0.978548 0.023274
24.219046 5.290413 1.764541 -0.209395 -0.098535 -0.059363 0.971041
19.074755 -44.196098 1.734591 -0.596284 -0.272460 -0.492237 -0.572638
-11.281789 5.279243 1.687000 -0.414238 -0.593546 -0.323983 0.609216
-30.063284 -22.076745 1.661272 0.654087 -0.756148 -0.019688 0.004687
-5.145735 -11.857382 1.622396 0.651314 -0.573662 0.022829 0.496167
3.539147 -2.170613 2.002924 -0.606159 0.181829 -0.752862 -0.180854
25.920907 -17.139798 1.743653 -0.877298 -0.040290 -0.355212 -0.320234
14.971511 -16.796505 1.872741 0.432245 -0.836131 -0.297441 -0.159932
-37.441870 -16.184047 1.883614 -0.447846 -0.049838 0.662180 0.598722
-29.766186 -25.869769 1.656766 0.310599 0.296241 0.532398 0.729604
26.270448 4.385530 1.628035 -0.345303 -0.806211 -0.144005 -0.458314
-7.088533 23.040945 1.911887 0.667900 -0.661591 0.339169 -0.034229
9.200161 2.272794 1.675887 0.660541 -0.051683 -0.389807 -0.639582
-9.627599 11.793037 1.630227 0.474554 -0.814016 -0.297887 -0.153100
-16.702423 -23.714140 1.652777 0.336883 -0.761540 0.308586 0.459718
-14.441188 4.880245 1.762190 -0.070276 -0.407211 0.136349 -0.900361
26.726357 11.908127 1.662537 -0.787831 0.316310 0.196539 -0.490554
2.471922 0.907004 1.642253 -0.259479 0.176083 -0.589980 0.744035
16.980332 29.592514 1.667828 -0.273978 0.542200 0.653506 -0.451536
-10.548567 -18.686030 1.858519 0.580813 -0.690464 0.328633 0.279134
2.737717 5.953531 1.845289 -0.408937 0.438288 -0.787288 -0.144401
2.879727 -12.140136 1.869115 0.168150 -0.594940 0.717760 0.320302
-5.281688 17.444886 1.676188 0.389622 -0.707015 0.547172 0.221196
11.061994 0.143174 1.735399 0.528506 0.408213 -0.392490 0.632452
3.533722 34.075885 1.695252 0.515786 0.135627 -0.797590 0.281815
-11.499219 16.192573 1.658894 -0.041076 0.218463 -0.593184 -0.773770
0.485474 -4.148310 1.686722 -0.011314 -0.690116 0.454028 0.563445
-3.695940 6.533264 1.936543 0.135376 0.785596 -0.345612 -0.495040
-10.428641 28.485647 1.874930 0.329386 -0.783154 0.372048 -0.373839
-2.264055 -7.075099 1.636042 -0.348525 0.890207 0.230278 0.181751
-31.114072 10.027399 1.641138 -0.908563 0.089480 0.404139 -0.056378
-4.433015 25.817339 2.026324 -0.105688 -0.074801 0.980653 -0.146816
1.463257 32.261839 1.748755 -0.367896 0.729646 0.537927 -0.207133
-9.778744 22.134181 1.879048 0.735801 -0.470831 0.418410 0.248692
-13.084568 8.152014 1.847391 0.108684 0.296366 0.892053 0.323413
29.190952 0.142376 1.740681 0.356926 -0.825134 0.415017 -0.139707
14.130103 -11.779436 1.689776 0.235489 0.756358 -0.166405 -0.587177
11.118122 26.746298 1.938153 0.361564 -0.209506 -0.248002 -0.873999
-23.768075 -17.616320 1.909025 0.906716 -0.080636 0.401557 0.100581
-12.011230 -10.165582 1.698995 -0.305051 -0.855520 0.369750 -0.195743
19.036286 -16.859737 1.679491 0.581020 0.441893 0.655123 -0.194834
-13.192027 22.758488 1.623229 -0.185746 -0.640931 -0.655078 -0.354370
-10.127566 25.442641 1.633143 -0.554662 -0.125997 -0.526453 -0.631919
-24.586618 5.247280 2.271019 0.311661 -0.830452 0.380579 0.261489
15.949805 18.364806 1.997259 -0.476122 -0.363268 0.796582 -0.082472
-7.379361 20.738104 1.941872 -0.720523 0.303506 -0.075012 0.618953
1.788526 9.960654 1.616723 -0.114552 -0.026540 -0.971060 0.207884
-22.793965 -14.999214 1.647457 0.055551 -0.478704 0.587251 0.650302
-23.196896 -11.064813 2.301662 -0.225443 0.898428 -0.304811 -0.221569
3.738458 0.998127 1.633764 0.470142 -0.758199 -0.129118 -0.432931
-11.195785 -26.456263 1.772402 0.638608 -0.140749 0.569998 0.497466
23.237341 32.872653 1.720270 0.696912 -0.333965 0.505464 0.383780
-18.764797 -3.236796 1.622237 -0.096086 0.352966 0.882720 0.294937
-18.634093 17.238042 1.730567 0.994024 -0.049692 0.021170 -0.094866
-7.682482 -13.376928 1.753411 0.440378 -0.370235 0.807301 -0.131374
-32.008505 20.135831 1.700594 -0.096926 0.322388 -0.877701 0.341046
31.043339 7.420414 1.616453 -0.444358 0.018464 0.405920 -0.798395
11.091606 20.078223 2.180188 -0.337068 0.626677 0.392043 0.583064
18.780602 3.007809 1.932164 -0.759554 0.464068 0.406378 0.206338
20.605493 -4.768034 1.805370 0.595938 0.354218 0.263654 0.670726
8.195418 -14.302659 1.683283 0.130742 -0.984082 -0.117455 -0.026348
1.396181 -3.611417 1.664399 -0.220826 0.471873 0.109588 0.846500
0.682235 -31.831222 2.091267 0.592998 -0.410067 0.671689 -0.170387
-10.757750 -39.102203 1.657387 0.236357 -0.944575 0.208188 0.092578
22.266369 -15.313197 1.753043 0.299426 -0.215029 0.666073 0.648424
-29.123677 26.143068 1.683541 0.191151 -0.038703 0.319918 0.927155
-0.229826 12.180246 1.728474 -0.603918 0.294120 -0.310423 -0.672617
-12.334227 -21.861658 1.726596 -0.117698 0.610231 -0.065534 -0.780686
9.285318 11.967578 1.622318 -0.143691 -0.123013 -0.539528 0.820445
-21.069172 -10.395402 1.651948 -0.041804 -0.703038 -0.325193 -0.631062
-0.309628 14.839637 1.809830 -0.326736 -0.324536 -0.319544 0.828137
-7.933609 -19.183108 1.760929 0.626735 0.540554 -0.042958 0.559606
-16.470704 7.307648 1.736079 -0.027059 -0.504994 0.782051 0.364204
-6.988310 -11.290428 1.821892 -0.282554 0.936940 0.077332 -0.190593
-16.669548 29.225331 1.702757 -0.882370 -0.426492 0.188959 -0.061825
21.231458 -16.177135 1.885754 -0.529379 0.782771 -0.136820 0.297167
0.344550 5.954120 1.684249 -0.487703 -0.158290 -0.705096 -0.489825
3.839907 -6.457477 1.630391 0.905697 0.045682 -0.357668 0.222934
14.719180 7.294357 1.711788 0.043748 0.553439 -0.609437 -0.566019
-6.158924 8.528951 1.621648 0.336021 0.015616 -0.683856 -0.647446
2.711964 17.721112 1.631540 -0.278968 0.835949 -0.274106 -0.385008
15.903745 4.856945 1.677161 -0.430429 -0.385134 0.170276 -0.798379
-6.454751 16.239738 1.611584 -0.928172 0.318930 0.112238 -0.155508
-17.942418 -15.188456 1.931107 0.640101 0.372234 -0.489062 0.461010
-25.073901 16.636632 1.820276 -0.254100 0.729098 0.208080 -0.600460
-38.941589 -8.700145 1.876827 -0.905717 -0.315731 0.173573 0.223300
-29.895337 -10.432701 1.750019 0.049828 0.419372 0.743669 0.518267
19.586946 31.787594 1.895656 -0.392236 -0.427931 -0.197330 -0.789991
-28.770403 -9.653622 2.031810 -0.445612 0.492475 0.199256 0.720552
14.580489 13.213348 1.742133 0.589710 0.612214 0.293185 -0.437584
-6.420454 -22.787068 1.736161 -0.352032 0.906992 0.199040 -0.117565
-7.959179 3.024839 1.897787 0.380052 -0.426993 -0.584959 0.575378
17.623962 -8.627242 1.809950 -0.108816 -0.136033 0.869339 0.462498
-14.880621 6.057451 1.640553 0.479737 0.765144 -0.006977 0.429369
1.809289 -21.231501 1.744037 0.809222 -0.153728 -0.538050 -0.178966
11.547644 22.983140 1.635524 0.099464 -0.745283 -0.585667 0.302745
-19.074961 -17.954367 1.641769 0.686667 -0.161694 0.418121 -0.572292
-14.133424 -2.162686 1.699786 -0.226183 -0.518190 0.094313 0.819405
-0.628607 -19.177672 1.718184 0.878177 -0.137919 -0.443171 -0.115679
-16.431655 14.583125 1.847888 0.564112 0.209261 0.655193 -0.456847
-9.993927 -3.426528 1.918376 -0.591487 -0.052155 -0.787236 0.166379
23.905523 -2.064227 1.633697 -0.817540 -0.267085 -0.441053 0.256450
12.545454 15.702577 1.634459 -0.829003 0.196576 -0.511037 -0.113815
1.221054 -17.546545 1.792039 0.861832 0.356909 0.295749 0.205900
22.151021 -17.792336 1.636208 -0.617577 -0.521631 -0.032554 -0.587741
-2.316137 22.071428 1.623201 0.529237 0.362916 -0.251064 0.724684
-7.281936 -1.961042 1.864082 -0.317713 0.655514 -0.358463 0.583835
6.668636 -20.647999 1.672877 0.755005 0.295157 -0.577051 0.099310
-11.076522 -6.831593 1.939559 0.618966 -0.184664 0.624581 -0.438953
5.103584 11.046660 1.805203 -0.254136 0.336571 0.457295 -0.782953
13.792269 19.225535 1.622551 -0.700254 -0.413042 0.324140 0.483709
7.167414 15.527060 1.659811 -0.358767 0.374243 0.844077 -0.136977
16.925490 34.352505 1.858644 0.212670 -0.679119 0.701753 -0.033336
29.745182 5.163104 1.899414 -0.136599 -0.976268 0.101355 -0.134048
32.348104 -25.335021 1.648493 -0.608510 0.182301 0.054796 -0.770376
5.875410 11.987260 1.619731 0.726901 -0.402394 0.511764 0.218614
-24.474290 27.843202 1.804483 0.000524 -0.384986 0.896972 0.217318
-21.904439 -1.203962 1.663865 -0.381639 -0.826392 0.299413 0.285973
-24.666535 7.735916 1.622251 -0.045202 -0.826127 -0.265233 0.495099
-17.691974 -31.215976 2.013770 -0.071496 -0.262046 -0.027305 0.962016
-39.638514 18.699363 1.749795 0.516137 0.724118 0.215550 0.403477
-9.358986 3.256936 1.762102 0.894982 0.319563 0.124618 0.285231
-21.583214 14.021222 1.755838 -0.118840 0.444263 0.124466 0.879213
-1.340949 9.838258 1.803641 0.497955 0.626606 0.599504 0.000320
17.786287 -1.838644 1.724181 0.740659 -0.097186 -0.448080 -0.491124
-6.769957 -26.602981 1.797837 0.287535 -0.150487 0.289218 0.900572
21.453399 12.011690 1.642186 0.704363 -0.583326 -0.229478 0.333082
-17.312192 6.502459 1.824216 -0.224733 -0.485428 -0.516521 -0.668626
0.366457 -15.557386 1.793519 -0.041672 -0.088853 0.933016 0.346192
-8.890153 -31.003855 1.642516 -0.890449 -0.260134 -0.324512 0.184725
-3.810492 -16.251639 1.630177 -0.733640 0.369379 0.555992 -0.127296
-14.217886 -19.619888 1.642570 0.308692 0.310771 -0.898802 -0.016929
-14.700076 -13.646356 1.882556 0.272464 0.799504 0.530393 0.072392
-16.097059 -18.831207 1.817468 -0.477427 0.135498 -0.391170 -0.775042
-4.198445 -26.733103 1.616132 -0.796343 -0.375128 -0.035193 0.473158
0.793148 -0.918743 1.860784 -0.487859 0.350516 -0.683205 0.415167
6.878205 -4.023086 1.629203 0.228616 0.668861 -0.671383 0.222720
-5.144800 6.576670 1.626944 0.172894 0.006821 0.858865 0.482091
-22.399806 -27.898397 1.820316 -0.234218 -0.535925 0.722023 0.369605
14.719164 -2.219968 1.782913 0.000446 -0.952307 -0.202929 0.227886
18.294532 23.110825 1.768209 0.071444 -0.661957 -0.311386 -0.678046
-8.107566 -9.326142 1.795977 -0.133486 0.149491 -0.971671 -0.125259
10.390609 -19.991444 1.801994 -0.080980 0.255680 0.774942 -0.572306
14.098033 15.472659 1.756489 -0.246952 -0.888319 -0.386383 -0.024741
3.655460 -19.598249 1.645245 -0.020855 -0.629713 0.725874 -0.275925
-15.271774 8.251825 1.622962 -0.161048 -0.072154 0.820697 -0.543428
-32.704092 -29.342421 1.631571 0.514981 0.464486 -0.271167 -0.667469
-18.893905 0.539850 1.687028 0.788563 0.188516 -0.446747 -0.378216
13.005699 9.907756 1.771324 0.879714 -0.409734 0.235514 0.052472
13.704755 -23.060220 1.614840 0.266403 0.220126 0.916097 -0.203324
-8.128142 -5.580324 1.672505 -0.115032 -0.917195 -0.329641 -0.191982
-19.572765 13.141038 1.655814 0.408711 0.588547 0.662814 -0.217358
4.936233 0.988930 1.807213 0.469018 0.053381 -0.102087 -0.875643
-20.827322 17.963133 1.676399 -0.518863 -0.617472 -0.390847 -0.443564
-16.942168 -5.294348 1.695701 -0.175269 0.692270 0.451765 0.534745
2.240799 14.823137 1.735057 0.671434 0.280462 0.314850 0.609415
-10.111981 -1.971278 1.871461 0.264596 -0.659079 0.212746 -0.671076
-16.759488 -20.819396 1.707763 0.010738 0.201148 -0.976441 -0.077375
4.202181 -10.814694 1.640630 -0.678574 0.168701 -0.277821 -0.658705
-39.352663 7.230665 2.003161 0.306927 -0.879912 0.053918 0.358668
-17.335653 9.802191 1.842209 0.699500 0.110236 -0.574176 0.410937
-1.731018 -25.323958 1.738854 -0.693700 0.438129 0.570905 -0.029853
19.701424 -0.783233 2.134963 -0.568733 0.081912 -0.495580 0.651333
6.475442 31.512963 1.704792 -0.073053 -0.120475 -0.913957 -0.380569
17.058982 -15.628040 1.765336 -0.171784 0.858456 0.465793 -0.128764
20.023779 24.043152 1.759935 0.512447 -0.470543 0.246782 0.674601
-20.592132 -15.124488 1.764793 -0.099474 -0.873300 -0.475960 -0.030226
15.511110 -4.122429 1.670680 0.050191 -0.824424 0.493281 0.272912
3.021235 8.083258 1.629903 0.516902 -0.803934 -0.172289 -0.238367
11.108484 11.126833 1.654026 -0.126364 -0.616548 -0.458190 0.627665
1.878951 -28.241133 1.636950 -0.965058 0.181778 0.187322 0.023010
8.126467 -8.563853 1.911674 0.028118 -0.093478 0.221350 -0.970296
1.854019 12.931480 1.691579 -0.549814 0.586225 -0.460901 0.376318
25.091261 4.096127 1.631336 -0.324495 0.849869 0.305386 -0.281361
15.093547 12.132011 1.683973 -0.635594 -0.623088 0.285834 -0.355078
11.445605 -14.855641 1.710457 -0.649679 -0.283371 0.508463 0.488962
-14.213627 27.503546 1.667402 0.558754 0.160559 0.403990 -0.706262
24.127417 -8.119690 1.998999 0.009246 0.738947 -0.526374 0.420478
5.567403 -11.562143 2.077727 -0.107706 -0.539473 0.777241 -0.305393
5.611987 -28.800979 2.010307 0.097858 -0.878563 -0.417808 -0.209730
32.481954 -0.841090 1.655216 -0.061647 0.143443 0.741272 0.652794
12.004842 11.825236 1.803167 -0.765893 -0.138068 -0.543141 0.315188
34.852626 -16.656694 1.656095 0.325601 0.327835 0.406567 0.788170
33.195674 21.247484 1.710074 -0.654734 0.079316 0.195201 -0.725898
-24.943349 8.717205 1.750850 0.868758 -0.444029 0.115080 0.186692
-22.937412 20.492925 2.329811 -0.540602 0.360212 -0.705240 -0.283959
14.204967 -21.764864 1.773954 -0.420555 0.449064 -0.693327 0.375197
0.404441 -1.924138 1.668001 0.308435 -0.132873 -0.768965 -0.543972
4.849745 -16.893299 1.773013 0.216061 0.756691 -0.564054 0.250158
14.268156 -10.481865 1.629580 0.770900 -0.507263 0.022676 0.384557
-3.820061 -4.610815 1.718373 -0.209922 -0.940433 0.242158 0.113484
14.055258 -15.267353 1.622652 0.272702 -0.266650 -0.918045 -0.108283
-0.606070 0.626638 1.720212 -0.359666 -0.889196 -0.268676 -0.088231
-32.593359 -13.702115 1.725966 -0.077831 -0.142529 0.948772 -0.271034
2.053156 -16.168310 1.866329 -0.119472 0.425600 0.655705 0.612080
20.533411 26.063178 1.774871 -0.296428 0.452968 0.486215 0.685963
10.070720 -25.560607 1.646653 0.023140 0.959792 0.267516 0.081849
17.520882 -7.411331 1.658883 0.169222 -0.841125 -0.134130 0.495865
1.906731 3.601955 1.990132 -0.383916 0.844702 0.322853 -0.186689
-5.446332 3.546461 1.656540 0.497484 -0.133395 0.847622 0.127486
15.151665 28.799940 1.806522 0.042174 -0.319061 0.208120 -0.923638
9.363043 -9.500603 1.641216 -0.361434 0.861514 0.311472 0.173623
4.514578 -5.421149 1.632062 -0.419656 -0.022867 -0.778526 -0.466115
14.214305 -3.169183 1.631196 0.335652 -0.179436 0.284770 -0.879799
13.503463 3.414789 1.674867 -0.269400 0.221424 0.409175 -0.843191
-8.373351 -14.495312 1.663158 -0.163759 0.268849 0.935350 -0.161318
-21.966308 -8.550782 1.941756 -0.083469 0.210001 -0.073442 0.971359
26.491539 10.789929 1.677956 -0.099533 0.340202 0.487435 -0.797974
14.792323 1.974900 1.663867 -0.656239 0.621432 -0.365465 0.222729
-16.235956 -9.950576 1.665405 0.291520 0.616835 -0.510079 -0.523784
-22.965627 28.112626 1.620975 -0.360461 -0.674165 0.643727 -0.034418
-9.714095 -13.805931 1.663181 0.259004 0.128088 -0.814612 -0.502909
-23.271320 -5.636521 1.670543 -0.199241 0.195846 -0.109710 -0.953893
-8.674135 -7.780273 1.707419 0.433293 0.826606 -0.178477 -0.311650
-1.856232 -8.377314 1.832054 0.113194 0.700516 0.379497 -0.593672
10.270277 -3.811738 1.755989 0.020977 -0.143555 0.811341 -0.566284
2.450182 9.068410 1.624401 -0.458866 -0.105219 -0.579513 0.665234
-12.234787 22.376991 1.623530 0.177681 0.975079 0.004757 -0.132770
2.312234 -25.998493 1.663835 0.084648 -0.858369 0.478099 -0.165705
-11.547661 23.565363 1.768187 -0.071798 -0.325185 0.939177 -0.083938
-40.873327 -18.813834 1.655550 0.061459 -0.862773 -0.062344 0.497954
-17.823612 14.373462 1.631280 -0.546503 0.191843 0.809448 -0.096559
-12.182729 11.300776 1.744517 0.708369 0.188187 0.614701 0.291447
-10.466725 -0.768942 1.908386 0.825596 0.151101 -0.502164 0.208304
4.393744 -0.087071 1.650877 0.910550 -0.061128 0.073431 0.402207
-27.883274 10.289564 1.625847 0.016278 -0.380111 -0.827977 0.411952
15.670769 6.593738 1.673866 -0.401807 -0.722258 0.359388 0.433284
2.866139 4.577951 1.863336 0.707952 0.215046 -0.672542 -0.015700
32.143071 4.049162 1.742826 0.227800 0.958625 -0.077328 0.152201
-2.475290 23.101795 1.831557 -0.144468 0.868464 -0.446906 0.158664
-7.942871 1.675903 1.871472 0.353125 -0.344543 0.461549 0.737269
23.592878 -0.989600 1.716807 0.006786 -0.313827 0.466976 -0.826680
19.479329 22.086614 1.616081 0.073227 0.956317 0.245779 0.140311
-3.426501 -8.667050 1.631757 0.110314 -0.831168 -0.530691 -0.123924
4.241381 -1.221833 1.629927 -0.188009 0.641592 0.723485 -0.171991
1.421884 13.898476 1.664120 -0.318550 0.230059 -0.296240 0.870540
-15.948986 -11.554324 1.847596 -0.063688 -0.749983 -0.006723 0.658350
9.270924 -19.000013 1.738727 -0.721602 0.195727 0.517911 -0.415631
-24.674764 13.824398 1.641029 0.512891 0.166055 0.581319 -0.609457
-18.046940 1.702921 1.650480 -0.290890 0.927893 0.196928 0.124964
22.429132 -6.882200 1.619629 -0.415805 0.180113 0.207608 0.866928
-5.439642 -25.223621 1.952193 -0.526484 0.252055 -0.679831 0.443974
-22.751837 -2.810003 1.727267 0.197045 0.279463 -0.096153 0.934788
-9.382361 15.470411 1.802575 0.050850 -0.251575 -0.009845 -0.966451
17.154814 -27.060345 1.650064 0.202095 -0.098933 0.925755 0.303889
-10.711687 -10.486109 1.632113 0.548161 0.530257 0.339257 -0.550683
-20.129715 8.661879 1.672578 -0.259101 0.248414 -0.574244 -0.735799
19.599254 -24.313793 1.711440 -0.423984 -0.103895 0.798498 -0.414542
11.511402 -20.952891 1.646121 0.728774 0.467373 -0.033260 0.499345
0.307718 20.269383 1.632860 -0.528230 -0.786957 0.299269 0.110046
15.110514 -12.924851 1.776118 0.501724 -0.594686 0.573669 0.255980
-5.389367 1.988352 1.631655 0.033486 0.046068 -0.260981 0.963663
-2.615358 -2.483720 1.619109 0.357873 0.344052 -0.173302 0.850601
17.740803 6.715576 1.692631 -0.071823 0.096746 -0.247544 0.961355
6.493392 -16.335748 1.666848 -0.373890 0.852189 0.168639 0.324870
-3.576861 15.328348 2.260682 -0.412415 -0.197840 -0.640035 0.617356
2.018459 -23.700830 1.617564 -0.419607 0.119659 -0.534303 -0.723970
17.637174 -5.365572 1.683578 0.658814 -0.353495 0.427118 0.508503
10.612962 21.623472 2.218902 -0.165638 0.691046 0.009912 0.703506
8.732560 -5.014643 1.750796 0.959660 0.111237 0.183378 0.181799
-14.468446 1.614734 2.752392 -0.252332 -0.592502 0.746155 0.168889
-20.455112 -12.545090 1.772644 0.329205 0.392705 -0.588299 -0.625549
-9.754726 -8.887664 1.926655 -0.578298 0.522816 -0.495570 0.382942
-2.086166 4.086135 1.729880 0.431921 -0.347056 0.120641 0.823676
-10.140929 -24.467887 1.667027 0.807948 0.554802 -0.160791 0.116452
23.271171 -23.699388 1.761483 -0.406936 0.066113 -0.197452 -0.889407
-7.069390 14.009304 1.637450 0.320229 -0.434083 0.463068 -0.703273
10.952606 -16.202627 1.636581 -0.751408 0.654435 0.000457 0.084268
-15.546547 12.119221 1.783702 0.842152 0.055231 0.291482 0.450297
-12.165544 19.963428 1.914724 0.642877 0.140020 0.296754 0.692128
-0.263153 -16.756326 2.000927 0.139206 -0.482683 -0.584359 -0.637310
-12.309401 25.929231 1.847066 -0.376982 0.910798 0.168034 -0.009785
-16.824243 4.721297 1.656950 -0.733748 -0.025203 0.538484 -0.413539
13.319974 -2.532106 1.645072 -0.542752 -0.558684 0.496542 0.383065
-2.800155 16.042557 1.680128 -0.642176 -0.427162 0.586415 -0.247506
1.570360 -9.052777 1.629998 0.711398 0.701383 -0.025620 0.036315
14.198771 0.954253 1.664301 0.030385 0.387222 0.049724 -0.920143
-5.647956 -28.149655 1.635117 -0.436591 0.235998 0.009427 -0.868104
2.766977 -2.939419 1.753032 -0.647284 -0.368032 -0.484907 0.458739
-35.135450 1.677635 1.960021 -0.158910 -0.246600 -0.937565 -0.186835
16.755985 -11.094281 1.743578 -0.769606 0.299024 -0.244666 -0.508360
17.814316 11.805838 1.620767 0.111138 -0.418658 0.209365 0.876664
12.487955 14.394988 1.660452 0.344013 0.874873 0.015507 -0.340604
2.971743 -8.971518 1.755092 0.059892 0.436557 0.523466 -0.729256
-13.342087 1.984221 1.652039 0.176202 -0.771355 0.558552 -0.248967
22.550843 -22.855416 2.082775 -0.621568 0.345593 0.606410 0.355648
-27.998139 -35.887708 1.786108 0.626699 -0.066364 0.679617 0.375453
3.456144 9.192143 1.903616 -0.193288 0.507381 -0.401449 -0.737593
29.362004 16.944375 2.054145 0.491150 0.487744 0.345650 -0.633564
-1.494850 12.933613 1.766405 0.355034 0.026328 0.255767 -0.898800
12.024990 9.633222 1.999174 0.454543 0.125830 -0.298077 0.829884
-11.036471 -21.875994 1.788445 -0.737634 0.243686 -0.629673 0.004985
1.052483 -12.150616 1.699465 -0.056708 0.834540 -0.287588 -0.466498
-14.230662 7.505296 1.659080 0.874492 -0.167359 0.255653 0.376691
0.258219 -7.505138 1.768051 -0.524015 0.738274 -0.083057 0.416487
7.145361 -33.544140 1.677582 0.686156 0.638726 -0.044850 0.345264
-9.904203 5.804962 1.697874 0.198331 0.677765 -0.513056 0.487927
-3.520152 -25.969167 1.823077 -0.727502 -0.457138 0.315689 -0.402625
-1.398512 10.985504 1.642139 0.650226 -0.148900 0.357784 0.653472
-15.851363 -25.266126 1.650205 -0.803720 0.183223 -0.104142 0.556434
9.076923 16.033124 1.643550 -0.837801 -0.333868 0.073379 -0.425720
-25.158831 28.816585 1.679427 0.197830 -0.816096 -0.492037 0.229675
18.998004 18.301389 1.647805 -0.799227 0.332771 -0.500190 0.017585
1.915921 -12.865286 2.067250 0.620918 -0.108739 0.102454 0.769506
16.109896 -2.003063 1.967049 -0.358021 0.251891 -0.421636 0.794100
-0.132508 17.178422 1.846598 -0.716830 -0.682227 -0.134687 -0.050794
-28.104293 -25.154439 1.627745 -0.196518 -0.366787 0.901178 0.121356
7.800592 -2.771517 1.703771 0.555583 0.552963 0.121625 0.608906
-16.436067 11.563208 1.723448 -0.061246 -0.173631 -0.188794 0.964603
-3.232702 -6.540613 2.003894 -0.121109 -0.834841 0.190937 -0.501913
20.490985 17.173241 1.685727 -0.369974 0.530606 0.235944 -0.725194
4.700948 5.524874 1.942467 -0.632384 -0.499705 0.279500 0.521790
9.211703 -7.950234 1.713057 -0.797582 0.279415 -0.463091 0.267090
0.023658 -11.021243 1.625960 0.924191 -0.230438 -0.191336 0.236981
20.772265 -23.730116 1.640708 -0.632492 -0.269875 0.692381 -0.218474
12.142823 20.730933 1.707118 0.118550 0.973072 0.096868 0.172317
-7.324927 -24.805273 1.683865 -0.272255 -0.891926 -0.211727 0.292432
7.000310 16.569676 1.640236 -0.066113 -0.799115 0.380169 0.460994
9.199661 14.375315 1.872720 -0.164501 -0.425333 -0.283521 0.843591
-20.179186 -20.708463 1.840619 0.846690 0.450159 0.137595 0.248075
23.580937 11.400766 1.788704 0.634985 0.565191 -0.031948 -0.525674
-7.618550 10.723487 1.684560 0.723004 0.370389 0.577358 0.082062
-6.395896 10.544058 1.646103 -0.414673 0.118263 -0.474015 0.767704
-14.394784 11.448343 1.873677 -0.954976 -0.229996 -0.086105 0.166462
-10.173425 30.578543 1.664462 0.106187 -0.366824 0.493753 -0.781263
3.709661 -20.710380 2.365360 0.412443 -0.719412 0.554532 -0.069508
27.186182 -1.118167 1.763130 -0.594542 -0.095692 -0.796209 -0.058427
-34.684614 -5.951404 1.625339 0.755157 0.353119 0.539148 0.119850
11.977498 -13.421887 1.755933 0.615846 0.727097 0.295175 -0.070249
-9.421111 -0.733024 1.628345 0.275961 0.804595 -0.288428 0.439638
8.342030 3.400671 1.888177 0.844755 0.152230 0.420172 -0.294398
7.626845 -19.764574 1.676897 -0.212137 -0.449843 0.852206 0.162432
-3.661362 32.051740 1.684732 -0.687192 -0.689798 -0.012370 -0.227581
-10.165195 18.482755 1.793507 0.141190 -0.126423 -0.924743 -0.330050
16.338794 -19.480652 1.818792 0.597797 0.774923 0.204587 -0.016650
25.850216 12.674312 1.893734 -0.184357 0.475460 -0.843732 -0.167529
-15.084954 -6.796787 1.614579 0.168830 0.654366 -0.661823 -0.324488
10.139295 33.375728 1.653039 -0.649406 -0.182426 0.735900 0.058676
-15.268421 -22.707277 1.637033 0.379851 0.714800 0.035669 0.586091
-20.613950 10.890793 1.625902 -0.735806 -0.364327 0.555825 -0.130052
-27.093326 26.617026 1.665168 0.507868 0.524466 -0.683240 0.013726
-0.554383 39.119021 1.898493 0.820902 -0.454012 0.228498 -0.260350
-0.965602 17.766485 1.613971 0.426748 0.387232 -0.089355 0.812375
13.701471 17.209784 1.696143 -0.298411 0.588071 0.039681 -0.750699
9.973640 17.940294 1.620150 0.227817 0.266677 0.199725 0.914928
-17.385194 0.513509 1.692006 0.419712 0.219610 -0.837136 -0.273527
-18.639717 -19.329746 1.646550 0.080511 -0.336778 -0.931534 -0.111103
-20.495905 -26.004058 1.907350 0.033760 0.616970 0.105818 0.779109
9.163337 -10.534868 1.696901 0.528955 0.110467 0.152039 0.827579
-18.815860 13.923001 1.768235 0.140113 -0.412635 0.725265 -0.533002
-7.516071 19.696806 1.666238 -0.464362 0.425719 0.214582 0.746382
12.908887 8.475678 1.636286 0.368631 -0.477727 0.052260 -0.795712
2.175663 18.813701 1.627555 -0.152445 0.672592 0.025979 0.723675
23.796773 8.642135 1.696522 -0.641834 -0.701278 -0.308841 0.029587
22.189159 -14.191593 2.042552 0.166743 0.650433 0.146717 -0.726366
26.134343 -26.829611 1.957764 0.741202 0.342052 -0.049217 0.575498
-3.983308 -2.688044 2.060081 0.781849 0.364929 -0.240656 -0.444549
-22.055945 2.549720 1.680782 -0.357348 0.401936 -0.516594 0.666244
-20.288656 14.552846 1.623514 -0.074214 0.822653 -0.555146 0.097710
-3.350034 -23.209610 1.711784 0.589632 0.442526 0.050145 -0.673788
-13.843895 -17.006721 1.745757 0.466217 0.262392 0.842734 0.059934
-6.306239 -31.597717 1.686506 -0.386630 -0.205171 0.706342 0.556329
0.799719 11.828311 1.645867 0.159319 0.860809 0.062429 -0.479299
-10.585873 1.174190 1.716580 -0.334197 -0.402642 -0.607010 0.598106
4.630537 30.013369 1.616191 0.269635 0.800933 0.448270 -0.291303
6.352463 14.089930 1.628364 0.813580 -0.407237 -0.367286 -0.193251
19.307303 12.845536 1.783927 -0.066956 0.725102 0.557129 0.399187
-9.247758 23.392643 1.787449 -0.447789 0.797355 -0.404408 0.012774
16.752416 12.033460 1.635281 -0.081441 -0.264894 0.339764 -0.898754
-25.756953 19.226724 1.660203 -0.772250 0.008964 0.537376 0.338787
-20.117479 23.110878 1.713926 0.199089 0.175640 -0.238786 0.934075
21.657044 -2.785387 1.785257 -0.465473 0.555257 0.016168 -0.689031
-4.407385 10.445838 1.776100 -0.320804 -0.861661 0.243765 -0.308551
22.164001 6.406166 1.675886 0.638802 0.601623 -0.322568 0.354868
-12.285976 -17.572543 1.680220 -0.414339 0.473057 0.776855 -0.032201
31.230450 -16.727332 1.789185 0.449483 -0.487656 0.713662 -0.225486
18.127634 -0.505722 2.014159 0.265643 0.467644 -0.833471 -0.126760
12.474222 -14.663931 1.625735 0.076741 -0.925630 -0.019431 -0.370056
-5.534170 15.411805 1.689738 -0.094788 0.271246 -0.361009 -0.887194
-28.046904 -26.185673 1.684616 0.651671 0.170958 -0.721230 0.161014
-25.781640 -11.229781 1.801629 -0.081819 0.430151 -0.846923 0.301657
18.291008 8.485750 1.837799 -0.036648 0.403380 0.914130 -0.017557
11.945861 0.776753 1.993603 -0.719079 -0.667334 0.163508 -0.104191
31.146852 12.377077 2.272906 0.981703 0.104442 0.102775 -0.121606
13.733069 -30.287654 1.996780 -0.861430 -0.132387 -0.041831 0.488530
12.005599 5.725293 1.876068 -0.287917 0.483356 0.555368 0.612403
-14.445854 26.009709 1.673065 -0.782519 0.164438 0.449145 0.398614
23.632122 -5.106235 1.831942 -0.322984 -0.828335 -0.445178 0.106582
4.626276 -4.309042 1.635102 0.156112 -0.779745 -0.591725 0.132246
-1.293212 7.745959 1.820403 0.483604 -0.694037 0.468655 0.254563
-12.606797 12.486668 1.634784 0.605843 0.069146 0.694117 0.382589
-13.154858 0.124494 1.619674 0.511041 0.417437 -0.742528 0.115048
2.773002 20.788968 1.614739 -0.706854 -0.091729 -0.402266 -0.574565
-1.354553 -3.219725 2.079746 0.343991 0.697483 -0.327678 -0.536483
-8.936161 -3.383364 1.767941 -0.036553 -0.510241 -0.845591 0.152626
-8.556726 -18.205274 1.673521 0.468730 0.729144 -0.202988 0.455453
-26.933676 18.152437 1.791413 0.051489 0.487138 -0.743403 -0.455409
-10.771391 6.929790 1.701007 0.651497 -0.309668 -0.571305 0.391496
34.996615 9.630514 1.656031 -0.856464 0.424219 -0.057850 -0.288377
-15.074683 17.382593 1.681512 0.581375 0.489700 -0.581806 0.289307
16.985320 4.858495 1.811492 -0.649169 0.428301 -0.163394 -0.606993
4.433077 -9.383653 1.793652 -0.521638 0.312640 0.453721 0.651373
6.619301 -1.335193 1.949288 0.592337 -0.482566 -0.506580 -0.399554
10.193233 1.373822 1.928817 0.749987 -0.628365 -0.126372 -0.163424
24.763191 11.651945 1.636740 -0.162440 -0.084840 -0.930972 -0.315763
-7.690191 15.602449 1.860586 0.029483 -0.489156 0.238043 0.838566
-17.727026 -16.165010 1.653385 -0.572461 -0.377953 -0.719249 -0.110099
-22.499965 -10.250027 1.655726 0.926937 -0.311718 0.060638 0.199857
-17.009254 -7.235420 1.899113 0.520402 0.380355 -0.517759 -0.562527
6.638740 10.689413 1.681705 -0.225403 -0.631470 -0.503122 -0.545259
-13.522174 -1.338121 1.707923 0.354375 0.822657 -0.428474 -0.118594
-11.016697 9.214543 1.868685 -0.160779 -0.410814 0.748159 0.495622
-33.651316 -19.011145 1.713875 -0.009962 0.575451 0.497880 0.648747
3.710354 15.126800 1.816617 -0.299904 0.097820 0.532912 -0.785171
18.823259 -5.373837 1.686548 -0.510885 -0.704713 -0.488860 0.058234
-7.960611 21.964843 1.624498 0.516276 0.138530 0.845055 -0.012308
-18.237885 2.855102 1.670914 -0.510573 -0.615592 -0.374768 0.468946
-15.785265 18.452622 1.694510 0.783062 -0.425591 0.375694 -0.254047
0.557829 13.234096 1.650430 -0.216911 -0.494818 0.273203 -0.795905
-25.793129 -15.771462 1.653948 -0.725735 0.537023 -0.354222 0.243807
12.791867 18.863639 1.650325 -0.492458 0.466015 0.412164 0.608634
4.736490 8.280577 1.755113 -0.527459 0.630496 0.551840 -0.140480
18.932534 -18.635953 1.631819 0.319290 -0.041658 -0.790665 0.520738
-36.024164 15.485975 2.104459 -0.643427 0.448962 -0.100193 0.611879
21.752782 27.143154 1.635214 0.576722 -0.787848 -0.127931 0.174130
-30.229148 -7.248839 1.708224 0.665053 0.351847 0.113495 0.648867
-16.563679 22.099231 1.964714 -0.311914 0.067358 -0.143465 -0.936798
-18.967865 -14.785294 1.638622 0.606268 -0.647039 0.382622 -0.259578
-8.297534 -10.435028 2.776701 0.391835 -0.834274 -0.260301 0.287567
9.828233 -14.332753 2.436924 0.049646 -0.908810 0.238146 0.338949
-28.348217 7.344782 1.621439 0.929921 0.274673 -0.235882 -0.064509
-13.485851 12.962294 1.783397 0.192595 0.723946 0.662249 -0.015312
7.013244 -18.123580 1.725013 0.360106 -0.201840 -0.824610 0.386785
-6.002884 -2.466472 1.628791 -0.332084 -0.681876 -0.301503 -0.577808
-18.330982 18.657874 1.633641 0.357635 0.105647 0.915196 -0.152814
-16.862094 -28.003324 2.261741 0.477900 0.065799 -0.364282 -0.796606
-5.278541 7.771937 1.796216 -0.454144 0.820399 -0.255433 0.235485
-13.370533 -6.694601 1.727119 -0.056706 0.094993 -0.549329 -0.828250
-2.545979 -16.055567 1.737629 0.019543 0.220519 -0.865938 0.448488
-3.682265 -0.736414 1.796096 -0.215993 -0.426051 -0.644911 -0.596588
-12.269462 3.062490 1.675634 0.342298 0.662126 -0.623582 -0.235726
-19.349565 23.938346 1.653622 0.284126 0.942140 -0.175191 0.030871
8.994757 -3.521197 1.727727 -0.447252 -0.346916 -0.602569 -0.562606
14.664870 -20.661715 1.618539 -0.498923 0.096070 0.858920 0.064054
-30.760279 18.156958 2.031684 0.563585 -0.517150 -0.640842 -0.065188
16.487482 13.734389 1.740514 -0.408059 0.905396 0.088978 -0.076348
-22.184077 22.230395 2.157895 -0.422239 -0.862254 -0.214031 0.180065
5.910911 -23.159892 2.506353 0.257905 -0.453755 0.719771 0.457735
6.972919 6.119353 1.940566 0.777519 -0.539465 0.151500 -0.285463
-26.274577 -17.198063 1.845843 0.043661 -0.724525 -0.566562 -0.390084
13.496094 7.272195 1.633113 0.730971 0.648239 -0.074072 -0.199953
17.006051 16.485137 1.705906 -0.020633 0.428577 -0.839729 0.332793
9.185876 1.119501 1.656157 -0.589217 0.513513 -0.623597 -0.015954
-21.352493 15.540782 1.744792 -0.498073 0.015001 0.452318 0.739666
-6.737741 3.283029 1.618105 0.339520 -0.454746 -0.782036 -0.257587
-21.577822 12.885348 1.652710 -0.337286 -0.564281 0.655233 0.372150
-11.052244 -1.599750 1.691178 0.077220 -0.703325 0.296172 -0.641602
-3.071862 19.579475 1.824536 -0.399057 0.534017 -0.591325 -0.453777
12.308758 17.191187 1.651479 0.013835 0.770513 0.449536 -0.451704
22.828027 19.868446 1.654429 -0.282548 -0.012777 -0.904550 -0.319050
30.833366 32.027402 1.758024 0.058288 -0.466438 -0.616784 -0.631360
-15.834486 5.122773 1.810545 -0.113331 -0.506899 -0.714397 0.468878
20.226466 5.180311 1.785645 -0.340376 -0.496530 0.046865 0.797123
3.088751 -13.700870 1.640435 -0.100332 0.425433 0.679031 -0.589795
-20.920850 1.525679 1.629337 -0.146984 -0.398658 0.563680 0.708331
-4.990334 4.949755 1.898037 -0.258582 0.650716 0.706732 0.101161
6.801164 3.687209 1.649131 0.529402 -0.127825 0.286289 -0.788310
27.935989 9.709283 1.685304 0.030350 0.746392 -0.576076 0.331834
6.488708 0.895430 1.611958 -0.490411 0.660842 0.440164 0.359223
0.695861 0.528095 1.774565 0.596937 -0.130596 0.566695 -0.552692
14.462910 24.909659 1.737427 0.074406 -0.818299 0.075372 -0.564951
-16.875850 -1.625542 1.873594 0.611479 -0.275913 -0.600704 -0.434879
-15.389277 16.283978 1.649628 0.254634 -0.158552 -0.003734 -0.953944
21.658059 -5.989299 1.625821 -0.365236 0.926689 0.000219 0.088598
2.928254 -22.610146 1.738492 -0.659673 0.692182 0.150128 0.251351
-11.572960 0.541964 1.611078 -0.582522 -0.117280 0.178517 -0.784248
24.465981 -20.878779 1.797413 0.855790 0.377767 -0.308962 0.171636
-10.280389 13.420711 1.681892 -0.546875 0.391448 0.332698 0.661067
7.840544 -0.469477 1.619704 0.453931 0.498614 0.243701 -0.697094
-2.306913 20.534688 1.728406 0.426612 -0.188729 -0.469268 0.749781
12.819634 -7.495478 1.954456 0.361862 -0.503038 -0.672944 0.403924
29.094716 30.069032 1.633121 -0.098707 0.410756 0.674154 0.605849
-24.919088 6.076686 1.638581 -0.090525 -0.316407 0.937462 -0.113390
-7.531044 -15.606908 2.144758 0.288037 -0.705955 -0.267434 -0.589188
-29.447036 -29.267146 1.860124 0.612809 0.786346 -0.030531 0.072058
-27.029962 3.648171 1.638912 -0.412077 -0.363260 0.691553 0.469031
1.636011 -0.177453 1.644369 0.121415 0.440402 0.324694 -0.828178
-29.709896 9.635609 1.764685 0.912461 -0.374470 -0.161635 -0.032589
-7.507446 -16.820537 1.669596 0.632602 0.270756 -0.173822 -0.704480
5.454608 3.355248 1.751539 0.278225 -0.364733 0.805946 0.374181
11.059363 -2.091266 1.704231 0.824773 -0.009838 -0.067378 -0.561348
-20.520764 -4.445118 1.829141 0.172773 -0.872747 -0.208323 -0.406279
-15.589550 37.088120 1.644031 0.522534 0.452585 0.224027 -0.686977
2.379511 -6.261725 1.670646 0.913145 -0.059704 0.401419 -0.038269
18.637345 10.513579 1.665296 -0.006375 0.025903 -0.493781 0.869177
-2.622521 14.859653 1.639219 -0.809635 0.343514 -0.117089 -0.461281
19.820128 16.264430 1.636006 0.663799 -0.192567 -0.712075 -0.123443
-5.149389 -18.942989 1.617424 -0.113527 0.889052 0.177831 -0.406293
-2.926715 -21.648080 1.619688 -0.940501 -0.057857 -0.000427 0.334829
12.873417 -1.311379 1.610782 0.626818 0.410352 0.497914 -0.436798
23.908351 -3.809310 1.999106 -0.798098 -0.188827 -0.550211 -0.157008
-18.700261 12.580079 1.674212 0.984039 -0.106783 0.131587 -0.054307
8.706810 -21.213506 1.796887 0.865263 -0.174348 0.042514 -0.468098
-10.974606 -23.850496 1.881252 -0.556398 -0.758111 0.181333 0.287764
22.642389 -21.428519 1.855159 -0.030055 0.349162 0.635972 0.687548
0.229617 -12.766152 1.950472 -0.115089 -0.650165 0.662300 0.354117
2.967034 2.345318 1.627357 0.581266 -0.770891 0.053075 0.255030
-2.681325 8.521563 1.710262 -0.386705 0.493679 0.497100 -0.599694
9.824598 12.812721 1.763162 0.224129 -0.631445 0.382672 -0.636087
3.952084 -3.033588 1.624212 -0.787363 -0.549896 -0.069333 0.269938
-1.694149 -0.876283 1.621445 0.207506 0.194387 -0.160669 0.945167
7.787002 14.449571 1.767161 -0.760336 0.438340 -0.018429 0.478965
-1.992133 -14.349360 1.635318 -0.275720 0.330570 0.741323 0.514920
-4.790398 -0.048974 1.683761 -0.494410 0.690927 0.506769 -0.146165
30.326087 -3.235737 1.669381 -0.498193 0.066858 0.541495 -0.673882
-11.419564 21.646762 1.628712 -0.477532 -0.630597 -0.566717 0.230526
-15.064511 -17.599497 1.709578 -0.018901 -0.369959 -0.627996 -0.684393
14.305813 4.669633 1.683415 0.289729 0.771307 0.482393 0.297389
19.897776 -20.749196 1.741477 -0.064319 -0.063560 0.847142 -0.523616
4.159092 -15.831359 1.933504 0.423446 -0.653376 0.393384 0.488920
-7.139674 -23.782607 1.898967 -0.106503 -0.895908 -0.161959 -0.399719
6.817256 -22.346932 1.647586 -0.169311 -0.346546 0.896104 -0.219631
-5.326394 -4.972649 1.659901 0.461136 0.102998 0.693950 -0.543303
-13.483230 -8.002284 1.823665 -0.457216 -0.593534 -0.136550 0.648094
10.582016 8.937395 1.643055 0.072297 -0.009824 0.754861 -0.651814
-9.629875 -14.982140 1.621608 -0.363289 -0.778472 0.485682 -0.161604
0.123749 4.791734 1.613215 0.438985 0.360178 -0.703004 -0.428193
24.365646 -19.022799 1.789888 -0.196114 -0.503119 -0.040854 0.840679
13.661386 -4.106438 1.716582 0.652983 0.615800 -0.429029 -0.101673
23.405070 -6.451829 1.690678 0.407569 0.845712 -0.054695 0.340100
0.829484 23.150606 1.855400 -0.436005 -0.013138 0.884436 0.165831
15.618644 2.948382 1.813501 -0.706789 0.469363 -0.525852 0.060226
-15.012708 19.995055 1.664154 0.818175 -0.566155 -0.083618 -0.055375
-19.046103 5.412747 1.774214 -0.423905 -0.558950 0.470638 0.535144
-4.159404 -33.926553 2.138386 0.754596 0.444455 0.400920 -0.268902
-15.641943 -24.131736 1.632708 0.392866 -0.582687 0.418743 0.575140
6.421861 -27.987148 1.811280 -0.338091 -0.924612 -0.162156 0.067031
-9.532183 -16.931355 1.760302 -0.331864 -0.043254 -0.867749 0.367433
10.291043 -10.675506 1.629759 -0.663715 -0.301935 0.673211 0.122897
-1.442033 -5.421688 1.695546 -0.313423 -0.558686 0.737554 -0.213659
7.380785 9.203095 1.929353 0.584545 -0.606985 0.179707 0.507525
-22.374084 14.856678 1.639473 -0.113199 -0.781854 -0.533857 0.301474
10.883089 -4.740199 1.689837 -0.218229 0.788195 0.573304 0.049467
-18.485759 -6.438571 1.676324 -0.904422 -0.131850 -0.398629 0.075711
15.652172 35.614273 1.777749 0.416133 -0.766323 -0.169101 -0.459333
-17.761794 -8.866394 1.959828 0.508335 0.041177 0.051469 -0.858633
-14.016972 17.821426 1.763416 -0.536081 -0.095142 -0.694105 -0.470940
15.327017 20.610304 1.809542 0.692490 -0.045810 -0.401390 0.597700
-23.426167 26.566923 1.752924 -0.728086 0.317241 0.468511 -0.386970
-13.927967 -11.623504 1.640099 0.038105 -0.169582 0.736133 0.654139
10.330100 -12.748486 1.640272 -0.213482 0.734799 0.246561 -0.594729
11.386215 -10.215052 1.621431 -0.382802 0.527590 -0.645904 0.397391
5.274767 -13.706621 1.872455 0.018281 -0.994154 0.100198 0.035838
3.047866 -15.380611 2.107832 -0.757650 -0.632866 -0.131927 -0.089675
32.445329 -4.506476 1.772266 0.241315 -0.743424 0.245893 0.573258
-15.706377 22.771713 1.648166 -0.017301 -0.889384 0.151227 0.431077
-33.256076 1.546441 1.826577 0.133228 -0.587183 -0.582219 -0.546340
22.263441 14.646474 1.827569 -0.550197 -0.798508 -0.126349 0.209054
-4.871061 -7.877000 1.687733 -0.488635 0.029100 0.861492 -0.134982
-19.254797 -24.080068 1.672363 -0.179334 0.325369 -0.269430 0.888471
22.110303 -18.984812 1.661991 0.894127 0.212779 -0.389087 -0.062231
-12.716539 -22.964798 1.651152 -0.656870 0.330892 0.479333 -0.478824
25.064357 -8.352600 1.609945 0.976737 -0.129571 0.158728 -0.063264
-13.102444 24.469841 1.626801 -0.317176 -0.091656 -0.155855 -0.930971
-8.918761 -12.640092 1.621844 0.282665 0.282105 0.581863 0.708486
-9.479590 7.779261 1.687150 0.277872 -0.888522 0.300870 0.206865
30.609122 2.782948 1.732066 -0.067857 -0.767432 0.569275 -0.287000
10.834648 12.756723 1.779686 0.341161 -0.204420 -0.802418 -0.444912
-8.811373 -23.575826 1.670867 -0.252888 -0.182134 0.889660 0.333736
10.070187 19.038304 1.782806 -0.283256 -0.814978 0.256866 0.435426
-11.216525 10.542681 1.832038 -0.606880 -0.070389 0.774859 -0.162283
-4.082918 20.042709 1.790872 -0.379454 0.220464 -0.659242 -0.610582
-6.336892 -14.012496 1.691914 0.581824 -0.337636 0.447273 -0.589431
16.394426 10.707173 1.794943 0.162347 0.563041 -0.610513 0.532824
3.209394 19.226054 1.790761 0.129955 0.619371 -0.693745 0.343815
11.329414 -12.446375 1.812638 -0.365620 -0.573075 0.248936 0.689883
6.526237 -13.946635 1.641613 -0.093560 0.447587 0.541640 -0.705364
-1.704486 -17.240725 1.656451 0.006576 0.672019 0.470850 -0.571531
24.096539 1.013926 1.624483 -0.591960 0.673679 -0.066543 -0.437391
-25.360858 0.164025 1.627518 -0.279958 -0.737208 0.352993 0.503531
13.276016 -26.467751 1.825748 0.334396 -0.374100 -0.791398 0.349168
17.135312 8.501203 1.676101 -0.032492 0.918397 0.376662 0.116694
3.889151 -12.400863 1.825562 -0.792054 0.222209 -0.250010 0.510656
-12.690270 -3.415459 1.698020 -0.153221 -0.201838 0.427772 -0.867638
-6.619279 -18.367447 1.744103 -0.472430 0.276491 -0.751389 0.368480
-5.237306 24.343812 1.645268 -0.621914 0.248855 0.741694 0.034410
-16.603533 18.983279 2.020112 -0.266024 -0.294404 0.663212 -0.634593
7.286452 -24.151616 1.757587 0.426737 -0.371230 0.618986 0.544923
22.945648 9.238126 1.618843 0.476996 -0.473444 0.740464 -0.006194
19.537832 -11.955891 1.629816 -0.508251 0.328322 0.326172 0.726290
34.774312 2.462309 1.743696 -0.400414 0.858739 0.288005 -0.138884
-21.314126 -7.501819 1.644704 0.016303 -0.207108 -0.246391 0.946643
-4.864208 -6.122872 1.621417 0.540539 0.440901 -0.648588 0.304562
-11.381044 -14.961510 1.825883 0.848263 -0.222608 0.158791 -0.453521
5.720487 5.718008 1.663513 -0.588423 -0.204924 -0.236464 -0.745553
-7.824516 0.532077 1.866427 -0.676580 -0.126312 0.717101 -0.109780
-3.112913 2.634836 1.903558 0.322533 0.875699 0.156214 -0.323606
18.128937 -14.813981 1.707309 -0.084432 0.064167 -0.955687 -0.274621
-5.821945 -30.417182 1.633271 -0.801257 0.459091 -0.342616 0.172731
-0.817433 5.235181 1.947187 -0.660499 0.530463 -0.510697 0.146759
22.748348 -10.563401 1.627276 0.923214 -0.224203 -0.169799 0.261872
15.327699 22.123909 1.638037 -0.021374 0.548914 -0.672784 -0.495579
-9.389708 -10.335362 1.650063 0.398145 0.492031 0.771198 0.068121
-31.182118 7.688123 1.656444 -0.231082 0.059913 -0.379404 0.893904
-0.692771 -21.423871 1.694634 -0.301890 0.268242 0.773155 -0.489019
8.592705 -17.778366 1.623324 0.019812 -0.295537 0.955125 -0.001381
17.194396 -14.312934 1.965788 0.543576 0.223293 0.090191 0.804072
-2.076414 -19.083345 1.679598 0.390012 -0.540214 -0.639226 0.383992
-13.397355 26.875680 1.729426 -0.669373 -0.252298 -0.159949 -0.680222
9.507767 -26.963086 1.942323 -0.171637 0.556527 0.189924 -0.790410
9.005664 -1.062361 1.758626 0.468269 0.526370 -0.397065 0.588215
-2.786082 -1.352332 1.680083 0.101519 0.195938 -0.349623 0.910530
0.648408 -24.534091 1.874937 0.035759 0.447757 0.731095 0.513552
4.615773 15.850532 1.969278 0.017218 -0.321993 0.943133 -0.080772
-6.371004 7.419843 1.636807 -0.052289 0.578303 -0.813409 -0.034611
-13.372674 -14.493365 1.653459 0.805277 -0.033491 0.430362 0.406443
7.826480 -16.542742 1.898327 0.802797 -0.019582 0.570980 -0.170633
7.624688 18.557264 1.760867 0.758907 -0.142802 0.224750 0.594269
13.507662 -13.061219 1.625570 -0.346740 -0.171954 -0.279873 -0.878563
24.641673 7.870908 1.639549 -0.802768 0.122361 -0.580638 0.058739
29.180642 7.860340 1.705294 -0.744946 0.654608 -0.113281 0.060918
-7.960381 23.575468 1.896838 0.636341 -0.274965 0.709352 -0.127609
12.604757 -4.983405 1.763282 -0.582489 -0.744293 0.326677 0.004039
9.056784 6.273135 1.870134 0.405493 -0.024507 -0.043473 -0.912735
18.592796 14.861519 1.663904 -0.259333 -0.063149 -0.954096 -0.135865
-26.442480 13.006136 1.645650 0.203264 -0.387375 0.599601 -0.670152
1.643430 -7.846000 1.669970 -0.270276 0.425618 -0.857433 0.103003
-20.058142 -6.076952 1.678623 -0.079926 -0.687829 0.720626 -0.034658
