500 36.180000  36.180000  36.180000 
3.658500 -14.157500 2.659000 -0.610173 0.756215 -0.170048 0.164047
-5.795500 3.393300 1.643000 -0.969402 0.013005 -0.004002 0.245102
9.061900 2.657500 1.723000 0.112970 0.132964 -0.720805 -0.670819
-9.295900 -13.112500 1.649000 -0.864259 0.477143 0.076023 -0.140042
-9.666800 16.427800 2.370000 0.887173 0.408079 -0.087017 -0.197038
11.617100 14.862800 1.631000 -0.059986 0.078982 0.659846 -0.744826
0.121000 -17.555700 2.483000 -0.727152 0.426089 0.251052 -0.476100
-13.177300 13.392400 2.520000 0.678267 0.579228 -0.292115 -0.345136
-17.386200 -3.659900 1.755000 -0.423183 -0.721312 0.458198 0.301130
-15.314000 -2.289200 2.516000 -0.113987 0.139985 0.732919 -0.655928
-12.930700 -9.945100 1.671000 -0.401944 0.478934 -0.595917 0.503930
5.156400 -11.361800 1.770000 -0.171940 0.013995 -0.067976 0.982660
14.743400 14.192700 1.628000 -0.578999 -0.812999 0.052000 0.033000
17.558000 -5.854600 2.078000 0.477016 -0.313011 -0.453015 0.685023
6.927900 -15.860500 1.722000 0.569917 0.729894 0.312955 0.210969
17.865800 15.157800 1.647000 -0.692066 0.032003 -0.009001 0.721069
-13.662600 -16.128700 2.655000 -0.582150 0.808208 0.069018 -0.056014
17.514700 -11.120100 1.674000 0.111018 0.088014 -0.647105 -0.749122
-6.393800 4.127700 2.369000 0.099963 -0.069974 0.690741 -0.712733
-7.530600 -0.747700 1.697000 -0.016001 -0.631037 -0.775045 -0.029002
-2.235200 2.701100 2.783000 -0.200092 0.485222 -0.802367 0.284130
-10.123200 4.428400 1.622000 0.222953 0.364922 -0.775835 -0.463901
9.489200 8.427200 1.734000 -0.086993 -0.858926 0.500957 0.060995
-5.393200 0.883300 1.651000 -0.841826 -0.425912 0.136972 0.301938
-6.810200 9.632700 2.620000 -0.345945 0.003999 -0.066989 0.935852
-4.822400 5.835400 2.024000 -0.250073 0.628182 0.670194 -0.306089
12.900600 -16.030500 1.671000 -0.001000 -0.213965 -0.976839 0.002000
-3.584000 16.413400 2.963000 -0.012003 0.068016 -0.925221 0.373089
-13.094500 1.937000 2.647000 -0.463006 0.421005 0.557007 -0.546007
-0.767900 14.626100 2.161000 -0.899496 0.162089 -0.096053 0.394217
10.271900 4.152100 2.137000 -0.243054 -0.108024 -0.404090 -0.875195
9.110000 11.803900 2.567000 -0.116952 0.894636 0.424827 -0.073970
-5.188200 -17.005200 2.580000 -0.225941 -0.104972 -0.460879 -0.851776
-16.634600 -4.999600 1.728000 -0.072977 0.097969 0.738770 -0.662794
-12.441400 -16.593300 2.233000 0.548050 -0.641058 0.405037 -0.353032
-17.414200 6.529400 1.722000 0.118979 -0.010998 0.003999 -0.992828
-7.755400 6.435100 1.658000 -0.511089 0.763133 -0.344060 0.195034
-14.942500 16.665800 2.026000 0.024000 0.428007 0.902016 0.051001
-15.618000 -5.018900 1.623000 -0.501822 0.019993 -0.008997 0.864693
13.395400 -16.954500 2.607000 -0.802228 0.408116 0.190054 -0.392111
1.364600 -6.466700 1.730000 -0.214978 -0.382960 0.772920 0.457953
3.437200 -9.726600 1.641000 0.485951 0.017998 0.070993 0.870912
11.919400 12.487000 1.749000 -0.013993 0.026986 0.995482 0.089953
-8.463400 -5.005100 2.603000 -0.651995 -0.757995 0.011000 -0.015000
-8.368700 -17.914600 1.890000 -0.966919 -0.226981 0.017998 0.114990
14.753300 6.425400 1.655000 0.220942 -0.063983 -0.280927 0.931757
-14.798000 -16.855900 1.713000 0.226957 -0.971814 0.062988 -0.009998
-5.798900 16.393200 1.650000 -0.658631 0.515711 -0.349804 0.421764
-8.908800 -14.904600 1.660000 0.004000 -0.940048 0.341017 -0.001000
-8.153400 -10.869100 1.644000 -0.548793 0.488815 0.452829 -0.504809
-9.741600 8.960400 1.854000 -0.880720 0.244922 0.099968 -0.392875
11.135400 13.978100 1.679000 -0.331946 0.179970 -0.469923 0.797869
13.065800 11.330500 2.460000 0.325114 -0.694243 -0.586205 0.262092
0.684100 5.697100 1.822000 -0.672271 0.551222 0.325131 -0.372150
11.072800 17.605600 1.741000 -0.030013 0.492209 0.869370 -0.032014
9.924900 15.968500 1.952000 -0.833712 0.076973 -0.065977 0.542813
-17.391700 -4.860800 2.566000 0.492830 0.133954 -0.213926 -0.832713
10.679100 -10.638100 1.991000 0.658982 -0.750979 0.041999 -0.003000
2.517400 -15.276600 1.749000 -0.188929 0.954642 -0.221917 0.060977
-3.144900 6.948700 1.642000 -0.750878 -0.627898 -0.134978 -0.153975
-12.154700 10.927800 1.700000 -0.094016 0.483081 0.853144 -0.173029
-2.599700 13.942800 1.625000 -0.239923 -0.123960 0.517833 0.811739
-13.386700 -13.903400 1.726000 -0.771111 -0.535077 -0.193028 -0.286041
1.071700 -3.488700 1.938000 0.397048 -0.334040 0.537065 -0.665080
-12.208100 -14.717600 2.534000 -0.664256 -0.747288 -0.018007 -0.001000
4.514900 -16.155500 1.678000 -0.769918 -0.207978 -0.191980 -0.571939
16.083700 17.516400 1.658000 -0.477007 -0.711011 -0.438007 -0.274004
-9.055600 -16.395500 1.648000 0.043987 0.505849 -0.859743 -0.054984
4.219400 -5.991500 1.818000 0.005002 0.004001 -0.594210 -0.804284
14.686800 -0.061300 1.641000 -0.122006 0.036002 -0.285014 0.950045
-16.992000 -9.829000 1.679000 -0.976126 -0.037005 -0.000000 0.214028
15.933900 -16.359100 1.764000 0.073968 -0.006997 0.256888 -0.963581
2.107000 -12.981200 1.680000 0.329035 0.352037 0.626066 0.613064
-17.293300 3.895400 1.619000 -0.554033 -0.189011 -0.274016 -0.763045
-6.754000 0.512600 1.701000 0.229077 0.973326 -0.012004 0.004001
8.894400 -17.730200 2.146000 -0.641784 -0.476840 -0.363878 -0.477839
-1.121100 1.683300 1.890000 0.162071 -0.048021 0.477210 -0.862379
-0.446500 -14.047400 1.735000 -0.003000 0.106994 0.992946 0.050997
3.209400 4.662500 2.055000 0.059994 -0.213977 -0.956898 0.186980
9.911200 9.399600 1.628000 -0.303931 0.107975 0.338923 -0.883798
-15.948700 -15.425200 2.985000 0.564791 -0.596779 0.414847 -0.390855
-8.981500 7.867900 1.681000 -0.645026 -0.323013 -0.294012 -0.627025
17.154100 -4.886500 1.735000 0.015004 0.453133 0.891261 0.010003
-15.477400 -9.267800 3.278000 -0.538174 0.466151 0.477154 -0.515166
17.697100 -7.389100 1.615000 0.556224 0.827333 -0.069028 -0.037015
3.535100 -4.625000 1.665000 -0.888967 -0.027999 0.011000 0.456983
8.068500 10.768100 1.695000 0.755129 -0.593101 0.177030 -0.216037
1.354700 10.516300 1.639000 -0.000000 -0.458880 0.887769 0.035991
17.074000 0.426300 1.763000 -0.003000 0.044999 -0.998975 -0.004000
-3.468000 -1.383500 2.473000 0.740549 0.022986 0.004997 -0.671591
10.992400 -4.688000 2.705000 0.048003 0.019001 0.229013 0.972053
1.576200 -13.241200 2.636000 0.940079 -0.256022 -0.070006 0.214018
-0.652200 -5.768500 1.622000 0.061982 -0.051985 0.677799 -0.730783
-15.554300 2.135700 2.235000 0.169031 0.651118 0.706127 0.221040
-15.487500 14.749500 2.572000 0.453090 -0.392078 -0.563112 0.569113
15.795000 8.009500 2.661000 0.775019 -0.610015 -0.099002 0.132003
-3.000300 -0.449500 2.451000 -0.016008 0.066033 -0.909458 0.410207
-10.620400 2.104100 1.682000 -0.780043 -0.024001 -0.017001 -0.625034
17.841500 -14.909500 1.710000 0.710279 0.703276 -0.028011 -0.011004
-16.733800 -6.687800 1.694000 -0.817123 0.012002 -0.017003 0.576087
-9.586100 -0.924000 1.690000 0.564866 0.512878 -0.415901 -0.494882
-4.107200 4.690400 1.639000 -0.634778 -0.687760 -0.256910 -0.240916
-16.059400 15.124200 1.695000 -0.024997 -0.664912 -0.745901 -0.029996
-13.184600 -10.960600 3.008000 0.323023 0.569041 -0.646047 -0.393028
-3.275300 5.657800 2.479000 -0.973402 -0.187077 -0.040017 -0.126052
-3.110200 15.269900 2.277000 0.351991 0.849977 -0.367990 -0.134996
11.077500 2.224700 2.505000 0.397989 0.415988 -0.613983 -0.539985
-0.829900 3.878100 1.628000 -0.788204 0.012003 0.013003 -0.615159
8.962300 3.327600 2.476000 0.028996 0.003000 0.037994 0.998853
-2.178500 -2.972700 1.978000 -0.299145 0.165080 -0.438212 0.831403
13.679200 0.342100 2.290000 0.148952 -0.002999 0.078974 0.985681
-17.249200 0.248700 1.665000 0.599244 0.605246 0.344140 0.395161
-10.114900 7.032000 1.733000 -0.106012 0.051006 0.484053 -0.867095
18.068400 -11.973900 1.682000 0.675705 -0.597739 0.293872 -0.315862
10.104400 14.190200 1.649000 -0.455091 0.086017 0.183037 -0.867174
12.877200 -8.247400 1.635000 -0.035999 -0.915976 0.397990 0.035999
-5.242700 10.913700 1.776000 -0.024988 -0.008996 -0.269868 -0.962531
16.609600 -0.714200 1.727000 0.027005 -0.685124 -0.727131 0.034006
9.772300 -14.537800 1.646000 0.137012 0.311026 0.876074 0.342029
-5.825700 -12.707500 1.701000 0.004001 -0.361115 0.932298 0.020006
2.817300 11.026600 2.554000 -0.077973 -0.095966 0.820711 0.557803
-9.394100 5.238000 1.727000 0.217056 0.051013 0.268069 0.937242
-16.483400 16.143100 2.601000 -0.028993 -0.029993 0.997776 0.051988
-5.367700 -5.574400 2.492000 0.784211 -0.334090 0.207056 -0.480129
-15.817300 7.255800 2.788000 -0.002000 -0.038001 0.717017 -0.696016
6.743900 -6.898900 2.634000 -0.275009 -0.242008 -0.622020 -0.692022
15.015100 -14.442700 3.048000 -0.941485 0.331819 -0.004997 0.058968
14.933600 -13.891100 1.635000 0.851097 -0.220025 -0.073008 0.471054
-4.881300 -9.108700 1.663000 0.856743 0.026992 -0.013996 -0.514846
-7.467700 12.598100 2.166000 0.037982 0.007996 0.271873 -0.961550
-13.016800 -16.007700 1.647000 -0.320981 0.008999 0.062996 -0.944945
3.860800 9.394700 1.743000 -0.357002 -0.464003 0.635004 0.504004
8.483700 -9.548700 2.671000 -0.826909 0.026997 0.028997 -0.560938
-12.948200 7.931300 1.629000 0.593131 0.497110 -0.401088 -0.490108
15.013900 1.678400 1.656000 -0.417964 -0.453961 -0.578951 -0.532955
0.966600 3.538900 1.623000 0.120001 0.705008 0.686008 0.134002
-18.043800 16.659100 1.682000 -0.805685 -0.060976 0.040984 0.587770
10.017500 -12.602700 1.652000 -0.803328 0.595243 -0.018007 -0.005002
5.809800 4.315900 1.619000 0.026000 -0.205001 0.967004 -0.149001
-15.134100 6.381800 2.383000 -0.280876 -0.619726 0.677700 0.278876
8.674200 -2.894700 2.478000 0.006001 0.704082 -0.710082 -0.004000
12.891400 10.719600 1.643000 -0.024995 -0.988812 -0.146972 -0.004999
-4.738600 -17.349300 1.730000 0.743845 0.506894 0.253947 0.353926
-10.695700 10.884400 1.635000 -0.192995 0.294992 0.735980 -0.577984
1.088600 -12.988800 1.628000 -0.395852 0.407848 -0.584782 0.578784
-1.093400 -15.127100 2.188000 -0.965350 0.260094 0.003001 -0.021008
11.960900 -6.518400 2.624000 0.907734 -0.260923 0.078977 -0.318906
5.148500 8.033400 2.006000 -0.834690 -0.349870 0.152943 0.396853
-13.409000 -1.030500 1.912000 0.042017 0.852353 -0.521216 -0.008003
-8.602600 2.243800 1.663000 -0.209967 0.952850 0.213966 -0.046993
6.862000 -16.260500 2.644000 0.737046 0.024002 0.627039 0.251016
6.299800 2.042200 1.988000 -0.566107 -0.393074 -0.604114 -0.400076
6.763300 -6.607400 1.631000 0.044016 0.173061 -0.575203 -0.798282
-7.734200 0.239300 1.690000 0.694794 -0.349896 0.324904 -0.537840
15.097500 17.929900 1.688000 0.269978 0.533957 0.304975 -0.740940
-7.492200 -11.836900 1.684000 -0.049990 -0.013997 0.388919 0.919808
-0.056700 3.233600 1.662000 -0.256024 -0.217021 -0.660063 -0.672064
-0.037400 0.940900 1.758000 0.135052 0.054021 -0.133051 -0.980378
15.741400 -1.215100 1.815000 -0.462878 -0.837779 -0.264930 -0.116969
16.530400 -11.054700 2.105000 0.852010 -0.518006 -0.050001 0.057001
-4.837000 3.219600 2.604000 -0.242024 0.444045 0.667067 0.547055
7.798100 11.861900 1.832000 0.656303 -0.304140 -0.465215 0.510236
-4.726600 -2.812900 1.780000 -0.153990 -0.444971 0.861944 0.187988
-8.319100 -12.868600 1.642000 -0.402048 -0.906109 -0.126015 -0.038005
7.050100 -10.723700 1.655000 -0.703103 0.272040 0.323047 0.572084
0.074400 7.535100 1.683000 -0.546908 0.685885 -0.032994 0.478920
12.667800 9.738100 1.676000 0.665020 -0.373011 -0.317010 0.564017
-6.135400 -14.435800 1.684000 0.046013 0.985275 0.070020 -0.149042
-13.108800 -17.934300 1.716000 0.486116 -0.550132 0.652156 -0.189045
-6.087000 16.670600 2.574000 -0.245971 -0.741914 -0.031996 0.622927
-10.419800 13.986500 1.790000 0.303126 0.026011 0.158066 0.939390
-14.717000 18.082500 1.804000 -0.660708 -0.442804 0.214905 0.566750
-4.350800 -8.254600 1.700000 0.150033 0.449099 -0.784173 -0.401089
-6.546200 -15.595800 2.427000 -0.206018 0.470041 0.738065 0.438039
5.218700 -5.836900 1.691000 -0.276871 0.173919 -0.748650 -0.576730
11.112400 14.580500 2.485000 0.724914 0.090989 0.510940 -0.452947
15.348500 18.044100 2.657000 0.496114 0.412095 0.502115 -0.576133
-11.644700 -4.503300 1.617000 -0.129059 -0.089041 0.636292 0.755346
-2.135600 -12.070900 1.728000 0.289059 0.896182 -0.336068 0.019004
-12.427900 -11.009000 1.683000 0.026008 0.684220 -0.728234 0.029009
-14.398700 -1.456200 1.640000 0.338028 -0.341028 -0.604049 0.636052
-18.024100 -4.795800 1.726000 0.017998 -0.036996 0.463950 -0.884905
13.196500 17.568300 1.666000 0.276979 0.677948 0.245981 -0.634951
-11.566300 9.104200 1.735000 0.086993 -0.423965 0.329973 -0.838930
-10.049500 15.018700 1.781000 -0.493844 -0.734769 -0.344891 -0.311902
-3.847200 14.831700 1.633000 0.173040 0.459105 -0.796182 0.354081
5.083900 11.858400 1.726000 0.029006 0.198044 -0.328073 -0.923204
16.146300 -12.667400 2.516000 -0.488192 -0.734289 0.448176 0.147058
-17.568300 -10.911200 1.658000 0.140013 0.854079 0.500046 0.030003
-6.679600 -17.438700 1.719000 -0.083967 0.144943 0.819678 -0.547785
-11.683700 2.039200 1.945000 0.007001 0.622077 0.334041 0.708087
-6.500300 -11.670500 1.710000 0.205984 0.974926 0.080994 0.022998
17.952000 -9.983900 1.630000 0.162003 0.482009 -0.567011 0.648013
6.858100 -12.277900 2.065000 0.640702 -0.245886 0.521757 -0.506764
-4.613900 -15.580300 1.640000 -0.571113 -0.398078 0.669132 -0.260051
17.780800 -2.689200 1.795000 -0.995214 -0.038008 -0.090019 0.001000
6.547000 -2.761600 1.614000 0.881913 -0.070993 -0.131987 0.446956
15.721700 -3.314000 1.671000 -0.542903 -0.053990 -0.387931 -0.742867
-0.297100 2.247400 1.672000 0.878567 -0.387809 0.100950 -0.259872
2.626600 -0.182400 1.870000 -0.567995 -0.663994 0.455996 -0.168999
1.079900 -2.302300 1.665000 0.467974 0.868952 0.094995 -0.129993
6.162200 -11.255400 1.751000 0.183976 0.458939 0.651913 0.574924
-13.809500 -2.266300 1.743000 0.424948 -0.163980 -0.264967 0.849895
4.343700 -2.787400 1.645000 0.692810 -0.494864 -0.242933 0.464873
-4.656600 -15.830800 2.615000 0.144974 -0.640885 0.037993 -0.752865
-14.090500 -7.630800 1.675000 -0.787109 0.463064 -0.072010 -0.401056
-12.334500 14.548800 1.635000 0.204953 0.677846 0.135969 -0.692843
-3.434000 -11.246200 1.688000 0.752974 -0.536981 -0.133995 0.355988
10.006800 2.235700 1.640000 0.015007 -0.722314 -0.690300 0.039017
-14.629200 -15.635000 1.652000 0.841976 -0.031999 -0.486986 -0.229993
-8.066300 -11.296700 2.550000 -0.461880 -0.451883 -0.725811 0.235939
-12.610700 -4.785200 1.647000 -0.100995 0.062997 -0.638971 0.759965
10.480400 13.215100 1.627000 0.771900 -0.464940 -0.230970 0.366952
-14.611100 -4.992600 1.637000 -0.034996 -0.002000 0.790909 0.610929
15.840800 9.776000 1.633000 0.803030 0.142005 -0.074003 -0.574022
-5.994800 -7.956200 1.633000 0.375854 0.391848 0.828678 -0.135947
7.719600 -6.426300 1.889000 -0.133005 -0.000000 -0.905032 0.404014
9.999900 3.242200 1.621000 -0.390938 0.572909 0.608904 -0.384939
-5.506500 -11.520200 1.651000 0.850755 0.523849 0.029991 0.029991
-1.433300 6.375000 1.632000 -0.190939 0.095969 0.244922 -0.945698
3.941900 -14.623000 1.743000 0.136958 0.079976 0.195940 0.967705
8.781400 15.424300 1.722000 0.524984 -0.278992 0.454986 -0.662980
-7.406800 9.694000 1.656000 0.516021 -0.262011 0.564023 0.589024
-13.605600 -4.958700 1.649000 0.582018 -0.813025 -0.007000 0.014000
-10.767000 -7.943100 1.718000 0.225881 0.194897 0.933506 -0.198895
0.873900 11.395700 1.742000 -0.273967 0.426949 0.764909 -0.396953
-9.238600 -3.389400 1.672000 0.531708 0.764580 -0.299835 -0.206886
11.756700 10.260500 1.751000 -0.037010 0.303080 -0.487129 -0.818216
6.314500 -17.190600 1.635000 -0.007998 0.148954 -0.926713 -0.344893
-2.751900 17.682600 1.640000 0.420952 0.367958 -0.828905 0.017998
-4.204900 16.781900 1.735000 -0.525235 0.804360 -0.168075 0.221099
-1.216200 0.509200 1.661000 0.355844 0.073968 -0.694695 -0.620728
-10.469300 -1.611100 1.977000 0.196078 -0.486193 -0.837332 -0.155062
-8.345000 -13.995300 1.872000 0.160056 -0.256090 -0.898314 0.319112
-9.859700 1.445900 1.637000 -0.037014 0.318121 0.945360 0.061023
-5.796400 7.943000 2.419000 -0.336044 -0.412054 0.069009 -0.844111
1.772600 9.558600 1.748000 -0.818989 -0.190997 -0.534993 0.080999
15.348300 -14.733800 1.999000 0.289931 -0.793812 0.398906 -0.355916
-3.155800 17.049400 2.311000 0.709070 -0.469046 0.094009 0.518051
17.801500 -16.021100 1.643000 -0.712005 -0.302002 0.514004 0.371003
-10.292600 16.108200 1.646000 0.371155 0.232097 0.551230 -0.710296
7.293500 -16.953700 1.638000 -0.065984 0.038991 -0.441895 0.893787
-17.403500 -2.616000 1.667000 -0.055022 0.050020 0.445175 0.892351
-0.349400 16.811700 1.670000 0.717216 -0.271081 -0.190057 0.613184
-9.347400 11.188600 1.647000 0.423297 -0.245172 0.355250 0.796560
9.227900 -4.915500 1.705000 -0.361911 0.288929 -0.764811 -0.447889
17.500900 -1.180500 1.689000 -0.241930 -0.938730 0.220936 0.106969
-7.887400 1.232900 1.730000 0.145031 -0.726153 0.666141 -0.089019
-8.496300 -11.866900 1.767000 0.001000 0.012000 -0.212995 0.976979
2.995400 -14.288200 1.816000 0.129021 0.107018 0.650107 0.741122
-9.633100 -0.445900 2.575000 0.026009 0.691237 0.334115 0.640220
17.528900 6.580500 2.252000 0.681066 0.235023 -0.294029 -0.628061
-1.818300 3.687500 1.643000 -0.990152 -0.089014 0.003000 -0.108017
5.604800 6.844100 1.640000 -0.983922 -0.060995 0.024998 0.165987
6.786800 -13.202000 1.670000 -0.636080 -0.307038 0.034004 0.707088
10.292400 -10.475000 2.906000 -0.033003 -0.832072 0.108009 0.543047
2.270500 11.393300 1.647000 -0.971828 0.214962 -0.060989 -0.074987
12.189300 -2.358200 1.634000 -0.007998 -0.336934 0.928819 0.153970
-4.332800 2.988000 1.764000 0.691067 0.499048 0.358035 -0.381037
-6.857500 7.734100 1.717000 0.469975 -0.499974 -0.630967 -0.361981
1.198900 6.561400 1.771000 -0.691107 0.529082 0.313048 -0.380059
13.793100 -7.301800 1.651000 0.513869 0.177955 0.584851 0.601847
-10.571200 10.462900 2.540000 0.562061 -0.301033 0.453049 0.623068
16.859600 9.408800 1.634000 -0.786424 -0.001001 0.545294 -0.290156
-7.864700 7.946000 1.862000 -0.383949 0.842887 0.318957 -0.200973
-7.748900 -6.283800 1.660000 -0.406796 -0.186906 -0.368815 -0.814591
11.316800 2.629300 1.614000 0.616907 0.154977 -0.757885 -0.144978
17.987900 -13.859500 1.708000 -0.861896 -0.371955 0.122985 0.321961
-3.862100 2.852700 2.824000 -0.107021 -0.440085 0.880170 0.142027
17.770300 8.505000 1.819000 -0.724778 -0.143956 0.201938 -0.642803
16.240400 -4.326400 1.658000 -0.476156 -0.648212 0.503165 0.316104
-18.026500 13.462400 1.626000 -0.274045 -0.486080 -0.508083 0.656108
9.966600 -5.734600 1.646000 -0.169975 -0.433936 -0.693898 -0.548920
-10.678300 -4.219500 1.628000 0.194986 0.964932 0.172988 0.030998
12.067800 17.713500 1.636000 -0.643155 -0.764185 -0.046011 -0.016004
-1.697500 16.652400 1.746000 0.188048 -0.454115 0.652165 -0.577146
-10.658700 -5.922900 1.771000 -0.161932 0.710699 -0.419822 -0.540771
12.997800 -17.032000 1.643000 -0.114994 0.663966 0.733963 -0.084996
-15.544600 -9.724500 2.383000 0.747998 -0.004000 -0.590999 0.301999
15.258800 7.979700 1.810000 -0.355219 0.805496 0.212131 0.424261
8.483900 -16.313900 2.706000 -0.287050 0.495086 -0.664116 0.481084
5.190300 5.265500 1.620000 -0.046026 -0.485275 0.868493 0.090051
3.630300 -16.869700 1.715000 -0.609115 -0.371070 0.645122 0.274052
1.871900 8.573600 1.955000 -0.131022 0.105018 0.974164 0.151025
8.359100 -7.692200 1.702000 0.549330 -0.394237 0.681410 0.280168
9.934800 12.369900 1.644000 0.846702 -0.205928 -0.086969 0.482830
-14.175000 15.625000 1.846000 -0.122991 0.617955 0.643953 -0.433969
6.245600 2.981800 1.632000 0.670880 -0.210962 0.053990 0.708873
-6.093400 -16.129000 1.704000 -0.134985 -0.837904 0.267969 0.455948
-12.887200 8.429000 2.502000 0.434905 0.516887 0.104977 -0.729840
14.159300 5.003700 1.687000 -0.524152 0.199058 0.369107 -0.741215
12.885700 1.156700 2.174000 0.253959 0.227963 0.760876 0.551910
-3.807500 -7.411900 1.795000 -0.442263 -0.284169 0.385229 0.758452
-2.780900 -1.127000 1.644000 -0.273966 -0.577929 0.252969 0.725911
4.141900 -10.492900 1.665000 0.366030 -0.889072 -0.022002 -0.274022
-8.737500 6.243500 2.023000 -0.271839 -0.375778 -0.499704 -0.731567
-2.629000 0.252800 1.803000 0.581042 -0.786056 0.196014 -0.078006
3.278100 14.583300 1.713000 0.339063 -0.879164 0.321060 -0.095018
0.818500 -12.016000 1.624000 0.808888 -0.354951 0.348952 -0.312957
-11.738200 -5.560800 1.654000 0.794353 -0.525234 -0.005002 -0.305136
-13.015600 1.549100 1.722000 0.714371 0.112058 0.586305 -0.365190
-5.708100 -17.700700 1.711000 -0.081004 -0.005000 0.106005 -0.991048
9.004400 16.403700 1.797000 0.315957 0.540926 -0.586919 -0.512929
7.919900 16.224100 1.644000 0.448945 -0.163980 0.831898 0.281965
15.740800 -7.550600 1.679000 0.820684 -0.384852 -0.129950 -0.401845
0.370000 -10.114800 1.822000 -0.479764 -0.618695 -0.054973 -0.619695
2.639400 -3.158600 1.878000 0.027990 0.395857 0.917668 0.019993
-4.176400 7.238300 1.715000 0.235066 0.746208 -0.599167 -0.170047
2.394800 6.624300 1.743000 -0.317939 -0.690868 0.623881 0.179966
-5.646900 -6.677000 1.682000 -0.331111 -0.671226 0.262088 0.609205
-5.059200 17.307500 1.649000 0.147951 0.949686 -0.275909 -0.008997
-4.882200 11.871800 1.974000 -0.499919 0.662893 -0.472924 -0.294952
-0.195800 -3.663500 1.742000 0.569271 -0.013006 0.819391 -0.066031
-8.874800 -4.910300 1.689000 0.321106 -0.772256 -0.208069 -0.507168
3.954600 -12.182100 1.656000 0.191028 0.200029 -0.584086 -0.763112
-17.831100 -6.598100 1.642000 0.113970 -0.360903 0.546854 -0.746800
-8.176800 5.456700 1.742000 -0.468286 0.082050 0.392239 -0.787480
12.320600 15.493000 2.044000 -0.755173 -0.323074 0.570130 0.017004
-14.864300 -2.386700 1.622000 -0.486004 -0.701006 -0.231002 0.468004
-8.085600 -9.863300 1.640000 0.716706 0.068972 0.066973 0.690717
17.010200 15.689500 1.630000 -0.679377 0.683379 -0.144080 0.225125
10.194400 -4.624300 1.730000 -0.066995 -0.701950 0.700950 -0.106992
12.554500 3.642700 1.677000 0.096956 -0.127941 0.929574 0.331848
-14.375600 -11.654800 1.687000 -0.428868 0.823747 -0.145955 0.340895
4.241600 -7.046900 2.120000 -0.559127 -0.799181 -0.133030 -0.176040
10.859500 6.149500 1.685000 -0.309091 -0.492144 -0.762223 -0.285084
6.563500 6.541300 1.688000 -0.093024 -0.154039 -0.860218 -0.477121
15.173200 11.669200 1.708000 0.727798 -0.314913 0.343905 -0.502861
14.700200 -1.179700 1.974000 -0.102016 0.262041 0.889138 0.361056
2.034400 -13.992100 1.771000 0.984918 0.006000 -0.040997 -0.167986
-17.125200 -8.830900 1.690000 0.225921 -0.599790 -0.714750 0.279902
-12.306400 -0.646200 1.819000 -0.413071 -0.368063 0.780134 0.292050
11.266800 -13.796400 1.800000 0.150934 0.292871 0.887610 -0.321859
-16.805300 -13.256100 1.750000 -0.316932 -0.936800 -0.086981 0.119974
-2.900200 7.749200 2.440000 -0.388970 0.746942 0.517960 0.149988
-0.144700 -5.554100 2.465000 -0.884996 -0.033000 0.435998 -0.159999
-10.276300 -13.382800 1.612000 -0.184011 -0.281017 0.284017 -0.898055
5.514100 12.949100 1.791000 -0.325019 0.309018 0.217013 0.867050
3.887600 -3.682700 1.714000 0.252967 0.476938 -0.760901 -0.359953
14.218100 0.986100 1.728000 -0.648117 0.051009 0.493089 0.578105
17.159500 2.381100 1.801000 0.460007 -0.533008 0.460007 -0.541008
-17.806100 -1.679400 1.629000 -0.248958 -0.068988 -0.205966 -0.943842
15.012500 -9.102400 1.869000 -0.197067 -0.038013 -0.979334 -0.025009
-1.181700 2.725300 1.619000 0.074998 0.247993 0.942972 0.208994
9.623000 -10.459600 1.625000 -0.788284 -0.124045 0.424153 0.428154
10.531200 16.757100 1.797000 0.448142 0.759241 0.434138 0.185059
8.858900 -3.905700 1.626000 0.068981 -0.690814 -0.163956 0.700811
14.352900 -13.071400 1.750000 -0.827903 -0.032996 0.510940 0.228973
17.163700 -7.740300 2.395000 -0.124930 -0.832536 -0.299833 0.448750
-7.486300 -14.514200 1.789000 -0.404797 -0.880559 0.215892 0.118940
12.053300 -4.766300 1.639000 -0.685251 -0.113041 0.455167 0.557204
-16.786300 0.891200 2.523000 0.784982 -0.006000 -0.244994 0.568987
-16.058900 -10.203600 1.641000 0.039006 -0.155022 -0.971138 0.177025
-11.144800 -10.622900 1.659000 -0.928522 -0.060034 0.077043 -0.358201
-12.647600 8.913900 1.632000 -0.802270 0.579195 0.061021 -0.131044
-14.774700 8.183100 1.640000 0.561973 0.295986 0.653968 0.410980
-0.433200 8.995200 1.617000 0.498912 0.712875 0.414927 0.265953
1.143100 -14.535200 1.812000 -0.471804 -0.787672 0.387838 0.080966
-11.080300 -16.816900 1.995000 -0.015997 -0.806843 -0.518899 -0.281945
-14.717900 13.447000 2.051000 0.357823 0.342830 -0.003998 -0.868570
10.572000 -7.001700 1.871000 0.738203 -0.240066 0.434120 0.457126
11.992200 -5.618200 2.173000 -0.658115 0.236041 0.124022 0.704123
8.287800 -16.795100 1.655000 -0.029983 0.095947 -0.944476 0.312826
11.024900 0.656800 1.660000 0.637148 -0.270063 0.032007 0.721168
12.369800 2.141600 1.686000 0.490202 0.283117 -0.003001 -0.824341
8.799600 6.008600 1.699000 -0.878403 0.439202 -0.119055 -0.146067
8.116400 -1.642100 1.840000 -0.086011 0.423053 -0.896112 -0.103013
4.992900 0.502500 1.736000 0.512011 0.382008 -0.705015 -0.308007
-0.374800 -0.339500 1.817000 -0.207046 0.312069 -0.927205 -0.006001
-5.319000 7.420200 1.703000 -0.293034 0.428049 0.783090 0.343039
-17.915700 17.666900 1.688000 -0.907696 0.404864 -0.008997 0.109963
-8.698800 12.942100 1.793000 0.025990 -0.245905 -0.954631 0.165936
-9.571500 13.444400 1.812000 0.296930 -0.070983 -0.267937 0.913785
12.503700 8.745400 1.625000 -0.149023 0.638101 -0.746118 0.118019
-14.184000 2.916800 1.931000 0.553803 0.526813 -0.312889 -0.563800
-13.636200 8.744400 1.720000 0.067014 0.020004 -0.687142 -0.723149
-8.985200 4.194200 1.743000 0.921678 0.356875 -0.145949 -0.042985
14.865500 15.588900 1.767000 -0.136059 -0.460200 -0.093041 0.872380
6.646600 -4.451900 1.713000 0.563791 -0.210922 0.053980 -0.796704
-16.765400 5.759200 1.763000 -0.175047 -0.376101 -0.831224 -0.370100
-15.351400 7.250900 1.895000 0.061992 0.536932 -0.103987 0.834894
-5.002300 -12.639100 2.322000 0.004999 0.723882 -0.345944 -0.596903
-5.387500 9.128500 1.746000 -0.496031 -0.226014 0.734047 0.405026
10.519500 -1.134900 1.713000 0.169057 0.195066 -0.914308 0.312105
16.463000 12.109900 1.749000 0.005000 -0.519961 0.852936 -0.045997
11.461900 -3.054800 1.618000 -0.346858 -0.119951 0.324867 0.871644
-3.686300 8.435000 1.724000 -0.183917 -0.629716 0.754660 0.010995
12.979500 4.767400 1.729000 -0.593146 -0.264065 0.751185 0.119029
12.476400 7.622300 1.943000 -0.417892 0.124968 0.012997 -0.899767
14.225700 13.955800 2.458000 0.191004 0.836018 0.238005 -0.456010
10.166900 5.440900 1.953000 -0.425219 -0.677349 0.004002 -0.600309
8.483200 -12.544100 1.656000 -0.134053 0.068027 0.556221 -0.817325
-6.443900 5.221500 1.799000 -0.061006 0.099009 0.779071 -0.616056
-7.642700 3.601600 1.817000 -0.592147 0.446110 0.670166 0.035009
3.144600 -12.780400 1.662000 0.169932 -0.210916 0.795681 -0.541783
13.138900 -15.092900 1.986000 0.554105 -0.488092 0.209040 0.641121
-17.991000 10.340900 1.714000 -0.545188 -0.554191 -0.563194 0.280097
-3.936200 6.261300 1.742000 0.641842 0.085979 0.117971 0.752814
-0.848900 8.078300 1.635000 0.167967 -0.532896 0.770850 -0.305940
2.939800 -10.911400 2.104000 0.095023 -0.579143 0.358088 -0.726179
-2.843900 -16.557000 1.679000 0.228942 -0.451886 0.755809 0.414895
-9.477000 -17.309100 1.630000 -0.521773 -0.234898 0.313864 0.757671
-12.483300 -12.011800 1.752000 0.470171 -0.593215 -0.481175 0.442161
5.369800 -16.831100 1.653000 0.103991 -0.309973 0.130989 0.935919
-1.984500 8.493500 1.649000 -0.100008 0.515043 -0.552046 0.648054
12.382800 17.224400 2.664000 -0.133047 0.432153 0.586207 0.672238
-0.484100 6.049000 1.706000 -0.180038 0.044009 -0.289061 -0.939198
-7.821300 6.910400 2.544000 0.660962 -0.306982 0.680961 -0.071996
-1.086400 -2.910900 1.698000 0.191973 0.895876 0.173976 0.360950
-5.678200 -10.147400 1.829000 -0.055009 0.959162 -0.234039 -0.149025
14.256500 -16.793400 1.674000 -0.623973 0.071997 0.069997 0.774967
-16.421200 3.295800 1.663000 -0.585053 0.444040 -0.059005 -0.676062
-7.044400 -13.506200 1.798000 0.449937 -0.416942 0.326954 -0.718900
16.011400 13.822300 1.634000 -0.764780 0.389888 -0.404884 -0.314909
10.583100 -15.198100 1.743000 -0.310998 -0.924994 -0.217998 0.012000
15.492000 16.666700 1.729000 0.287895 0.882677 -0.323881 -0.181933
-14.196400 6.107900 1.733000 0.527037 -0.007000 -0.764054 0.372026
-7.114000 -7.066000 1.640000 0.052015 -0.906270 0.416124 -0.053016
-4.150500 -11.910900 1.931000 0.383043 -0.008001 -0.425047 -0.820091
7.232500 8.424800 1.653000 0.283191 0.229154 0.819551 -0.442298
-16.970600 -12.016800 1.660000 0.082037 -0.235105 0.077035 -0.965433
-5.653900 -3.866400 1.664000 -0.107046 0.167071 0.617263 0.761324
-1.665700 -11.035700 1.779000 -0.864335 0.382148 -0.214083 0.247096
2.149700 -5.817200 1.638000 0.123988 0.150985 0.426958 0.882914
-1.324100 12.563300 1.687000 -0.753034 0.175008 0.159007 0.614027
-12.088400 -15.622900 1.716000 0.213001 0.045000 0.005000 -0.976002
-13.270400 -8.236300 1.640000 0.667084 -0.587074 -0.139018 0.437055
-7.627800 -17.111800 1.628000 0.015999 -0.207987 -0.952939 0.219986
5.059200 14.082700 1.641000 0.191012 -0.693043 -0.643040 0.264017
6.013500 -9.841400 1.795000 0.985645 0.001999 0.035987 -0.164941
-5.604300 12.649800 1.932000 0.078979 -0.305919 -0.006998 -0.948750
8.049600 0.029000 1.707000 0.556173 -0.704219 0.255079 0.360112
-1.820800 -15.596800 1.630000 0.526844 0.718788 -0.450867 -0.049985
9.633200 7.080100 1.801000 0.048000 0.497004 0.696005 -0.516004
-16.919400 14.600500 1.689000 0.074988 0.250960 -0.902857 -0.340946
-4.869700 -13.687100 2.421000 0.124997 -0.229995 0.900981 -0.345993
-0.384300 -4.690600 1.826000 -0.399870 -0.731763 -0.010996 -0.551821
-6.195600 17.339600 1.777000 0.448804 0.102955 0.010995 0.887612
12.962300 -1.712000 1.644000 -0.270904 0.209926 -0.532812 0.773727
17.201900 3.377000 1.658000 -0.479838 -0.553813 -0.591800 -0.335886
-13.552200 13.703200 1.639000 -0.334062 0.445082 -0.283052 -0.781144
-11.781800 11.601800 2.468000 -0.631969 -0.106995 0.314985 -0.699966
-18.000800 -3.429200 2.518000 -0.105055 -0.411215 -0.060031 -0.903472
14.420300 9.421100 1.743000 0.125014 0.267029 0.475052 0.829091
10.651900 -8.551300 2.086000 -0.836270 -0.305098 0.295095 0.347112
15.092300 1.295300 2.597000 0.549949 -0.645940 -0.187983 -0.494954
-4.403300 4.357100 2.541000 0.751768 -0.285912 0.465856 0.368886
11.913600 -8.519700 1.739000 -0.119001 -0.071000 0.869005 0.475003
-5.763200 4.400100 1.622000 0.072010 0.721102 -0.686097 -0.064009
1.660500 -9.537100 1.718000 -0.085980 0.642851 -0.697838 -0.303929
-14.012100 1.966800 1.644000 -0.495091 0.366068 0.633117 -0.469087
10.716100 -3.732200 1.620000 -0.238106 0.235105 -0.658293 0.674300
12.725000 -13.517100 1.707000 -0.246988 0.929953 -0.135993 0.235988
-4.766100 10.186700 2.284000 0.824072 0.179016 -0.382033 -0.378033
-10.732300 -15.755900 1.716000 0.194961 0.099980 -0.313938 -0.923817
-3.594400 6.908900 2.542000 0.463743 -0.271849 -0.729596 -0.422766
13.694600 15.747800 1.738000 0.316013 0.621026 -0.374016 0.612025
12.325300 11.573200 1.626000 0.443849 0.277906 0.411860 0.745746
-9.831100 -15.306700 1.686000 -0.159947 -0.138954 0.777740 0.591802
4.319900 13.138300 1.852000 -0.797114 -0.596085 0.083012 0.049007
-16.941600 17.410800 1.702000 0.210968 -0.968851 0.116982 -0.055991
-15.115900 -10.554500 1.687000 -0.164918 -0.014993 -0.095953 -0.981514
-8.293900 -1.403900 1.668000 -0.477033 0.823056 0.267018 -0.154011
-12.234300 -10.146100 2.416000 -0.190098 -0.472242 0.811416 0.287147
16.749800 -15.758900 1.794000 -0.725742 -0.294895 -0.619780 -0.046983
3.948400 10.424500 1.875000 -0.444084 0.062012 -0.069013 0.891168
-0.860700 2.304800 2.638000 0.101015 -0.599092 0.586090 0.536082
-9.965900 -2.696200 1.742000 -0.104987 -0.929884 0.333958 0.112986
-9.941800 -10.072400 1.622000 0.264976 0.648942 0.695938 -0.155986
-7.436900 -15.997200 1.622000 0.938065 0.310022 0.146010 0.051004
14.091100 -11.290500 1.998000 -0.805900 -0.336958 -0.278966 0.398951
-15.465900 14.301100 1.670000 -0.718881 0.055991 -0.652892 0.231962
15.466400 10.710500 1.617000 -0.719742 -0.383862 0.229918 0.530810
-13.247400 -3.098200 1.824000 -0.446062 0.028004 -0.089012 -0.890124
-15.277100 -13.176500 1.709000 0.598867 0.364919 -0.006998 -0.712842
-1.591500 13.957900 1.662000 0.810033 -0.229009 -0.239010 -0.484020
1.122700 -11.009800 1.939000 -0.786829 0.535883 0.292936 -0.088981
8.171300 -17.270500 2.711000 -0.398774 -0.438751 0.617650 0.516707
9.268800 -16.570600 1.689000 -0.979755 0.139965 0.059985 -0.129968
17.677100 -11.680700 2.562000 -0.675990 0.500993 -0.525992 -0.123998
-11.058300 4.742900 2.009000 0.581102 -0.558098 0.450079 -0.385067
16.861100 16.865400 2.130000 0.779235 -0.161049 -0.055017 -0.603182
-3.243700 -5.623400 1.947000 -0.687017 -0.629016 -0.246006 -0.268007
-12.676200 -14.619400 1.648000 0.845124 -0.098014 -0.514076 -0.109016
5.750200 -12.276600 1.842000 0.419045 -0.475051 0.694074 0.342037
-6.706500 12.117000 1.649000 0.577131 -0.457104 0.498113 0.458104
-6.884200 -9.756000 1.856000 -0.246839 0.586616 0.366760 0.678556
-8.349100 16.832500 1.679000 0.238101 0.801341 0.202086 0.510217
1.539400 -17.360700 1.935000 -0.044982 -0.537787 0.670735 -0.508799
17.266000 17.793600 1.652000 0.919010 0.388004 -0.055001 -0.043000
-16.134200 -5.879300 1.709000 -0.395019 -0.239011 0.486023 0.742035
14.122200 -17.762600 1.914000 -0.661877 0.062988 0.067987 0.743861
8.778600 -6.630200 1.686000 0.310023 0.566042 -0.763057 0.035003
-17.143400 7.499500 1.684000 0.409138 -0.654220 -0.503169 0.389131
9.655700 -15.566100 1.870000 -0.205933 -0.056981 0.692773 0.688774
-4.380900 14.271100 2.278000 -0.694502 -0.518628 -0.498642 0.006995
12.143400 -7.042700 1.685000 0.501925 -0.526921 -0.206969 -0.653903
0.674300 2.542600 1.678000 0.230006 -0.910023 0.335009 -0.082002
-1.853900 10.833600 1.915000 0.788044 -0.313017 -0.524029 -0.080004
17.260100 -13.164400 1.671000 0.344909 0.198948 0.529860 0.748803
