-449.594274604032
-946.747297272646
-910.856397327282
-918.445100913127
-903.758868246339
-921.591142081778
-908.149302553384
-933.739284499946
-938.247674629296
-968.560560579074
-961.587107893841
-978.527495239934
-995.494698054799
-1050.971520578908
-1016.259151441443
-1035.772365863435
-989.145647560738
-925.785301429320
-1043.802792192911
-1008.529629090541
-952.685345034245
-972.125780970320
-988.457680411812
-974.457888938529
-941.259585920815
-927.039711605118
-911.509259566068
-870.310966951766
-893.043804486209
-868.446661325899
-939.331656739152
-976.573581776164
-1010.221468502179
-956.411461187856
-896.506566369336
-872.333860174011
-860.963769338697
-869.943880616216
-883.381206412175
-898.545275209760
-877.348104402957
-832.388775496221
-887.540482565774
-900.403925994797
-869.612838744983
-840.005355845508
-843.610014592657
-817.288177205801
-848.116780242067
-962.120867571512
-924.952071167167
-887.561883780495
-920.012347433805
-938.580514991841
-972.800951877652
-947.658239455024
-920.035778921976
-963.415703486958
-1012.525135340208
-943.210215560514
-929.926434907076
-971.902132788070
-939.411629384671
-965.756286216991
-923.311263639947
-962.903487875803
-944.968947725107
-924.996172787979
-932.537725744965
-816.348208629230
-935.169600970293
-933.094113716032
-898.287122402089
-926.446569452414
-890.461077726668
-882.095806748785
-931.969877997137
-862.645887188394
-877.721865959577
-804.884272207663
-705.962372445626
-764.164815382680
-741.516188798469
-702.077821183800
-772.830593838069
-734.778045545175
-750.199366249389
-743.843045430162
-760.903314859033
-803.731647284115
-786.110613068124
-807.149546807048
-793.718224100614
-812.376949199645
-836.045827702095
-854.873863756950
-891.774053634261
-829.876898544678
-810.355296892868
-800.689501956301
-794.845273786668
-826.672436015109
-798.171168308289
-761.122731666514
-837.084492665648
-808.555785182346
-782.700150005792
-832.263257846654
-883.879583057387
-845.183344435478
-809.093157994105
-820.582958381020
-792.854470538491
-772.351583981426
-822.387113838446
-798.184771708996
-826.959434508849
-812.842949233097
-841.398962038603
-783.220325102155
-695.981751667918
-728.147778394185
-721.261655708865
-688.883894315281
-704.976575525982
-695.780894624377
-626.767571362042
-649.259243126942
-608.451899173987
-644.951533129228
-661.424254072041
-579.202083393715
-533.936347458368
-579.847964322662
-541.619153793014
-611.392337378985
-623.242389271067
-639.301255971303
-646.077309662471
-626.506719229504
-567.021308808833
-618.027436067192
-616.470887038826
-611.966683094098
-671.827181132651
-619.718091790276
-613.071675606495
-627.690417879392
-612.799336092337
-694.780432477736
-642.861350628894
-718.736708678182
-691.066726033027
-660.201383130118
-702.153916075126
-692.732516420978
-701.965437921335
-710.384389431373
-654.393749082176
-645.072009318145
-660.982977854929
-601.621924132484
-688.809184839719
-691.689309330503
-667.296559000862
-655.207749178781
-706.708504189522
-700.568542032801
-706.101051461053
-654.467838846273
-722.611798535273
-746.153788533113
-695.922460366530
-727.855172848079
-676.913399317641
-666.315610493175
-728.255917920612
-696.418594923271
-761.124412114522
-756.224694319169
-782.380330869816
-748.345127772621
-752.361893766436
-784.427103059728
-725.459309608098
-715.859474809098
-717.528779343490
-700.594012992233
-653.722101044649
-699.293037943960
-752.632704864819
-763.417788063320
-805.196232022758
-742.868583943606
-829.726622586837
-787.667850356977
-818.886957522462
-794.552048436123
-740.376888009993
-823.947833083657
-722.856136087340
-747.470851045081
-789.278465533784
-755.767198906695
-710.832301130053
-697.477979449072
-623.391227743231
-661.516740104016
-690.027988146087
-719.107956176564
-705.163586579018
-730.688454574736
-702.473211397209
-733.330319370324
-742.893854895506
-726.987939541704
-734.172683176093
-683.617437934175
-679.768037286756
-630.256147730173
-579.865916363627
-637.916579758460
-651.103947752625
-647.624603114748
-678.165047766116
-710.370477411459
-690.630408083897
-741.057816864402
-730.653340007112
-724.631408205076
-736.269478930014
-721.717761727471
-694.116689478490
-744.021027056483
-729.146028740400
-717.209464238503
-750.439975502146
-778.853668490552
-740.795097048499
-699.732645839161
-702.801660674389
-736.749277234726
-794.983198244185
-801.102170567778
-881.886730233737
-822.801419631471
-846.653315791978
-833.562990366569
-916.419519498111
-907.777049316568
-894.295374385019
-786.355855915420
-842.081415469922
-837.664923642422
-834.104874113566
-833.323048993033
-814.249493607619
-863.767849217338
-879.854931139935
-840.756854016421
-847.549589175958
-823.877517933528
-738.405561964776
-731.518309209140
-755.360856823145
-763.550460706729
-772.513458940295
-764.086718156050
-830.936746652954
-866.466328177159
-803.282506408251
-838.249141204497
-819.968205066442
-858.663222820197
-857.912170540192
-877.539035492643
-859.231983419094
-884.523534062812
-880.008512682630
-827.801723784875
-779.855875453358
-821.765304885499
-791.957302035665
-805.483699476816
-800.619110511630
-808.842509729377
-759.859471893329
-806.449209967369
-828.036148860250
-789.353687861281
-802.673322186625
-786.038546592779
-784.432903493741
-862.284073323542
-874.493768218296
-854.679333062886
-915.841416468639
-899.046906309899
-901.986745519957
-900.700264159321
-949.256152396470
-924.627671389855
-878.061323131765
-887.858876602167
-929.158597388538
-886.411223118934
-893.347628710103
-917.926582611058
-974.518631511251
-938.215248774079
-882.767745342739
-794.011789120241
-839.854482733377
-730.973119993021
-723.209361821702
-736.780081142650
-745.106493246059
-712.836061255141
-729.048553331383
-729.240906291231
-695.283744380736
-707.087801643795
-687.852346426158
-639.419399731538
-580.244333420501
-576.815494995796
-567.303789353956
-538.279287653073
-590.881580242458
-609.924075867073
-691.223760842360
-643.576870938443
-727.331919374726
-711.220914273423
-669.698927734814
-624.795067584160
-635.393698294815
-652.542179840952
-673.369761922891
-721.635512378063
-726.281502184229
-750.170028183081
-753.204247549111
-752.037612480451
-746.803587177322
-695.535942724796
-680.750366725420
-708.878192918058
-696.788802211702
-694.190375374901
-760.475031289790
-730.589446344624
-793.851970600040
-786.938921228633
-777.827374197922
-768.387356392168
-741.979744545917
-781.905207925289
-753.686832506183
-722.778142317465
-719.806048992057
-667.891599718684
-674.714938772820
-726.295704271056
-737.631610140978
-810.329347769556
-741.531932857032
-742.665419736732
-742.507570899537
-791.176732095707
-748.879485757856
-800.639821317851
-859.811834277416
-827.364990044841
-780.530582376092
-839.321450186124
-866.182407354257
-873.844128158763
-885.995183944603
-903.367136654357
-965.181110476925
-921.158829544837
-849.844735365676
-809.902084178512
-819.580930769472
-859.275625104221
-892.671703825403
-849.739714651452
-879.795357724643
-841.054020446464
-803.969956213786
-783.152933244848
-786.803539592032
-756.417100122232
-800.155031642516
-766.267362791283
-742.287932978577
-759.238071758491
-833.086275727760
-743.078832538799
-760.425407095892
-778.905738591065
-767.789782096229
-764.660144430705
-754.144321483625
-758.352814255970
-793.355707904193
-783.144135887892
-790.250150899662
-834.203524586426
-825.826007537842
-799.091506259830
-807.249268770402
-794.119008975163
-826.346134509446
-752.524809781409
-728.830265640373
-737.060184260844
-696.941295703150
-679.628932097116
-757.531576634659
-706.213140072210
-705.704630487075
-736.387174941622
-834.665588068649
-787.475495945003
-777.279112290314
-794.598008990113
-810.859625629198
-755.604102200960
-695.427148609359
-700.054641763151
-661.558725900951
-666.661300914215
-647.851943996164
-610.138170886258
-604.161059785866
-598.233728491522
-633.226005718063
-605.526135070673
-629.732425476820
-615.841833545982
-539.962050684730
-586.797390692125
-541.402646477822
-502.243586406245
-513.176317676421
-458.604400842289
-432.024381865291
-425.763822317824
-447.565743184501
-450.095622777255
-502.006446971855
-518.497843978730
-534.860647166881
-494.588980244050
-477.082130467125
-488.674653203061
-506.614323756750
-494.334346489019
-573.301590798908
-580.781383031363
-577.011425171883
-559.628221263381
-554.662937394081
-551.604884528994
-553.644883777493
-555.457186777072
-566.031983858005
-575.523480721398
-572.190905584599
-533.725478169914
-575.264422360758
-528.119087360166
-515.737743694750
-574.204258911076
-584.149062324656
-578.008826917818
-635.148614063123
-598.524279199249
-558.422340803041
-575.220386345359
-556.309699698096
-612.393620704142
-652.063549311097
-754.690933170499
-688.395743432981
-719.697212346056
-676.770995617374
-647.675324107314
-632.385620865890
-654.929095221172
-644.418878148157
-616.776297900701
-613.033434914035
-570.092279083146
-604.839191955202
-550.842374521930
-616.209519716257
-597.164631256825
-584.390783889551
-598.023938796823
-635.470136738018
-611.958507016805
-581.732747894609
-544.911912147287
-536.870516773120
-625.966164734097
-602.175470556272
-588.318857313788
-626.492936417869
-684.337535331250
-655.594041606476
-570.123706024100
-570.297076854584
-609.483639813854
-656.679825528724
-631.283508216450
-599.996616521543
-669.789277261891
-623.895745862286
-615.582564131588
-552.344863643603
-576.165080902918
-523.459190492906
-497.137982379526
-532.836347109396
-552.524130843835
-518.020733569434
-473.939908765629
-500.004772673706
-500.668680624011
-516.594878151173
-534.635742257253
-430.729516694165
-456.560616903312
-451.046810818258
-434.297049853018
-368.482113194061
-319.426836610942
-328.658639338063
-363.402601543113
-351.391621596793
-364.599599315634
-407.539110245534
-424.307639690213
-446.168964604279
-514.702579028528
-505.540583802565
-512.046704615700
-496.874478537248
-463.787201608133
-499.987583757148
-540.404863818781
-523.863435157976
-567.264367495945
-593.824638890016
-562.053521773878
-628.948683195219
-627.471488541181
-623.043041154132
-662.008014411794
-648.056687827813
-668.430606391243
-644.056722884994
-724.458776262511
-733.230412052507
-740.948993907310
-769.669090003524
-804.745479936245
-805.531830229656
-832.547435601883
-836.166773340465
-877.169625009198
-870.979716303365
-852.304473292256
-839.613412733395
-835.234741011873
-828.679689839411
-803.263197979357
-841.894925082989
-789.375063089445
-752.680847054220
-727.445602784359
-762.923696528006
-733.915307929300
-662.203031500263
-700.178333832530
-606.308566177429
-611.001114123637
-642.234907246595
-648.984007142642
-673.570940694552
-663.897141486026
-679.964511498084
-684.055199799240
-705.393131329087
-652.529315822616
-666.059432629939
-625.851426350697
-670.863658530516
-723.206361504322
-681.942125060006
-721.181416443867
-708.967595911408
-652.341306545221
-642.451833377021
-652.828379478803
-668.918466840675
-659.058034907303
-624.088607836193
-682.960933884401
-614.331323371133
-624.101977661062
-645.578366844205
-587.687701037408
-599.300328138556
-640.285718309330
-620.037465483838
-588.721245775688
-557.843584443892
-525.795158600428
-621.867840036472
-647.102093136558
-648.065150627206
-616.311905585010
-585.484531618893
-672.206329201847
-685.341454557442
-671.398092160578
-632.652192476124
-662.202848565131
-682.956177379208
-688.565750655073
-625.364653070514
-732.151671989476
-706.299903587134
-737.331769772217
-710.083486321971
-777.680631916205
-637.580344582222
-664.186157173829
-661.506124701604
-677.229743208228
-655.822937364384
-622.994355016994
-612.197688854096
-646.819783591269
-652.928171861331
-686.527616227467
-629.545877500571
-634.892114929996
-605.762473531022
-636.178132223916
-624.132892814109
-635.148444813646
-649.189603284297
-703.719112710940
-748.230404448150
-699.858617009014
-767.106262226827
-728.751779788336
-831.147857897376
-834.145199519752
-815.478946612647
-820.790133020507
-801.321351761872
-796.123113010633
-857.576367847228
-898.337309149255
-920.418777057894
-903.841429490706
-894.869893271451
-950.614659842829
-983.042703432570
-890.750336334391
-925.133405174711
-894.089194983309
-866.707897101166
-821.560627714672
-825.309145505394
-816.862419761123
-801.719907275996
-751.162701552773
-770.137254573871
-768.083156595369
-755.721407074644
-723.628998292830
-733.571094389976
-702.799777185185
-781.861864069521
-786.541081901937
-792.854780844146
-758.537550360141
-703.148850164979
-727.245652505346
-749.174382248373
-725.998874395582
-751.792761276950
-813.635460361918
-806.511123583800
-817.522097641250
-779.064887332832
-914.774669666939
-857.935880091174
-882.590817372456
-834.933340898660
-844.296823965197
-835.822607960905
-862.356708358978
-884.487358866524
-899.872971384383
-866.709287099744
-853.748444145717
-878.742470388215
-873.035902379510
-880.476597803925
-913.674398624281
-944.836377794120
-930.926188339906
-999.649907097054
-1002.946012013951
-937.055684676791
-1003.345415426036
-1016.678188346395
-994.664000648246
-977.501350463819
-976.175337224015
-978.692657325003
-993.175407336004
-1035.885791134561
-1015.073462303751
-1053.449589955090
-1011.997939067916
-1052.336149110789
-1118.960704989203
-1010.037009308523
-1062.264868276566
-972.797539302252
-1030.515613543709
-1022.334841904874
-957.933441517629
-962.779419972174
-987.441402993993
-931.675125847677
-932.172090699202
-939.102097861520
-872.468193151731
-865.254875448008
-837.322220263028
-854.815924204058
-880.065370788404
-778.387207323818
-853.163820587073
-843.101349720235
-864.445995407885
-856.233510308998
-820.964535208723
-843.669469634671
-926.355754553326
-876.381389164057
-822.525698802435
-843.413732670743
-835.277005022859
-866.815434216163
-827.223438617916
-810.467214853794
-959.670178505735
-877.920528233279
-937.029947449307
-893.860325712270
-941.971449248659
-880.231994727266
-903.054468574291
-901.475376687251
-957.299497742992
-919.946796126064
-983.293303200953
-988.992860881324
-993.813010597018
-1000.408416067303
-990.445492157986
-977.681635132407
-1002.044923455437
-1033.996645085744
-993.501842939963
-1006.001302868236
-954.816331949473
-966.986674554731
-964.688117590626
-943.232779806269
-977.325965173202
-1030.274318949898
-1017.043437983846
-998.903133452693
-1041.995026904803
-1015.551550160704
-981.216966479982
-1031.707388493458
-1075.000629094835
-1012.326960141277
-1081.652502608807
-1057.567552590805
-1006.523230594257
-987.592039605793
-1040.267905239159
-1002.528715291000
-911.036858470030
-888.337943924584
-945.341053115047
-872.934696896538
-897.414628253656
-880.748237105190
-894.526660766755
-904.327525386934
-918.588628259838
-878.351715548060
-870.310675442244
-902.377955883937
-902.609584704926
-862.791754331179
-855.161002746844
-834.423422215824
-879.543905711179
-862.505333193900
-845.679556764045
-797.021089883818
-755.647479671745
-663.406342139833
-648.664149190194
-634.112106622589
-683.774479224923
-734.479215739615
-710.026578501310
-714.584894453258
-754.897070593391
-719.257595294311
-715.284062892808
-790.160267095600
-790.245392441309
-823.933534512364
-843.963948358931
-865.938646752116
-885.658173568583
-916.134518650077
-919.294107691988
-881.572641591688
-913.633305860812
-985.802984202446
-940.279093489125
-901.578717950333
-968.472688670844
-1004.652252742141
-1003.257509178409
-917.901802899563
-969.237550591648
-1013.202496608880
-974.314061129324
-948.777410684466
-952.586874183183
-830.261850239570
-927.299818711684
-893.034594741992
-886.345328419681
-872.498177399933
-820.406993105676
-874.373111981849
-869.634005527587
-847.142595937906
-869.666993953230
-870.238273274068
-861.286853128863
-914.506489697840
-874.753856833597
-876.224032586623
-807.680693291674
-841.098769196403
-829.862830847725
-771.579731176751
-727.484494320019
-799.491290492099
-763.003435574138
-749.541211210733
-782.318998064330
-783.689394238759
-741.263902136095
-782.253272529773
-787.661913677132
-803.769060766998
-835.730728032878
-796.419552043170
-843.701918073405
-824.463826006971
-894.092013347480
-905.020008954072
-901.923438377344
-964.933872227854
-985.807943624107
-928.260929571361
-945.830814459680
-996.915876596776
-958.807192455281
-955.733486458237
-1055.128641207583
-1041.248847337900
-1101.604502197481
-1086.790507803023
-1026.565030045874
-961.263176375635
-952.372791349463
-971.378099166158
-911.423996069899
-894.029814506584
-939.453150151065
-966.581645758811
-909.583997504828
-880.829495750355
-868.763521361442
-937.007026337805
-915.364465712334
-884.506581677029
-899.853497691845
-946.187454669683
-949.878065607195
-848.790989479355
-850.313912859514
-944.199030930814
-883.943977381643
-960.114535765849
-976.203785801389
-976.896266519915
-981.488382757721
-990.196548108218
-973.983158248081
-954.392971434179
-932.036656518688
-854.890673273038
-875.249640056929
-857.931197421863
-862.184901171973
-884.979168276665
-848.967970085404
-922.229902529496
-880.385566623567
-927.616786709050
-929.266873678081
-952.571483611788
-993.145292974115
-896.476361961648
-956.650308757235
-935.411666040862
-938.419486607135
-887.358846949495
-968.778713129968
-980.205181474824
-961.985375274036
-917.232870098228
-934.601042415443
-935.245857843748
-925.932009049447
-930.417148506549
-884.777436313837
-870.820610666521
-839.042600708362
-817.334210661734
-831.023551007627
-863.827155100020
-872.536029877503
-906.298474043650
-899.887289933666
-946.073349743224
-945.900563253687
-875.356042508599
-953.538908690044
-918.749433175051
-917.138031176860
-936.441864190527
-892.357415948530
-906.436947218795
-949.452842213066
-946.666331212323
-921.863567799665
-914.561538300292
-913.952889875575
-890.069858127345
-886.564227143825
-952.175655514677
-885.307227672601
-911.109273366319
-917.753438866371
-888.453640215373
-831.450382199902
-875.349082218288
-852.997479263123
-826.825219803015
-850.198605285948
-838.474364556895
-862.758584674647
-892.627648559073
-909.797084270337
-873.093864275890
