0.0000 0.0377 0.0000000000 1001
0.0377 0.0755 0.0000000000 1001
0.0755 0.1132 0.0000000000 1001
0.1132 0.1509 0.0039960040 1001
0.1509 0.1887 0.0229770230 1001
0.1887 0.2264 0.1888111888 1001
0.2264 0.2642 0.7382617383 1001
0.2642 0.3019 1.5804195804 1001
0.3019 0.3396 2.3426573427 1001
0.3396 0.3774 2.8511488511 1001
0.3774 0.4151 2.8421578422 1001
0.4151 0.4528 2.7702297702 1001
0.4528 0.4906 1.2247752248 1001
0.4906 0.5283 0.6493506494 1001
0.5283 0.5660 0.3716283716 1001
0.5660 0.6038 0.1988011988 1001
0.6038 0.6415 0.1018981019 1001
0.6415 0.6792 0.0569430569 1001
0.6792 0.7170 0.0339660340 1001
0.7170 0.7547 0.0189810190 1001
0.7547 0.7925 0.0029970030 1001
0.7925 0.8302 0.0000000000 1001
0.8302 0.8679 0.0000000000 1001
0.8679 0.9057 0.0000000000 1001
0.9057 0.9434 0.0000000000 1001
0.9434 0.9811 0.0000000000 1001
0.9811 1.0189 0.0000000000 1001
1.0189 1.0566 0.0000000000 1001
1.0566 1.0943 0.0000000000 1001
1.0943 1.1321 0.0000000000 1001
1.1321 1.1698 0.0000000000 1001
1.1698 1.2075 0.0000000000 1001
1.2075 1.2453 0.0000000000 1001
1.2453 1.2830 0.0000000000 1001
1.2830 1.3208 0.0000000000 1001
1.3208 1.3585 0.0000000000 1001
1.3585 1.3962 0.0000000000 1001
1.3962 1.4340 0.0000000000 1001
1.4340 1.4717 0.0000000000 1001
1.4717 1.5094 0.0000000000 1001
1.5094 1.5472 0.0000000000 1001
1.5472 1.5849 0.0000000000 1001
1.5849 1.6226 0.0000000000 1001
1.6226 1.6604 0.0000000000 1001
1.6604 1.6981 0.0000000000 1001
1.6981 1.7358 0.0000000000 1001
1.7358 1.7736 0.0000000000 1001
1.7736 1.8113 0.0000000000 1001
1.8113 1.8491 0.0000000000 1001
1.8491 1.8868 0.0000000000 1001
1.8868 1.9245 0.0000000000 1001
1.9245 1.9623 0.0000000000 1001
