0.0000 0.0377 2.4425574426 1001
0.0377 0.0755 0.0000000000 1001
0.0755 0.1132 8.7312687313 1001
0.1132 0.1509 0.0000000000 1001
0.1509 0.1887 16.6063936064 1001
0.1887 0.2264 0.0000000000 1001
0.2264 0.2642 0.0000000000 1001
0.2642 0.3019 22.2027972028 1001
0.3019 0.3396 0.0000000000 1001
0.3396 0.3774 22.9580419580 1001
0.3774 0.4151 0.0000000000 1001
0.4151 0.4528 0.0000000000 1001
0.4528 0.4906 18.9650349650 1001
0.4906 0.5283 0.0000000000 1001
0.5283 0.5660 13.1758241758 1001
0.5660 0.6038 0.0000000000 1001
0.6038 0.6415 0.0000000000 1001
0.6415 0.6792 7.9140859141 1001
0.6792 0.7170 0.0000000000 1001
0.7170 0.7547 4.3696303696 1001
0.7547 0.7925 0.0000000000 1001
0.7925 0.8302 0.0000000000 1001
0.8302 0.8679 1.9900099900 1001
0.8679 0.9057 0.0000000000 1001
0.9057 0.9434 1.0039960040 1001
0.9434 0.9811 0.0000000000 1001
0.9811 1.0189 0.3766233766 1001
1.0189 1.0566 0.0000000000 1001
1.0566 1.0943 0.0000000000 1001
1.0943 1.1321 0.1718281718 1001
1.1321 1.1698 0.0000000000 1001
1.1698 1.2075 0.0669330669 1001
1.2075 1.2453 0.0000000000 1001
1.2453 1.2830 0.0000000000 1001
1.2830 1.3208 0.0199800200 1001
1.3208 1.3585 0.0000000000 1001
1.3585 1.3962 0.0049950050 1001
1.3962 1.4340 0.0000000000 1001
1.4340 1.4717 0.0000000000 1001
1.4717 1.5094 0.0000000000 1001
1.5094 1.5472 0.0000000000 1001
1.5472 1.5849 0.0000000000 1001
1.5849 1.6226 0.0000000000 1001
1.6226 1.6604 0.0000000000 1001
1.6604 1.6981 0.0000000000 1001
1.6981 1.7358 0.0000000000 1001
1.7358 1.7736 0.0000000000 1001
1.7736 1.8113 0.0000000000 1001
1.8113 1.8491 0.0000000000 1001
1.8491 1.8868 0.0000000000 1001
1.8868 1.9245 0.0000000000 1001
1.9245 1.9623 0.0000000000 1001
