0.0000 0.0377 0.0319680320 1001
0.0377 0.0755 0.1598401598 1001
0.0755 0.1132 0.5294705295 1001
0.1132 0.1509 1.1998001998 1001
0.1509 0.1887 2.1048951049 1001
0.1887 0.2264 3.2397602398 1001
0.2264 0.2642 4.0459540460 1001
0.2642 0.3019 4.8141858142 1001
0.3019 0.3396 5.3876123876 1001
0.3396 0.3774 5.6903096903 1001
0.3774 0.4151 5.2397602398 1001
0.4151 0.4528 4.7262737263 1001
0.4528 0.4906 3.6053946054 1001
0.4906 0.5283 2.6883116883 1001
0.5283 0.5660 1.9660339660 1001
0.5660 0.6038 1.3526473526 1001
0.6038 0.6415 0.8571428571 1001
0.6415 0.6792 0.5404595405 1001
0.6792 0.7170 0.3286713287 1001
0.7170 0.7547 0.1998001998 1001
0.7547 0.7925 0.1228771229 1001
0.7925 0.8302 0.0829170829 1001
0.8302 0.8679 0.0289710290 1001
0.8679 0.9057 0.0289710290 1001
0.9057 0.9434 0.0089910090 1001
0.9434 0.9811 0.0049950050 1001
0.9811 1.0189 0.0049950050 1001
1.0189 1.0566 0.0009990010 1001
1.0566 1.0943 0.0009990010 1001
1.0943 1.1321 0.0000000000 1001
1.1321 1.1698 0.0019980020 1001
1.1698 1.2075 0.0029970030 1001
1.2075 1.2453 0.0009990010 1001
1.2453 1.2830 0.0000000000 1001
1.2830 1.3208 0.0009990010 1001
1.3208 1.3585 0.0000000000 1001
1.3585 1.3962 0.0000000000 1001
1.3962 1.4340 0.0000000000 1001
1.4340 1.4717 0.0000000000 1001
1.4717 1.5094 0.0000000000 1001
1.5094 1.5472 0.0000000000 1001
1.5472 1.5849 0.0000000000 1001
1.5849 1.6226 0.0000000000 1001
1.6226 1.6604 0.0000000000 1001
1.6604 1.6981 0.0000000000 1001
1.6981 1.7358 0.0000000000 1001
1.7358 1.7736 0.0000000000 1001
1.7736 1.8113 0.0000000000 1001
1.8113 1.8491 0.0000000000 1001
1.8491 1.8868 0.0000000000 1001
1.8868 1.9245 0.0000000000 1001
1.9245 1.9623 0.0000000000 1001
