0.0000 0.0377 0.2277722278 1001
0.0377 0.0755 1.3726273726 1001
0.0755 0.1132 0.0000000000 1001
0.1132 0.1509 3.6943056943 1001
0.1509 0.1887 7.0269730270 1001
0.1887 0.2264 0.0000000000 1001
0.2264 0.2642 10.3356643357 1001
0.2642 0.3019 0.0000000000 1001
0.3019 0.3396 12.1228771229 1001
0.3396 0.3774 12.2807192807 1001
0.3774 0.4151 0.0000000000 1001
0.4151 0.4528 10.7132867133 1001
0.4528 0.4906 0.0000000000 1001
0.4906 0.5283 8.6113886114 1001
0.5283 0.5660 5.8141858142 1001
0.5660 0.6038 0.0000000000 1001
0.6038 0.6415 3.9160839161 1001
0.6415 0.6792 0.0000000000 1001
0.6792 0.7170 2.2917082917 1001
0.7170 0.7547 1.2617382617 1001
0.7547 0.7925 0.0000000000 1001
0.7925 0.8302 0.6143856144 1001
0.8302 0.8679 0.3596403596 1001
0.8679 0.9057 0.0000000000 1001
0.9057 0.9434 0.1758241758 1001
0.9434 0.9811 0.0000000000 1001
0.9811 1.0189 0.0689310689 1001
1.0189 1.0566 0.0549450549 1001
1.0566 1.0943 0.0000000000 1001
1.0943 1.1321 0.0279720280 1001
1.1321 1.1698 0.0000000000 1001
1.1698 1.2075 0.0089910090 1001
1.2075 1.2453 0.0079920080 1001
1.2453 1.2830 0.0000000000 1001
1.2830 1.3208 0.0029970030 1001
1.3208 1.3585 0.0000000000 1001
1.3585 1.3962 0.0069930070 1001
1.3962 1.4340 0.0009990010 1001
1.4340 1.4717 0.0000000000 1001
1.4717 1.5094 0.0009990010 1001
1.5094 1.5472 0.0000000000 1001
1.5472 1.5849 0.0000000000 1001
1.5849 1.6226 0.0000000000 1001
1.6226 1.6604 0.0000000000 1001
1.6604 1.6981 0.0000000000 1001
1.6981 1.7358 0.0000000000 1001
1.7358 1.7736 0.0000000000 1001
1.7736 1.8113 0.0000000000 1001
1.8113 1.8491 0.0000000000 1001
1.8491 1.8868 0.0000000000 1001
1.8868 1.9245 0.0000000000 1001
1.9245 1.9623 0.0000000000 1001
