0.00 0.483 0 26 117 207

0.00 0.583 0 40 124 186

5.00 0.574 0 39 123 188

10.00 0.574 0 40 121 189

15.00 0.569 0 37 125 188

20.00 0.580 0 40 123 187

25.00 0.580 0 39 125 186

30.00 0.583 0 38 128 184

35.00 0.574 0 37 127 186

40.00 0.577 0 37 128 185

45.00 0.580 0 37 129 184

50.00 0.580 0 37 129 184

55.00 0.580 0 36 131 183

60.00 0.597 0 37 135 178

65.00 0.594 0 37 134 179

70.00 0.606 0 37 138 175

75.00 0.600 0 36 138 176

80.00 0.603 0 37 137 176

85.00 0.617 0 40 136 174

90.00 0.614 0 40 135 175

95.00 0.611 0 40 134 176

100.00 0.611 0 39 136 175

105.00 0.609 0 39 135 176

110.00 0.600 0 37 136 177

115.00 0.603 0 38 135 177

120.00 0.611 0 39 136 175

125.00 0.609 0 39 135 176

130.00 0.606 0 38 136 176

135.00 0.603 0 37 137 176

140.00 0.609 0 37 139 174

145.00 0.606 0 37 138 175

150.00 0.620 0 39 139 172

155.00 0.617 0 40 136 174

160.00 0.609 0 38 137 175

165.00 0.614 0 38 139 173

170.00 0.600 0 37 136 177

175.00 0.606 0 38 136 176

180.00 0.603 0 38 135 177

185.00 0.606 0 38 136 176

190.00 0.597 0 36 137 177

195.00 0.603 0 36 139 175

200.00 0.589 0 36 134 180

205.00 0.597 0 37 135 178

210.00 0.597 0 38 133 179

215.00 0.594 0 38 132 180

220.00 0.591 0 36 135 179

225.00 0.591 0 36 135 179

230.00 0.589 0 35 136 179

235.00 0.589 0 35 136 179

240.00 0.597 0 37 135 178

245.00 0.591 0 36 135 179

250.00 0.589 0 36 134 180

255.00 0.594 0 36 136 178

260.00 0.600 0 37 136 177

265.00 0.603 0 37 137 176

270.00 0.606 0 37 138 175

275.00 0.603 0 38 135 177

280.00 0.603 0 37 137 176

285.00 0.606 0 38 136 176

290.00 0.606 0 38 136 176

295.00 0.611 0 38 138 174

300.00 0.611 0 38 138 174

305.00 0.603 0 37 137 176

310.00 0.600 0 37 136 177

315.00 0.594 0 36 136 178

320.00 0.591 0 35 137 178

325.00 0.594 0 35 138 177

330.00 0.591 0 34 139 177

335.00 0.580 0 34 135 181

340.00 0.574 0 34 133 183

345.00 0.580 0 35 133 182

350.00 0.577 0 36 130 184

355.00 0.577 0 35 132 183

360.00 0.577 0 35 132 183

365.00 0.577 0 36 130 184

370.00 0.571 0 35 130 185

375.00 0.571 0 35 130 185

380.00 0.566 0 35 128 187

385.00 0.571 0 36 128 186

390.00 0.557 0 33 129 188

395.00 0.543 0 31 128 191

400.00 0.549 0 32 128 190

405.00 0.543 0 31 128 191

410.00 0.546 0 31 129 190

415.00 0.554 0 32 130 188

420.00 0.546 0 29 133 188

425.00 0.549 0 29 134 187

430.00 0.554 0 30 134 186

435.00 0.551 0 29 135 186

440.00 0.560 0 30 136 184

445.00 0.560 0 30 136 184

450.00 0.557 0 30 135 185

455.00 0.560 0 30 136 184

460.00 0.569 0 30 139 181

465.00 0.571 0 30 140 180

470.00 0.571 0 30 140 180

475.00 0.571 0 30 140 180

480.00 0.571 0 30 140 180

485.00 0.569 0 30 139 181

490.00 0.560 0 29 138 183

495.00 0.557 0 29 137 184

500.00 0.569 0 29 141 180

505.00 0.560 0 28 140 182

510.00 0.560 0 28 140 182

515.00 0.569 0 29 141 180

520.00 0.571 0 30 140 180

525.00 0.571 0 30 140 180

530.00 0.571 0 30 140 180

535.00 0.574 0 30 141 179

540.00 0.574 0 30 141 179

545.00 0.566 0 28 142 180

550.00 0.569 0 27 145 178

555.00 0.563 0 27 143 180

560.00 0.557 0 27 141 182

565.00 0.569 0 28 143 179

570.00 0.563 0 28 141 181

575.00 0.566 0 29 140 181

580.00 0.569 0 28 143 179

585.00 0.574 0 29 143 178

590.00 0.569 0 30 139 181

595.00 0.557 0 29 137 184

600.00 0.557 0 29 137 184

605.00 0.557 0 28 139 183

610.00 0.551 0 27 139 184

615.00 0.546 0 27 137 186

620.00 0.543 0 27 136 187

625.00 0.540 0 27 135 188

630.00 0.543 0 27 136 187

635.00 0.543 0 27 136 187

640.00 0.543 0 26 138 186

645.00 0.546 0 26 139 185

650.00 0.531 0 26 134 190

655.00 0.529 0 25 135 190

660.00 0.520 0 24 134 192

665.00 0.514 0 23 134 193

670.00 0.529 0 25 135 190

675.00 0.529 0 25 135 190

680.00 0.531 0 26 134 190

685.00 0.529 0 25 135 190

690.00 0.526 0 25 134 191

695.00 0.520 0 25 132 193

700.00 0.526 0 27 130 193

705.00 0.529 0 27 131 192

710.00 0.526 0 27 130 193

715.00 0.531 0 27 132 191

720.00 0.531 0 27 132 191

725.00 0.537 0 28 132 190

730.00 0.540 0 29 131 190

735.00 0.540 0 28 133 189

740.00 0.543 0 28 134 188

745.00 0.551 0 28 137 185

750.00 0.546 0 28 135 187

755.00 0.540 0 28 133 189

760.00 0.540 0 28 133 189

765.00 0.529 0 27 131 192

770.00 0.534 0 27 133 190

775.00 0.540 0 27 135 188

780.00 0.537 0 26 136 188

785.00 0.534 0 26 135 189

790.00 0.534 0 26 135 189

795.00 0.537 0 26 136 188

800.00 0.529 0 26 133 191

805.00 0.540 0 27 135 188

810.00 0.537 0 28 132 190

815.00 0.531 0 25 136 189

820.00 0.531 0 23 140 187

825.00 0.543 0 26 138 186

830.00 0.543 0 26 138 186

835.00 0.540 0 26 137 187

840.00 0.534 0 26 135 189

845.00 0.534 0 26 135 189

850.00 0.546 0 27 137 186

855.00 0.537 0 26 136 188

860.00 0.534 0 24 139 187

865.00 0.540 0 25 139 186

870.00 0.529 0 23 139 188

875.00 0.531 0 23 140 187

880.00 0.529 0 23 139 188

885.00 0.546 0 25 141 184

890.00 0.546 0 25 141 184

895.00 0.549 0 25 142 183

900.00 0.546 0 25 141 184

905.00 0.543 0 25 140 185

910.00 0.537 0 24 140 186

915.00 0.540 0 24 141 185

920.00 0.537 0 24 140 186

925.00 0.537 0 25 138 187

930.00 0.537 0 25 138 187

935.00 0.534 0 25 137 188

940.00 0.537 0 25 138 187

945.00 0.551 0 27 139 184

950.00 0.549 0 26 140 184

955.00 0.549 0 26 140 184

960.00 0.540 0 24 141 185

965.00 0.546 0 25 141 184

970.00 0.543 0 25 140 185

975.00 0.546 0 25 141 184

980.00 0.543 0 25 140 185

985.00 0.537 0 24 140 186

990.00 0.534 0 23 141 186

995.00 0.531 0 23 140 187

1000.00 0.531 0 23 140 187

1005.00 0.540 0 23 143 184

1010.00 0.529 0 23 139 188

1015.00 0.520 0 22 138 190

1020.00 0.523 0 23 137 190

1025.00 0.514 0 22 136 192

1030.00 0.514 0 22 136 192

1035.00 0.526 0 22 140 188

1040.00 0.526 0 22 140 188

1045.00 0.526 0 22 140 188

1050.00 0.526 0 22 140 188

1055.00 0.529 0 24 137 189

1060.00 0.526 0 24 136 190

1065.00 0.531 0 25 136 189

1070.00 0.526 0 25 134 191

1075.00 0.537 0 27 134 189

1080.00 0.531 0 26 134 190

1085.00 0.523 0 26 131 193

1090.00 0.523 0 26 131 193

1095.00 0.511 0 26 127 197

1100.00 0.517 0 28 125 197

1105.00 0.514 0 28 124 198

1110.00 0.520 0 29 124 197

1115.00 0.531 0 29 128 193

1120.00 0.531 0 29 128 193

1125.00 0.537 0 30 128 192

1130.00 0.543 0 31 128 191

1135.00 0.537 0 30 128 192

1140.00 0.543 0 31 128 191

1145.00 0.531 0 28 130 192

1150.00 0.534 0 29 129 192

1155.00 0.523 0 29 125 196

1160.00 0.526 0 29 126 195

1165.00 0.526 0 29 126 195

1170.00 0.529 0 29 127 194

1175.00 0.540 0 31 127 192

1180.00 0.543 0 30 130 190

1185.00 0.540 0 29 131 190

1190.00 0.534 0 27 133 190

1195.00 0.546 0 28 135 187

1200.00 0.549 0 28 136 186

1205.00 0.551 0 29 135 186

1210.00 0.560 0 30 136 184

1215.00 0.566 0 31 136 183

1220.00 0.566 0 31 136 183

1225.00 0.569 0 32 135 183

1230.00 0.569 0 32 135 183

1235.00 0.580 0 35 133 182

1240.00 0.583 0 35 134 181

1245.00 0.574 0 35 131 184

1250.00 0.569 0 35 129 186

1255.00 0.574 0 35 131 184

1260.00 0.571 0 35 130 185

1265.00 0.574 0 35 131 184

1270.00 0.571 0 35 130 185

1275.00 0.569 0 35 129 186

1280.00 0.574 0 35 131 184

1285.00 0.571 0 35 130 185

1290.00 0.571 0 36 128 186

1295.00 0.577 0 36 130 184

1300.00 0.569 0 36 127 187

1305.00 0.551 0 33 127 190

1310.00 0.549 0 31 130 189

1315.00 0.551 0 31 131 188

1320.00 0.551 0 31 131 188

1325.00 0.551 0 32 129 189

1330.00 0.549 0 33 126 191

1335.00 0.551 0 33 127 190

1340.00 0.557 0 34 127 189

1345.00 0.549 0 32 128 190

1350.00 0.554 0 32 130 188

1355.00 0.569 0 33 133 184

1360.00 0.566 0 33 132 185

1365.00 0.563 0 33 131 186

1370.00 0.571 0 34 132 184

1375.00 0.577 0 34 134 182

1380.00 0.577 0 34 134 182

1385.00 0.580 0 34 135 181

1390.00 0.571 0 34 132 184

1395.00 0.569 0 34 131 185

1400.00 0.563 0 33 131 186

1405.00 0.557 0 32 131 187

1410.00 0.563 0 32 133 185

1415.00 0.557 0 30 135 185

1420.00 0.557 0 30 135 185

1425.00 0.551 0 30 133 187

1430.00 0.560 0 30 136 184

1435.00 0.560 0 31 134 185

1440.00 0.566 0 32 134 184

1445.00 0.563 0 32 133 185

1450.00 0.563 0 32 133 185

1455.00 0.563 0 32 133 185

1460.00 0.569 0 33 133 184

1465.00 0.577 0 34 134 182

1470.00 0.580 0 34 135 181

1475.00 0.586 0 34 137 179

1480.00 0.589 0 33 140 177

1485.00 0.594 0 33 142 175

1490.00 0.591 0 33 141 176

1495.00 0.594 0 33 142 175

1500.00 0.597 0 33 143 174

1505.00 0.589 0 32 142 176

1510.00 0.589 0 32 142 176

1515.00 0.583 0 31 142 177

1520.00 0.583 0 31 142 177

1525.00 0.580 0 31 141 178

1530.00 0.580 0 32 139 179

1535.00 0.583 0 31 142 177

1540.00 0.589 0 33 140 177

1545.00 0.583 0 32 140 178

1550.00 0.571 0 32 136 182

1555.00 0.571 0 32 136 182

1560.00 0.566 0 30 138 182

1565.00 0.560 0 30 136 184

1570.00 0.551 0 28 137 185

1575.00 0.557 0 29 137 184

1580.00 0.551 0 30 133 187

1585.00 0.554 0 31 132 187

1590.00 0.543 0 30 130 190

1595.00 0.543 0 30 130 190

1600.00 0.546 0 30 131 189

1605.00 0.540 0 29 131 190

1610.00 0.526 0 28 128 194

1615.00 0.517 0 28 125 197

1620.00 0.526 0 28 128 194

1625.00 0.520 0 27 128 195

1630.00 0.517 0 28 125 197

1635.00 0.523 0 28 127 195

1640.00 0.523 0 28 127 195

1645.00 0.529 0 28 129 193

1650.00 0.529 0 28 129 193

1655.00 0.534 0 28 131 191

1660.00 0.529 0 28 129 193

1665.00 0.526 0 28 128 194

1670.00 0.529 0 28 129 193

1675.00 0.529 0 27 131 192

1680.00 0.529 0 26 133 191

1685.00 0.537 0 28 132 190

1690.00 0.531 0 28 130 192

1695.00 0.537 0 29 130 191

1700.00 0.540 0 31 127 192

1705.00 0.540 0 31 127 192

1710.00 0.537 0 31 126 193

1715.00 0.540 0 31 127 192

1720.00 0.540 0 31 127 192

1725.00 0.534 0 30 127 193

1730.00 0.540 0 30 129 191

1735.00 0.537 0 30 128 192

1740.00 0.537 0 30 128 192

1745.00 0.543 0 30 130 190

1750.00 0.543 0 29 132 189

1755.00 0.549 0 29 134 187

1760.00 0.549 0 30 132 188

1765.00 0.551 0 31 131 188

1770.00 0.551 0 31 131 188

1775.00 0.551 0 30 133 187

1780.00 0.554 0 30 134 186

1785.00 0.560 0 30 136 184

1790.00 0.554 0 31 132 187

1795.00 0.554 0 31 132 187

1800.00 0.554 0 32 130 188

1805.00 0.554 0 32 130 188

1810.00 0.554 0 32 130 188

1815.00 0.554 0 32 130 188

1820.00 0.554 0 32 130 188

1825.00 0.551 0 32 129 189

1830.00 0.551 0 33 127 190

1835.00 0.557 0 34 127 189

1840.00 0.560 0 34 128 188

1845.00 0.560 0 34 128 188

1850.00 0.569 0 35 129 186

1855.00 0.574 0 36 129 185

1860.00 0.580 0 36 131 183

1865.00 0.583 0 36 132 182

1870.00 0.580 0 36 131 183

1875.00 0.586 0 36 133 181

1880.00 0.583 0 37 130 183

1885.00 0.597 0 39 131 180

1890.00 0.583 0 36 132 182

1895.00 0.594 0 38 132 180

1900.00 0.586 0 36 133 181

1905.00 0.574 0 35 131 184

1910.00 0.563 0 33 131 186

1915.00 0.569 0 34 131 185

1920.00 0.569 0 34 131 185

1925.00 0.569 0 34 131 185

1930.00 0.571 0 35 130 185

1935.00 0.569 0 34 131 185

1940.00 0.569 0 35 129 186

1945.00 0.574 0 34 133 183

1950.00 0.574 0 34 133 183

1955.00 0.563 0 34 129 187

1960.00 0.563 0 33 131 186

1965.00 0.557 0 32 131 187

1970.00 0.554 0 31 132 187

1975.00 0.551 0 31 131 188

1980.00 0.557 0 31 133 186

1985.00 0.554 0 31 132 187

1990.00 0.551 0 31 131 188

1995.00 0.549 0 31 130 189

2000.00 0.549 0 30 132 188

2005.00 0.549 0 30 132 188

2010.00 0.540 0 29 131 190

2015.00 0.534 0 30 127 193

2020.00 0.534 0 30 127 193

2025.00 0.543 0 31 128 191

2030.00 0.540 0 31 127 192

2035.00 0.543 0 31 128 191

2040.00 0.549 0 31 130 189

2045.00 0.560 0 33 130 187

2050.00 0.554 0 31 132 187

2055.00 0.546 0 29 133 188

2060.00 0.551 0 30 133 187

2065.00 0.551 0 30 133 187

2070.00 0.543 0 29 132 189

2075.00 0.546 0 30 131 189

2080.00 0.540 0 29 131 190

2085.00 0.531 0 28 130 192

2090.00 0.514 0 27 126 197

2095.00 0.520 0 28 126 196

2100.00 0.520 0 28 126 196

2105.00 0.514 0 27 126 197

2110.00 0.517 0 26 129 195

2115.00 0.520 0 27 128 195

2120.00 0.517 0 26 129 195

2125.00 0.526 0 28 128 194

2130.00 0.523 0 28 127 195

2135.00 0.526 0 29 126 195

2140.00 0.514 0 27 126 197

2145.00 0.503 0 27 122 201

2150.00 0.509 0 27 124 199

2155.00 0.494 0 24 125 201

2160.00 0.489 0 22 127 201

2165.00 0.483 0 22 125 203

2170.00 0.477 0 21 125 204

2175.00 0.477 0 21 125 204

2180.00 0.483 0 22 125 203

2185.00 0.483 0 22 125 203

2190.00 0.477 0 22 123 205

2195.00 0.483 0 22 125 203

2200.00 0.477 0 22 123 205

2205.00 0.466 0 22 119 209

2210.00 0.469 0 23 118 209

2215.00 0.463 0 21 120 209

2220.00 0.451 0 20 118 212

2225.00 0.454 0 21 117 212

2230.00 0.451 0 21 116 213

2235.00 0.437 0 20 113 217

2240.00 0.437 0 20 113 217

2245.00 0.446 0 21 114 215

2250.00 0.451 0 22 114 214

2255.00 0.460 0 23 115 212

2260.00 0.454 0 23 113 214

2265.00 0.451 0 23 112 215

2270.00 0.449 0 22 113 215

2275.00 0.454 0 23 113 214

2280.00 0.449 0 22 113 215

2285.00 0.466 0 25 113 212

2290.00 0.463 0 24 114 212

2295.00 0.463 0 21 120 209

2300.00 0.474 0 24 118 208

2305.00 0.471 0 24 117 209

2310.00 0.469 0 24 116 210

2315.00 0.469 0 24 116 210

2320.00 0.469 0 24 116 210

2325.00 0.469 0 24 116 210

2330.00 0.469 0 24 116 210

2335.00 0.469 0 24 116 210

2340.00 0.469 0 24 116 210

2345.00 0.469 0 24 116 210

2350.00 0.469 0 24 116 210

2355.00 0.474 0 24 118 208

2360.00 0.477 0 25 117 208

2365.00 0.480 0 25 118 207

2370.00 0.480 0 25 118 207

2375.00 0.489 0 26 119 205

2380.00 0.483 0 26 117 207

2385.00 0.489 0 26 119 205

2390.00 0.483 0 24 121 205

2395.00 0.477 0 24 119 207

2400.00 0.469 0 23 118 209

2405.00 0.469 0 23 118 209

2410.00 0.483 0 26 117 207

2415.00 0.494 0 28 117 205

2420.00 0.503 0 28 120 202

2425.00 0.503 0 28 120 202

2430.00 0.500 0 28 119 203

2435.00 0.494 0 27 119 204

2440.00 0.494 0 27 119 204

2445.00 0.491 0 27 118 205

2450.00 0.491 0 27 118 205

2455.00 0.489 0 27 117 206

2460.00 0.489 0 27 117 206

2465.00 0.489 0 26 119 205

2470.00 0.486 0 25 120 205

2475.00 0.486 0 25 120 205

2480.00 0.491 0 25 122 203

2485.00 0.491 0 25 122 203

2490.00 0.491 0 25 122 203

2495.00 0.491 0 25 122 203

2500.00 0.486 0 23 124 203

2505.00 0.494 0 24 125 201

2510.00 0.491 0 24 124 202

2515.00 0.491 0 24 124 202

2520.00 0.486 0 24 122 204

2525.00 0.480 0 22 124 204

2530.00 0.491 0 23 126 201

2535.00 0.486 0 23 124 203

2540.00 0.486 0 23 124 203

2545.00 0.491 0 24 124 202

2550.00 0.494 0 25 123 202

2555.00 0.497 0 25 124 201

2560.00 0.483 0 23 123 204

2565.00 0.480 0 23 122 205

2570.00 0.483 0 22 125 203

2575.00 0.486 0 22 126 202

2580.00 0.486 0 22 126 202

2585.00 0.480 0 21 126 203

2590.00 0.486 0 21 128 201

2595.00 0.491 0 24 124 202

2600.00 0.486 0 23 124 203

2605.00 0.480 0 23 122 205

2610.00 0.486 0 25 120 205

2615.00 0.466 0 23 117 210

2620.00 0.466 0 23 117 210

2625.00 0.477 0 25 117 208

2630.00 0.474 0 24 118 208

2635.00 0.471 0 23 119 208

2640.00 0.471 0 23 119 208

2645.00 0.471 0 21 123 206

2650.00 0.466 0 21 121 208

2655.00 0.466 0 20 123 207

2660.00 0.460 0 20 121 209

2665.00 0.451 0 20 118 212

2670.00 0.454 0 20 119 211

2675.00 0.440 0 20 114 216

2680.00 0.437 0 20 113 217

2685.00 0.429 0 19 112 219

2690.00 0.429 0 20 110 220

2695.00 0.426 0 19 111 220

2700.00 0.437 0 19 115 216

2705.00 0.431 0 19 113 218

2710.00 0.437 0 20 113 217

2715.00 0.437 0 20 113 217

2720.00 0.437 0 20 113 217

2725.00 0.437 0 20 113 217

2730.00 0.451 0 22 114 214

2735.00 0.451 0 22 114 214

2740.00 0.457 0 24 112 214

2745.00 0.457 0 24 112 214

2750.00 0.460 0 24 113 213

2755.00 0.460 0 25 111 214

2760.00 0.477 0 26 115 209

2765.00 0.474 0 27 112 211

2770.00 0.483 0 27 115 208

2775.00 0.489 0 29 113 208

2780.00 0.483 0 29 111 210

2785.00 0.491 0 29 114 207

2790.00 0.500 0 30 115 205

2795.00 0.500 0 30 115 205

2800.00 0.500 0 30 115 205

2805.00 0.497 0 28 118 204

2810.00 0.500 0 28 119 203

2815.00 0.500 0 29 117 204

2820.00 0.503 0 29 118 203

2825.00 0.517 0 29 123 198

2830.00 0.520 0 31 120 199

2835.00 0.523 0 31 121 198

2840.00 0.526 0 31 122 197

2845.00 0.529 0 31 123 196

2850.00 0.531 0 31 124 195

2855.00 0.531 0 31 124 195

2860.00 0.534 0 31 125 194

2865.00 0.534 0 31 125 194

2870.00 0.529 0 30 125 195

2875.00 0.529 0 30 125 195

2880.00 0.531 0 30 126 194

2885.00 0.537 0 31 126 193

2890.00 0.531 0 30 126 194

2895.00 0.534 0 30 127 193

2900.00 0.526 0 29 126 195

2905.00 0.523 0 29 125 196

2910.00 0.526 0 29 126 195

2915.00 0.520 0 27 128 195

2920.00 0.520 0 27 128 195

2925.00 0.517 0 27 127 196

2930.00 0.511 0 26 127 197

2935.00 0.509 0 26 126 198

2940.00 0.511 0 27 125 198

2945.00 0.506 0 25 127 198

2950.00 0.506 0 26 125 199

2955.00 0.503 0 26 124 200

2960.00 0.497 0 24 126 200

2965.00 0.506 0 25 127 198

2970.00 0.506 0 25 127 198

2975.00 0.503 0 24 128 198

2980.00 0.500 0 25 125 200

2985.00 0.494 0 24 125 201

2990.00 0.486 0 24 122 204

2995.00 0.491 0 26 120 204

3000.00 0.500 0 27 121 202

3005.00 0.500 0 27 121 202

3010.00 0.497 0 27 120 203

3015.00 0.497 0 27 120 203

3020.00 0.500 0 28 119 203

3025.00 0.506 0 28 121 201

3030.00 0.511 0 28 123 199

3035.00 0.509 0 28 122 200

3040.00 0.509 0 28 122 200

3045.00 0.509 0 28 122 200

3050.00 0.511 0 28 123 199

3055.00 0.514 0 29 122 199

3060.00 0.509 0 29 120 201

3065.00 0.511 0 29 121 200

3070.00 0.509 0 29 120 201

3075.00 0.506 0 29 119 202

3080.00 0.517 0 30 121 199

3085.00 0.517 0 30 121 199

3090.00 0.517 0 30 121 199

3095.00 0.514 0 30 120 200

3100.00 0.511 0 30 119 201

3105.00 0.520 0 31 120 199

3110.00 0.531 0 33 120 197

3115.00 0.534 0 33 121 196

3120.00 0.531 0 33 120 197

3125.00 0.523 0 33 117 200

3130.00 0.531 0 33 120 197

3135.00 0.534 0 34 119 197

3140.00 0.529 0 34 117 199

3145.00 0.523 0 32 119 199

3150.00 0.529 0 32 121 197

3155.00 0.534 0 33 121 196

3160.00 0.531 0 33 120 197

3165.00 0.529 0 33 119 198

3170.00 0.540 0 34 121 195

3175.00 0.546 0 34 123 193

3180.00 0.546 0 34 123 193

3185.00 0.546 0 34 123 193

3190.00 0.543 0 33 124 193

3195.00 0.534 0 32 123 195

3200.00 0.529 0 30 125 195

3205.00 0.529 0 30 125 195

3210.00 0.520 0 30 122 198

3215.00 0.520 0 30 122 198

3220.00 0.520 0 30 122 198

3225.00 0.511 0 30 119 201

3230.00 0.523 0 30 123 197

3235.00 0.523 0 30 123 197

3240.00 0.520 0 30 122 198

3245.00 0.517 0 30 121 199

3250.00 0.517 0 30 121 199

3255.00 0.506 0 29 119 202

3260.00 0.511 0 29 121 200

3265.00 0.511 0 29 121 200

3270.00 0.520 0 29 124 197

3275.00 0.514 0 28 124 198

3280.00 0.529 0 30 125 195

3285.00 0.534 0 31 125 194

3290.00 0.540 0 32 125 193

3295.00 0.546 0 32 127 191

3300.00 0.551 0 31 131 188

3305.00 0.557 0 32 131 187

3310.00 0.563 0 33 131 186

3315.00 0.563 0 33 131 186

3320.00 0.571 0 35 130 185

3325.00 0.569 0 36 127 187

3330.00 0.577 0 38 126 186

3335.00 0.583 0 38 128 184

3340.00 0.580 0 37 129 184

3345.00 0.591 0 39 129 182

3350.00 0.583 0 40 124 186

3355.00 0.583 0 41 122 187

3360.00 0.583 0 41 122 187

3365.00 0.583 0 41 122 187

3370.00 0.580 0 41 121 188

3375.00 0.574 0 40 121 189

3380.00 0.571 0 39 122 189

3385.00 0.566 0 38 122 190

3390.00 0.569 0 38 123 189

3395.00 0.566 0 38 122 190

3400.00 0.560 0 38 120 192

3405.00 0.560 0 38 120 192

3410.00 0.560 0 39 118 193

3415.00 0.554 0 39 116 195

3420.00 0.557 0 39 117 194

3425.00 0.557 0 39 117 194

3430.00 0.554 0 38 118 194

3435.00 0.554 0 39 116 195

3440.00 0.563 0 40 117 193

3445.00 0.563 0 40 117 193

3450.00 0.574 0 40 121 189

3455.00 0.580 0 42 119 189

3460.00 0.566 0 40 118 192

3465.00 0.563 0 39 119 192

3470.00 0.563 0 39 119 192

3475.00 0.566 0 39 120 191

3480.00 0.569 0 40 119 191

3485.00 0.569 0 40 119 191

3490.00 0.577 0 41 120 189

3495.00 0.580 0 42 119 189

3500.00 0.583 0 42 120 188

3505.00 0.577 0 41 120 189

3510.00 0.594 0 45 118 187

3515.00 0.574 0 42 117 191

3520.00 0.574 0 42 117 191

3525.00 0.571 0 41 118 191

3530.00 0.574 0 40 121 189

3535.00 0.580 0 40 123 187

3540.00 0.577 0 38 126 186

3545.00 0.580 0 38 127 185

3550.00 0.580 0 38 127 185

3555.00 0.571 0 37 126 187

3560.00 0.571 0 37 126 187

3565.00 0.574 0 37 127 186

3570.00 0.580 0 37 129 184

3575.00 0.574 0 35 131 184

3580.00 0.574 0 34 133 183

3585.00 0.580 0 35 133 182

3590.00 0.583 0 36 132 182

3595.00 0.589 0 37 132 181

3600.00 0.594 0 37 134 179

3605.00 0.589 0 37 132 181

3610.00 0.594 0 35 138 177

3615.00 0.606 0 37 138 175

3620.00 0.603 0 35 141 174

3625.00 0.603 0 35 141 174

3630.00 0.606 0 35 142 173

3635.00 0.606 0 35 142 173

3640.00 0.611 0 36 142 172

3645.00 0.614 0 37 141 172

3650.00 0.611 0 34 146 170

3655.00 0.611 0 33 148 169

3660.00 0.611 0 32 150 168

3665.00 0.614 0 32 151 167

3670.00 0.617 0 34 148 168

3675.00 0.617 0 34 148 168

3680.00 0.606 0 31 150 169

3685.00 0.600 0 30 150 170

3690.00 0.603 0 30 151 169

3695.00 0.606 0 31 150 169

3700.00 0.597 0 30 149 171

3705.00 0.600 0 30 150 170

3710.00 0.594 0 30 148 172

3715.00 0.594 0 31 146 173

3720.00 0.583 0 31 142 177

3725.00 0.586 0 30 145 175

3730.00 0.574 0 30 141 179

3735.00 0.574 0 30 141 179

3740.00 0.571 0 30 140 180

3745.00 0.566 0 27 144 179

3750.00 0.574 0 27 147 176

3755.00 0.569 0 25 149 176

3760.00 0.574 0 25 151 174

3765.00 0.580 0 27 149 174

3770.00 0.580 0 29 145 176

3775.00 0.580 0 29 145 176

3780.00 0.583 0 30 144 176

3785.00 0.597 0 33 143 174

3790.00 0.600 0 33 144 173

3795.00 0.606 0 33 146 171

3800.00 0.611 0 34 146 170

3805.00 0.606 0 32 148 170

3810.00 0.606 0 31 150 169

3815.00 0.609 0 31 151 168

3820.00 0.606 0 30 152 168

3825.00 0.597 0 29 151 170

3830.00 0.617 0 30 156 164

3835.00 0.609 0 29 155 166

3840.00 0.614 0 30 155 165

3845.00 0.611 0 30 154 166

3850.00 0.614 0 30 155 165

3855.00 0.617 0 30 156 164

3860.00 0.620 0 30 157 163

3865.00 0.617 0 29 158 163

3870.00 0.614 0 27 161 162

3875.00 0.606 0 27 158 165

3880.00 0.611 0 30 154 166

3885.00 0.609 0 29 155 166

3890.00 0.609 0 29 155 166

3895.00 0.600 0 27 156 167

3900.00 0.609 0 30 153 167

3905.00 0.606 0 31 150 169

3910.00 0.611 0 33 148 169

3915.00 0.629 0 35 150 165

3920.00 0.626 0 34 151 165

3925.00 0.620 0 34 149 167

3930.00 0.617 0 34 148 168

3935.00 0.617 0 35 146 169

3940.00 0.620 0 35 147 168

3945.00 0.617 0 35 146 169

3950.00 0.620 0 35 147 168

3955.00 0.623 0 35 148 167

3960.00 0.634 0 37 148 165

3965.00 0.629 0 35 150 165

3970.00 0.629 0 35 150 165

3975.00 0.626 0 33 153 164

3980.00 0.614 0 32 151 167

3985.00 0.614 0 32 151 167

3990.00 0.620 0 32 153 165

3995.00 0.611 0 32 150 168

4000.00 0.620 0 33 151 166

4005.00 0.617 0 33 150 167

4010.00 0.609 0 34 145 171

4015.00 0.609 0 34 145 171

4020.00 0.611 0 34 146 170

4025.00 0.606 0 33 146 171

4030.00 0.597 0 33 143 174

4035.00 0.597 0 33 143 174

4040.00 0.606 0 34 144 172

4045.00 0.606 0 34 144 172

4050.00 0.597 0 34 141 175

4055.00 0.597 0 34 141 175

4060.00 0.606 0 35 142 173

4065.00 0.603 0 34 143 173

4070.00 0.600 0 34 142 174

4075.00 0.594 0 33 142 175

4080.00 0.594 0 33 142 175

4085.00 0.594 0 33 142 175

4090.00 0.600 0 33 144 173

4095.00 0.600 0 33 144 173

4100.00 0.586 0 31 143 176

4105.00 0.586 0 31 143 176

4110.00 0.586 0 31 143 176

4115.00 0.586 0 31 143 176

4120.00 0.580 0 31 141 178

4125.00 0.574 0 31 139 180

4130.00 0.569 0 31 137 182

4135.00 0.560 0 29 138 183

4140.00 0.551 0 29 135 186

4145.00 0.551 0 28 137 185

4150.00 0.554 0 28 138 184

4155.00 0.569 0 30 139 181

4160.00 0.574 0 30 141 179

4165.00 0.571 0 30 140 180

4170.00 0.577 0 30 142 178

4175.00 0.571 0 29 142 179

4180.00 0.574 0 29 143 178

4185.00 0.577 0 29 144 177

4190.00 0.571 0 29 142 179

4195.00 0.574 0 30 141 179

4200.00 0.577 0 30 142 178

4205.00 0.580 0 32 139 179

4210.00 0.589 0 32 142 176

4215.00 0.586 0 32 141 177

4220.00 0.583 0 30 144 176

4225.00 0.571 0 30 140 180

4230.00 0.586 0 31 143 176

4235.00 0.591 0 31 145 174

4240.00 0.591 0 31 145 174

4245.00 0.591 0 32 143 175

4250.00 0.594 0 35 138 177

4255.00 0.606 0 37 138 175

4260.00 0.603 0 36 139 175

4265.00 0.583 0 31 142 177

4270.00 0.591 0 35 137 178

4275.00 0.591 0 34 139 177

4280.00 0.577 0 31 140 179

4285.00 0.577 0 31 140 179

4290.00 0.583 0 31 142 177

4295.00 0.563 0 29 139 182

4300.00 0.569 0 29 141 180

4305.00 0.563 0 29 139 182

4310.00 0.566 0 29 140 181

4315.00 0.557 0 29 137 184

4320.00 0.549 0 29 134 187

4325.00 0.551 0 30 133 187

4330.00 0.554 0 29 136 185

4335.00 0.551 0 28 137 185

4340.00 0.554 0 29 136 185

4345.00 0.554 0 29 136 185

4350.00 0.554 0 30 134 186

4355.00 0.557 0 30 135 185

4360.00 0.551 0 28 137 185

4365.00 0.557 0 30 135 185

4370.00 0.546 0 28 135 187

4375.00 0.543 0 28 134 188

4380.00 0.549 0 29 134 187

4385.00 0.540 0 29 131 190

4390.00 0.537 0 29 130 191

4395.00 0.540 0 29 131 190

4400.00 0.534 0 28 131 191

4405.00 0.534 0 28 131 191

4410.00 0.546 0 28 135 187

4415.00 0.543 0 27 136 187

4420.00 0.543 0 27 136 187

4425.00 0.549 0 28 136 186

4430.00 0.554 0 29 136 185

4435.00 0.557 0 28 139 183

4440.00 0.560 0 29 138 183

4445.00 0.560 0 29 138 183

4450.00 0.566 0 30 138 182

4455.00 0.571 0 31 138 181

4460.00 0.580 0 32 139 179

4465.00 0.580 0 32 139 179

4470.00 0.580 0 33 137 180

4475.00 0.586 0 33 139 178

4480.00 0.594 0 35 138 177

4485.00 0.591 0 33 141 176

4490.00 0.589 0 33 140 177

4495.00 0.597 0 34 141 175

4500.00 0.597 0 33 143 174

4505.00 0.606 0 33 146 171

4510.00 0.606 0 31 150 169

4515.00 0.623 0 35 148 167

4520.00 0.629 0 37 146 167

4525.00 0.629 0 37 146 167

4530.00 0.626 0 37 145 168

4535.00 0.614 0 35 145 170

4540.00 0.611 0 35 144 171

4545.00 0.609 0 35 143 172

4550.00 0.609 0 35 143 172

4555.00 0.603 0 36 139 175

4560.00 0.600 0 36 138 176

4565.00 0.603 0 36 139 175

4570.00 0.594 0 34 140 176

4575.00 0.589 0 33 140 177

4580.00 0.589 0 33 140 177

4585.00 0.600 0 34 142 174

4590.00 0.600 0 34 142 174

4595.00 0.597 0 34 141 175

4600.00 0.603 0 35 141 174

4605.00 0.606 0 35 142 173

4610.00 0.609 0 35 143 172

4615.00 0.591 0 34 139 177

4620.00 0.603 0 35 141 174

4625.00 0.611 0 37 140 173

4630.00 0.609 0 37 139 174

4635.00 0.617 0 38 140 172

4640.00 0.620 0 39 139 172

4645.00 0.611 0 38 138 174

4650.00 0.614 0 38 139 173

4655.00 0.611 0 37 140 173

4660.00 0.614 0 38 139 173

4665.00 0.609 0 37 139 174

4670.00 0.603 0 37 137 176

4675.00 0.583 0 32 140 178

4680.00 0.589 0 34 138 178

4685.00 0.583 0 33 138 179

4690.00 0.586 0 33 139 178

4695.00 0.591 0 33 141 176

4700.00 0.586 0 32 141 177

4705.00 0.597 0 34 141 175

4710.00 0.594 0 33 142 175

4715.00 0.606 0 35 142 173

4720.00 0.606 0 35 142 173

4725.00 0.609 0 35 143 172

4730.00 0.603 0 34 143 173

4735.00 0.591 0 31 145 174

4740.00 0.589 0 30 146 174

4745.00 0.597 0 31 147 172

4750.00 0.597 0 30 149 171

4755.00 0.594 0 30 148 172

4760.00 0.591 0 29 149 172

4765.00 0.597 0 30 149 171

4770.00 0.583 0 29 146 175

4775.00 0.580 0 29 145 176

4780.00 0.586 0 31 143 176

4785.00 0.583 0 30 144 176

4790.00 0.583 0 31 142 177

4795.00 0.580 0 30 143 177

4800.00 0.577 0 30 142 178

4805.00 0.577 0 30 142 178

4810.00 0.560 0 29 138 183

4815.00 0.566 0 28 142 180

4820.00 0.569 0 28 143 179

4825.00 0.569 0 28 143 179

4830.00 0.571 0 28 144 178

4835.00 0.571 0 28 144 178

4840.00 0.563 0 27 143 180

4845.00 0.569 0 28 143 179

4850.00 0.571 0 29 142 179

4855.00 0.571 0 31 138 181

4860.00 0.571 0 31 138 181

4865.00 0.571 0 31 138 181

4870.00 0.574 0 32 137 181

4875.00 0.571 0 32 136 182

4880.00 0.577 0 33 136 181

4885.00 0.580 0 32 139 179

4890.00 0.589 0 32 142 176

4895.00 0.591 0 33 141 176

4900.00 0.589 0 33 140 177

4905.00 0.586 0 31 143 176

4910.00 0.583 0 30 144 176

4915.00 0.580 0 28 147 175

4920.00 0.583 0 29 146 175

4925.00 0.583 0 29 146 175

4930.00 0.580 0 28 147 175

4935.00 0.589 0 29 148 173

4940.00 0.594 0 31 146 173

4945.00 0.586 0 29 147 174

4950.00 0.569 0 28 143 179

4955.00 0.566 0 25 148 177

4960.00 0.566 0 25 148 177

4965.00 0.566 0 25 148 177

4970.00 0.571 0 26 148 176

4975.00 0.577 0 27 148 175

4980.00 0.580 0 27 149 174

4985.00 0.583 0 29 146 175

4990.00 0.586 0 30 145 175

4995.00 0.580 0 29 145 176

