0.00 0.273 0 5 31 114

0.00 0.427 0 8 48 94

5.00 0.420 0 7 49 94

10.00 0.433 0 6 53 91

15.00 0.447 0 7 53 90

20.00 0.460 0 8 53 89

25.00 0.460 0 8 53 89

30.00 0.467 0 9 52 89

35.00 0.460 0 8 53 89

40.00 0.467 0 8 54 88

45.00 0.473 0 8 55 87

50.00 0.473 0 8 55 87

55.00 0.473 0 8 55 87

60.00 0.473 0 8 55 87

65.00 0.467 0 8 54 88

70.00 0.480 0 8 56 86

75.00 0.467 0 7 56 87

80.00 0.473 0 7 57 86

85.00 0.480 0 7 58 85

90.00 0.473 0 7 57 86

95.00 0.467 0 7 56 87

100.00 0.467 0 7 56 87

105.00 0.460 0 7 55 88

110.00 0.453 0 7 54 89

115.00 0.460 0 7 55 88

120.00 0.467 0 8 54 88

125.00 0.460 0 8 53 89

130.00 0.453 0 8 52 90

135.00 0.460 0 8 53 89

140.00 0.473 0 8 55 87

145.00 0.467 0 8 54 88

150.00 0.473 0 8 55 87

155.00 0.467 0 8 54 88

160.00 0.460 0 8 53 89

165.00 0.460 0 7 55 88

170.00 0.440 0 5 56 89

175.00 0.440 0 5 56 89

180.00 0.420 0 5 53 92

185.00 0.427 0 6 52 92

190.00 0.433 0 6 53 91

195.00 0.433 0 6 53 91

200.00 0.413 0 5 52 93

205.00 0.420 0 6 51 93

210.00 0.420 0 6 51 93

215.00 0.427 0 7 50 93

220.00 0.420 0 6 51 93

225.00 0.420 0 6 51 93

230.00 0.427 0 7 50 93

235.00 0.427 0 8 48 94

240.00 0.433 0 8 49 93

245.00 0.433 0 8 49 93

250.00 0.427 0 8 48 94

255.00 0.427 0 8 48 94

260.00 0.427 0 8 48 94

265.00 0.433 0 8 49 93

270.00 0.440 0 8 50 92

275.00 0.420 0 7 49 94

280.00 0.420 0 6 51 93

285.00 0.427 0 7 50 93

290.00 0.427 0 7 50 93

295.00 0.440 0 7 52 91

300.00 0.440 0 7 52 91

305.00 0.447 0 7 53 90

310.00 0.440 0 7 52 91

315.00 0.427 0 6 52 92

320.00 0.433 0 6 53 91

325.00 0.427 0 6 52 92

330.00 0.420 0 5 53 92

335.00 0.407 0 5 51 94

340.00 0.407 0 5 51 94

345.00 0.407 0 4 53 93

350.00 0.400 0 4 52 94

355.00 0.400 0 4 52 94

360.00 0.400 0 4 52 94

365.00 0.400 0 4 52 94

370.00 0.400 0 4 52 94

375.00 0.400 0 4 52 94

380.00 0.400 0 4 52 94

385.00 0.400 0 4 52 94

390.00 0.380 0 4 49 97

395.00 0.360 0 3 48 99

400.00 0.373 0 4 48 98

405.00 0.373 0 4 48 98

410.00 0.367 0 4 47 99

415.00 0.387 0 6 46 98

420.00 0.380 0 4 49 97

425.00 0.387 0 4 50 96

430.00 0.400 0 5 50 95

435.00 0.393 0 5 49 96

440.00 0.400 0 5 50 95

445.00 0.400 0 5 50 95

450.00 0.393 0 4 51 95

455.00 0.387 0 4 50 96

460.00 0.380 0 3 51 96

465.00 0.387 0 3 52 95

470.00 0.387 0 3 52 95

475.00 0.387 0 3 52 95

480.00 0.400 0 3 54 93

485.00 0.380 0 3 51 96

490.00 0.373 0 3 50 97

495.00 0.380 0 3 51 96

500.00 0.380 0 3 51 96

505.00 0.373 0 3 50 97

510.00 0.373 0 3 50 97

515.00 0.380 0 3 51 96

520.00 0.387 0 3 52 95

525.00 0.387 0 3 52 95

530.00 0.387 0 3 52 95

535.00 0.380 0 3 51 96

540.00 0.380 0 3 51 96

545.00 0.373 0 3 50 97

550.00 0.380 0 3 51 96

555.00 0.380 0 3 51 96

560.00 0.380 0 3 51 96

565.00 0.380 0 3 51 96

570.00 0.380 0 4 49 97

575.00 0.373 0 4 48 98

580.00 0.380 0 5 47 98

585.00 0.380 0 5 47 98

590.00 0.367 0 5 45 100

595.00 0.353 0 4 45 101

600.00 0.353 0 4 45 101

605.00 0.353 0 3 47 100

610.00 0.353 0 3 47 100

615.00 0.353 0 3 47 100

620.00 0.347 0 3 46 101

625.00 0.340 0 2 47 101

630.00 0.347 0 2 48 100

635.00 0.347 0 2 48 100

640.00 0.347 0 2 48 100

645.00 0.340 0 2 47 101

650.00 0.333 0 2 46 102

655.00 0.327 0 2 45 103

660.00 0.320 0 2 44 104

665.00 0.320 0 3 42 105

670.00 0.327 0 4 41 105

675.00 0.327 0 4 41 105

680.00 0.333 0 4 42 104

685.00 0.340 0 4 43 103

690.00 0.333 0 4 42 104

695.00 0.333 0 4 42 104

700.00 0.333 0 4 42 104

705.00 0.340 0 4 43 103

710.00 0.333 0 4 42 104

715.00 0.347 0 4 44 102

720.00 0.333 0 4 42 104

725.00 0.347 0 4 44 102

730.00 0.353 0 4 45 101

735.00 0.367 0 4 47 99

740.00 0.373 0 4 48 98

745.00 0.380 0 4 49 97

750.00 0.380 0 4 49 97

755.00 0.380 0 4 49 97

760.00 0.380 0 4 49 97

765.00 0.380 0 4 49 97

770.00 0.393 0 4 51 95

775.00 0.393 0 4 51 95

780.00 0.387 0 3 52 95

785.00 0.380 0 3 51 96

790.00 0.367 0 3 49 98

795.00 0.373 0 3 50 97

800.00 0.367 0 3 49 98

805.00 0.380 1 2 50 97

810.00 0.387 1 2 51 96

815.00 0.387 0 3 52 95

820.00 0.387 0 3 52 95

825.00 0.387 0 3 52 95

830.00 0.387 0 3 52 95

835.00 0.380 0 3 51 96

840.00 0.380 0 3 51 96

845.00 0.380 0 2 53 95

850.00 0.393 0 3 53 94

855.00 0.387 0 3 52 95

860.00 0.393 0 3 53 94

865.00 0.393 0 3 53 94

870.00 0.380 0 3 51 96

875.00 0.387 0 3 52 95

880.00 0.380 0 3 51 96

885.00 0.407 0 5 51 94

890.00 0.407 0 5 51 94

895.00 0.413 0 5 52 93

900.00 0.420 0 5 53 92

905.00 0.413 0 5 52 93

910.00 0.413 0 4 54 92

915.00 0.420 0 4 55 91

920.00 0.413 0 4 54 92

925.00 0.413 0 4 54 92

930.00 0.413 0 4 54 92

935.00 0.407 0 4 53 93

940.00 0.413 0 5 52 93

945.00 0.433 0 7 51 92

950.00 0.427 0 7 50 93

955.00 0.440 0 8 50 92

960.00 0.433 0 8 49 93

965.00 0.433 0 8 49 93

970.00 0.427 0 8 48 94

975.00 0.433 0 8 49 93

980.00 0.427 0 8 48 94

985.00 0.427 0 8 48 94

990.00 0.420 0 7 49 94

995.00 0.413 0 7 48 95

1000.00 0.413 0 7 48 95

1005.00 0.433 0 7 51 92

1010.00 0.433 0 7 51 92

1015.00 0.440 0 6 54 90

1020.00 0.447 0 6 55 89

1025.00 0.440 0 7 52 91

1030.00 0.440 0 7 52 91

1035.00 0.440 0 7 52 91

1040.00 0.440 0 8 50 92

1045.00 0.427 0 8 48 94

1050.00 0.427 0 8 48 94

1055.00 0.420 0 8 47 95

1060.00 0.413 0 8 46 96

1065.00 0.413 0 7 48 95

1070.00 0.413 0 7 48 95

1075.00 0.413 0 7 48 95

1080.00 0.413 0 7 48 95

1085.00 0.407 0 7 47 96

1090.00 0.407 0 7 47 96

1095.00 0.393 0 7 45 98

1100.00 0.393 0 7 45 98

1105.00 0.387 0 7 44 99

1110.00 0.387 0 6 46 98

1115.00 0.387 0 6 46 98

1120.00 0.387 0 5 48 97

1125.00 0.387 0 5 48 97

1130.00 0.387 0 5 48 97

1135.00 0.387 0 5 48 97

1140.00 0.400 0 6 48 96

1145.00 0.387 0 5 48 97

1150.00 0.393 0 6 47 97

1155.00 0.393 0 6 47 97

1160.00 0.387 0 6 46 98

1165.00 0.387 0 6 46 98

1170.00 0.393 0 6 47 97

1175.00 0.407 0 7 47 96

1180.00 0.413 0 7 48 95

1185.00 0.407 0 6 49 95

1190.00 0.407 0 6 49 95

1195.00 0.433 0 7 51 92

1200.00 0.440 0 8 50 92

1205.00 0.447 0 8 51 91

1210.00 0.453 0 8 52 90

1215.00 0.453 0 8 52 90

1220.00 0.453 0 8 52 90

1225.00 0.460 0 8 53 89

1230.00 0.460 0 8 53 89

1235.00 0.473 0 9 53 88

1240.00 0.480 0 9 54 87

1245.00 0.473 0 9 53 88

1250.00 0.460 0 7 55 88

1255.00 0.460 0 6 57 87

1260.00 0.453 0 5 58 87

1265.00 0.460 0 5 59 86

1270.00 0.453 0 4 60 86

1275.00 0.447 0 3 61 86

1280.00 0.447 0 3 61 86

1285.00 0.440 0 3 60 87

1290.00 0.440 0 3 60 87

1295.00 0.440 0 3 60 87

1300.00 0.433 0 3 59 88

1305.00 0.420 0 3 57 90

1310.00 0.427 0 3 58 89

1315.00 0.420 0 3 57 90

1320.00 0.420 0 3 57 90

1325.00 0.407 0 3 55 92

1330.00 0.400 0 3 54 93

1335.00 0.407 0 3 55 92

1340.00 0.407 0 3 55 92

1345.00 0.400 0 3 54 93

1350.00 0.400 0 3 54 93

1355.00 0.407 0 3 55 92

1360.00 0.400 0 4 52 94

1365.00 0.393 0 4 51 95

1370.00 0.400 0 5 50 95

1375.00 0.413 0 5 52 93

1380.00 0.413 0 6 50 94

1385.00 0.407 0 6 49 95

1390.00 0.387 0 6 46 98

1395.00 0.380 0 6 45 99

1400.00 0.380 0 5 47 98

1405.00 0.367 0 5 45 100

1410.00 0.367 0 5 45 100

1415.00 0.367 0 5 45 100

1420.00 0.367 0 5 45 100

1425.00 0.367 0 5 45 100

1430.00 0.373 0 5 46 99

1435.00 0.373 0 5 46 99

1440.00 0.373 0 5 46 99

1445.00 0.367 0 5 45 100

1450.00 0.367 0 5 45 100

1455.00 0.367 0 5 45 100

1460.00 0.380 0 5 47 98

1465.00 0.387 0 5 48 97

1470.00 0.393 0 5 49 96

1475.00 0.407 0 5 51 94

1480.00 0.400 0 5 50 95

1485.00 0.413 0 5 52 93

1490.00 0.407 0 5 51 94

1495.00 0.413 0 5 52 93

1500.00 0.420 0 6 51 93

1505.00 0.427 0 7 50 93

1510.00 0.427 0 7 50 93

1515.00 0.427 0 7 50 93

1520.00 0.427 0 7 50 93

1525.00 0.420 0 7 49 94

1530.00 0.420 0 7 49 94

1535.00 0.413 0 6 50 94

1540.00 0.413 0 7 48 95

1545.00 0.413 0 7 48 95

1550.00 0.400 0 6 48 96

1555.00 0.400 0 6 48 96

1560.00 0.387 0 5 48 97

1565.00 0.373 0 4 48 98

1570.00 0.367 0 4 47 99

1575.00 0.380 0 4 49 97

1580.00 0.380 0 5 47 98

1585.00 0.387 0 5 48 97

1590.00 0.387 0 5 48 97

1595.00 0.387 0 5 48 97

1600.00 0.380 0 5 47 98

1605.00 0.367 0 4 47 99

1610.00 0.360 0 3 48 99

1615.00 0.353 0 3 47 100

1620.00 0.360 0 3 48 99

1625.00 0.360 0 4 46 100

1630.00 0.367 0 5 45 100

1635.00 0.380 0 5 47 98

1640.00 0.380 0 5 47 98

1645.00 0.380 0 5 47 98

1650.00 0.380 0 5 47 98

1655.00 0.393 0 6 47 97

1660.00 0.380 0 5 47 98

1665.00 0.387 0 5 48 97

1670.00 0.380 0 5 47 98

1675.00 0.367 0 3 49 98

1680.00 0.367 0 3 49 98

1685.00 0.373 0 3 50 97

1690.00 0.373 0 3 50 97

1695.00 0.387 0 3 52 95

1700.00 0.380 0 3 51 96

1705.00 0.380 0 3 51 96

1710.00 0.373 0 3 50 97

1715.00 0.380 0 4 49 97

1720.00 0.380 0 4 49 97

1725.00 0.380 0 4 49 97

1730.00 0.380 0 4 49 97

1735.00 0.387 0 4 50 96

1740.00 0.387 0 4 50 96

1745.00 0.387 0 4 50 96

1750.00 0.387 0 4 50 96

1755.00 0.400 0 4 52 94

1760.00 0.387 0 3 52 95

1765.00 0.393 0 3 53 94

1770.00 0.393 0 3 53 94

1775.00 0.393 0 3 53 94

1780.00 0.400 0 4 52 94

1785.00 0.413 0 4 54 92

1790.00 0.400 0 4 52 94

1795.00 0.387 0 4 50 96

1800.00 0.387 0 4 50 96

1805.00 0.387 0 4 50 96

1810.00 0.400 0 4 52 94

1815.00 0.400 0 3 54 93

1820.00 0.400 0 3 54 93

1825.00 0.393 0 3 53 94

1830.00 0.393 0 4 51 95

1835.00 0.407 0 4 53 93

1840.00 0.413 0 4 54 92

1845.00 0.413 0 4 54 92

1850.00 0.420 0 4 55 91

1855.00 0.433 0 4 57 89

1860.00 0.447 0 5 57 88

1865.00 0.453 0 7 54 89

1870.00 0.447 0 6 55 89

1875.00 0.460 0 6 57 87

1880.00 0.467 0 6 58 86

1885.00 0.473 0 6 59 85

1890.00 0.467 0 6 58 86

1895.00 0.467 0 6 58 86

1900.00 0.460 0 5 59 86

1905.00 0.447 0 5 57 88

1910.00 0.433 0 4 57 89

1915.00 0.447 0 4 59 87

1920.00 0.447 0 4 59 87

1925.00 0.447 0 4 59 87

1930.00 0.453 0 5 58 87

1935.00 0.447 0 3 61 86

1940.00 0.447 0 3 61 86

1945.00 0.447 0 4 59 87

1950.00 0.447 0 4 59 87

1955.00 0.447 0 4 59 87

1960.00 0.447 0 4 59 87

1965.00 0.447 0 4 59 87

1970.00 0.453 0 4 60 86

1975.00 0.460 0 5 59 86

1980.00 0.460 0 5 59 86

1985.00 0.453 0 5 58 87

1990.00 0.447 0 4 59 87

1995.00 0.453 0 4 60 86

2000.00 0.440 0 4 58 88

2005.00 0.453 0 4 60 86

2010.00 0.447 0 4 59 87

2015.00 0.447 0 4 59 87

2020.00 0.447 0 4 59 87

2025.00 0.453 0 4 60 86

2030.00 0.447 0 4 59 87

2035.00 0.440 0 4 58 88

2040.00 0.440 0 4 58 88

2045.00 0.453 0 4 60 86

2050.00 0.453 0 4 60 86

2055.00 0.447 0 4 59 87

2060.00 0.447 0 4 59 87

2065.00 0.447 0 4 59 87

2070.00 0.440 0 4 58 88

2075.00 0.433 0 4 57 89

2080.00 0.420 0 4 55 91

2085.00 0.413 0 3 56 91

2090.00 0.413 0 3 56 91

2095.00 0.427 0 4 56 90

2100.00 0.427 0 4 56 90

2105.00 0.427 0 4 56 90

2110.00 0.420 0 4 55 91

2115.00 0.427 0 4 56 90

2120.00 0.433 0 4 57 89

2125.00 0.440 0 4 58 88

2130.00 0.433 0 4 57 89

2135.00 0.440 0 4 58 88

2140.00 0.440 0 5 56 89

2145.00 0.413 0 4 54 92

2150.00 0.413 0 4 54 92

2155.00 0.407 0 4 53 93

2160.00 0.407 0 4 53 93

2165.00 0.407 0 4 53 93

2170.00 0.407 0 5 51 94

2175.00 0.407 0 5 51 94

2180.00 0.420 0 6 51 93

2185.00 0.420 0 6 51 93

2190.00 0.420 0 6 51 93

2195.00 0.433 0 7 51 92

2200.00 0.420 0 6 51 93

2205.00 0.407 0 6 49 95

2210.00 0.400 0 6 48 96

2215.00 0.400 0 5 50 95

2220.00 0.387 0 4 50 96

2225.00 0.380 0 4 49 97

2230.00 0.373 0 4 48 98

2235.00 0.353 0 4 45 101

2240.00 0.353 0 4 45 101

2245.00 0.360 0 5 44 101

2250.00 0.373 0 5 46 99

2255.00 0.380 0 6 45 99

2260.00 0.367 0 4 47 99

2265.00 0.360 0 4 46 100

2270.00 0.353 0 3 47 100

2275.00 0.353 0 3 47 100

2280.00 0.353 0 3 47 100

2285.00 0.367 0 3 49 98

2290.00 0.360 0 3 48 99

2295.00 0.360 0 5 44 101

2300.00 0.360 0 5 44 101

2305.00 0.353 0 5 43 102

2310.00 0.347 0 5 42 103

2315.00 0.347 0 5 42 103

2320.00 0.347 0 5 42 103

2325.00 0.347 0 5 42 103

2330.00 0.347 0 5 42 103

2335.00 0.347 0 5 42 103

2340.00 0.347 0 5 42 103

2345.00 0.347 0 5 42 103

2350.00 0.347 0 5 42 103

2355.00 0.360 0 5 44 101

2360.00 0.367 0 5 45 100

2365.00 0.373 0 6 44 100

2370.00 0.373 0 6 44 100

2375.00 0.380 0 7 43 100

2380.00 0.380 0 7 43 100

2385.00 0.380 0 7 43 100

2390.00 0.367 0 6 43 101

2395.00 0.353 0 5 43 102

2400.00 0.347 0 6 40 104

2405.00 0.347 0 6 40 104

2410.00 0.353 0 6 41 103

2415.00 0.367 0 7 41 102

2420.00 0.387 0 7 44 99

2425.00 0.387 0 7 44 99

2430.00 0.380 0 7 43 100

2435.00 0.367 0 6 43 101

2440.00 0.367 0 6 43 101

2445.00 0.360 0 5 44 101

2450.00 0.360 0 5 44 101

2455.00 0.353 0 5 43 102

2460.00 0.353 0 5 43 102

2465.00 0.353 0 4 45 101

2470.00 0.360 0 5 44 101

2475.00 0.360 0 5 44 101

2480.00 0.360 0 5 44 101

2485.00 0.360 0 5 44 101

2490.00 0.360 0 5 44 101

2495.00 0.360 0 5 44 101

2500.00 0.360 0 5 44 101

2505.00 0.367 0 5 45 100

2510.00 0.360 0 5 44 101

2515.00 0.360 0 4 46 100

2520.00 0.360 0 4 46 100

2525.00 0.360 0 4 46 100

2530.00 0.373 0 4 48 98

2535.00 0.373 0 3 50 97

2540.00 0.373 0 3 50 97

2545.00 0.373 0 3 50 97

2550.00 0.380 0 3 51 96

2555.00 0.387 0 3 52 95

2560.00 0.380 0 3 51 96

2565.00 0.373 0 2 52 96

2570.00 0.367 0 2 51 97

2575.00 0.373 0 2 52 96

2580.00 0.360 0 1 52 97

2585.00 0.360 0 1 52 97

2590.00 0.373 0 1 54 95

2595.00 0.373 0 1 54 95

2600.00 0.373 0 1 54 95

2605.00 0.373 0 1 54 95

2610.00 0.373 0 1 54 95

2615.00 0.340 0 1 49 100

2620.00 0.340 0 2 47 101

2625.00 0.353 0 2 49 99

2630.00 0.360 0 2 50 98

2635.00 0.367 0 2 51 97

2640.00 0.367 0 2 51 97

2645.00 0.367 0 2 51 97

2650.00 0.353 0 2 49 99

2655.00 0.353 0 2 49 99

2660.00 0.353 0 2 49 99

2665.00 0.347 0 1 50 99

2670.00 0.353 0 1 51 98

2675.00 0.347 0 1 50 99

2680.00 0.340 0 1 49 100

2685.00 0.320 0 0 48 102

2690.00 0.307 0 0 46 104

2695.00 0.313 0 0 47 103

2700.00 0.327 0 0 49 101

2705.00 0.313 0 0 47 103

2710.00 0.327 0 1 47 102

2715.00 0.327 0 1 47 102

2720.00 0.327 0 1 47 102

2725.00 0.327 0 1 47 102

2730.00 0.347 0 2 48 100

2735.00 0.347 0 2 48 100

2740.00 0.347 0 2 48 100

2745.00 0.347 0 2 48 100

2750.00 0.353 0 2 49 99

2755.00 0.353 0 2 49 99

2760.00 0.353 0 3 47 100

2765.00 0.360 0 3 48 99

2770.00 0.367 0 3 49 98

2775.00 0.380 0 3 51 96

2780.00 0.367 0 2 51 97

2785.00 0.373 0 2 52 96

2790.00 0.393 0 2 55 93

2795.00 0.393 0 2 55 93

2800.00 0.393 0 2 55 93

2805.00 0.400 0 2 56 92

2810.00 0.407 0 2 57 91

2815.00 0.407 0 3 55 92

2820.00 0.413 0 3 56 91

2825.00 0.433 0 5 55 90

2830.00 0.427 0 5 54 91

2835.00 0.433 0 5 55 90

2840.00 0.440 0 6 54 90

2845.00 0.433 0 6 53 91

2850.00 0.440 0 6 54 90

2855.00 0.440 0 6 54 90

2860.00 0.447 0 6 55 89

2865.00 0.447 0 6 55 89

2870.00 0.447 0 5 57 88

2875.00 0.447 0 5 57 88

2880.00 0.440 0 4 58 88

2885.00 0.440 0 4 58 88

2890.00 0.427 0 3 58 89

2895.00 0.433 0 2 61 87

2900.00 0.427 0 1 62 87

2905.00 0.420 0 1 61 88

2910.00 0.427 0 1 62 87

2915.00 0.427 0 1 62 87

2920.00 0.427 0 1 62 87

2925.00 0.420 0 1 61 88

2930.00 0.420 0 1 61 88

2935.00 0.413 0 0 62 88

2940.00 0.420 0 0 63 87

2945.00 0.420 0 0 63 87

2950.00 0.420 0 1 61 88

2955.00 0.413 0 1 60 89

2960.00 0.413 0 1 60 89

2965.00 0.420 0 1 61 88

2970.00 0.407 0 1 59 90

2975.00 0.413 0 2 58 90

2980.00 0.420 0 2 59 89

2985.00 0.407 0 2 57 91

2990.00 0.413 0 2 58 90

2995.00 0.413 0 2 58 90

3000.00 0.420 0 2 59 89

3005.00 0.420 0 2 59 89

3010.00 0.413 0 2 58 90

3015.00 0.400 0 2 56 92

3020.00 0.393 0 2 55 93

3025.00 0.393 0 2 55 93

3030.00 0.393 0 2 55 93

3035.00 0.387 0 1 56 93

3040.00 0.387 0 1 56 93

3045.00 0.387 0 1 56 93

3050.00 0.380 0 1 55 94

3055.00 0.373 0 1 54 95

3060.00 0.373 0 1 54 95

3065.00 0.380 0 1 55 94

3070.00 0.373 0 1 54 95

3075.00 0.367 0 1 53 96

3080.00 0.380 0 3 51 96

3085.00 0.380 0 3 51 96

3090.00 0.393 0 4 51 95

3095.00 0.373 0 3 50 97

3100.00 0.367 0 3 49 98

3105.00 0.360 0 3 48 99

3110.00 0.360 0 2 50 98

3115.00 0.367 0 2 51 97

3120.00 0.360 0 2 50 98

3125.00 0.353 0 2 49 99

3130.00 0.360 0 2 50 98

3135.00 0.367 0 2 51 97

3140.00 0.367 0 2 51 97

3145.00 0.367 0 2 51 97

3150.00 0.367 0 2 51 97

3155.00 0.380 0 2 53 95

3160.00 0.373 0 2 52 96

3165.00 0.367 0 1 53 96

3170.00 0.367 0 1 53 96

3175.00 0.380 0 1 55 94

3180.00 0.380 0 1 55 94

3185.00 0.380 0 1 55 94

3190.00 0.387 0 1 56 93

3195.00 0.380 0 1 55 94

3200.00 0.380 0 1 55 94

3205.00 0.380 0 1 55 94

3210.00 0.373 0 1 54 95

3215.00 0.373 0 1 54 95

3220.00 0.373 0 1 54 95

3225.00 0.367 0 1 53 96

3230.00 0.380 0 1 55 94

3235.00 0.380 0 1 55 94

3240.00 0.387 0 1 56 93

3245.00 0.380 0 1 55 94

3250.00 0.380 0 1 55 94

3255.00 0.367 0 1 53 96

3260.00 0.380 0 1 55 94

3265.00 0.380 0 2 53 95

3270.00 0.373 0 2 52 96

3275.00 0.373 0 2 52 96

3280.00 0.393 0 2 55 93

3285.00 0.393 0 2 55 93

3290.00 0.393 0 1 57 92

3295.00 0.393 0 1 57 92

3300.00 0.407 0 2 57 91

3305.00 0.407 0 1 59 90

3310.00 0.407 0 1 59 90

3315.00 0.407 0 1 59 90

3320.00 0.413 0 2 58 90

3325.00 0.407 0 2 57 91

3330.00 0.413 0 3 56 91

3335.00 0.427 0 3 58 89

3340.00 0.420 0 2 59 89

3345.00 0.433 0 2 61 87

3350.00 0.427 0 2 60 88

3355.00 0.427 0 3 58 89

3360.00 0.427 0 3 58 89

3365.00 0.440 0 4 58 88

3370.00 0.433 0 4 57 89

3375.00 0.433 0 4 57 89

3380.00 0.427 0 3 58 89

3385.00 0.427 0 3 58 89

3390.00 0.447 0 4 59 87

3395.00 0.453 0 5 58 87

3400.00 0.440 0 5 56 89

3405.00 0.440 0 4 58 88

3410.00 0.427 0 4 56 90

3415.00 0.413 0 4 54 92

3420.00 0.420 0 4 55 91

3425.00 0.420 0 4 55 91

3430.00 0.413 0 4 54 92

3435.00 0.413 0 4 54 92

3440.00 0.407 0 4 53 93

3445.00 0.407 0 4 53 93

3450.00 0.407 0 4 53 93

3455.00 0.407 0 4 53 93

3460.00 0.400 0 4 52 94

3465.00 0.393 0 4 51 95

3470.00 0.393 0 4 51 95

3475.00 0.400 0 4 52 94

3480.00 0.393 0 4 51 95

3485.00 0.393 0 4 51 95

3490.00 0.413 0 5 52 93

3495.00 0.420 0 7 49 94

3500.00 0.427 0 7 50 93

3505.00 0.413 0 6 50 94

3510.00 0.413 0 7 48 95

3515.00 0.407 0 6 49 95

3520.00 0.407 0 6 49 95

3525.00 0.400 0 6 48 96

3530.00 0.407 0 6 49 95

3535.00 0.420 0 7 49 94

3540.00 0.427 0 7 50 93

3545.00 0.433 0 7 51 92

3550.00 0.447 0 7 53 90

3555.00 0.427 0 6 52 92

3560.00 0.440 0 7 52 91

3565.00 0.447 0 7 53 90

3570.00 0.447 0 7 53 90

3575.00 0.447 0 7 53 90

3580.00 0.447 0 8 51 91

3585.00 0.447 0 8 51 91

3590.00 0.453 0 8 52 90

3595.00 0.453 0 9 50 91

3600.00 0.467 0 9 52 89

3605.00 0.453 0 8 52 90

3610.00 0.453 0 8 52 90

3615.00 0.467 0 8 54 88

3620.00 0.473 0 8 55 87

3625.00 0.473 0 8 55 87

3630.00 0.480 0 8 56 86

3635.00 0.480 0 8 56 86

3640.00 0.480 0 8 56 86

3645.00 0.487 0 8 57 85

3650.00 0.493 0 8 58 84

3655.00 0.507 0 8 60 82

3660.00 0.507 0 8 60 82

3665.00 0.513 0 9 59 82

3670.00 0.520 0 9 60 81

3675.00 0.520 0 9 60 81

3680.00 0.520 0 9 60 81

3685.00 0.520 0 9 60 81

3690.00 0.527 0 10 59 81

3695.00 0.520 0 10 58 82

3700.00 0.513 0 9 59 82

3705.00 0.507 0 8 60 82

3710.00 0.507 0 8 60 82

3715.00 0.493 0 8 58 84

3720.00 0.480 0 7 58 85

3725.00 0.473 0 7 57 86

3730.00 0.460 0 7 55 88

3735.00 0.460 0 7 55 88

3740.00 0.453 0 7 54 89

3745.00 0.453 0 6 56 88

3750.00 0.447 0 6 55 89

3755.00 0.420 0 5 53 92

3760.00 0.420 0 4 55 91

3765.00 0.433 0 6 53 91

3770.00 0.433 0 6 53 91

3775.00 0.433 0 6 53 91

3780.00 0.440 0 6 54 90

3785.00 0.433 0 6 53 91

3790.00 0.427 0 6 52 92

3795.00 0.427 0 6 52 92

3800.00 0.400 0 6 48 96

3805.00 0.400 0 6 48 96

3810.00 0.413 0 6 50 94

3815.00 0.420 0 6 51 93

3820.00 0.413 0 6 50 94

3825.00 0.407 0 5 51 94

3830.00 0.413 0 6 50 94

3835.00 0.407 0 6 49 95

3840.00 0.420 0 7 49 94

3845.00 0.413 0 7 48 95

3850.00 0.407 0 6 49 95

3855.00 0.413 0 6 50 94

3860.00 0.420 0 7 49 94

3865.00 0.413 0 7 48 95

3870.00 0.420 0 7 49 94

3875.00 0.413 0 7 48 95

3880.00 0.427 0 7 50 93

3885.00 0.420 0 6 51 93

3890.00 0.420 0 6 51 93

3895.00 0.413 0 6 50 94

3900.00 0.420 0 7 49 94

3905.00 0.413 0 7 48 95

3910.00 0.413 0 8 46 96

3915.00 0.413 0 8 46 96

3920.00 0.407 0 7 47 96

3925.00 0.407 0 7 47 96

3930.00 0.400 0 7 46 97

3935.00 0.400 0 7 46 97

3940.00 0.407 0 6 49 95

3945.00 0.413 0 6 50 94

3950.00 0.420 0 6 51 93

3955.00 0.427 0 7 50 93

3960.00 0.427 0 7 50 93

3965.00 0.427 0 7 50 93

3970.00 0.440 0 7 52 91

3975.00 0.460 0 9 51 90

3980.00 0.433 0 7 51 92

3985.00 0.433 0 7 51 92

3990.00 0.433 0 7 51 92

3995.00 0.427 0 7 50 93

4000.00 0.433 0 8 49 93

4005.00 0.427 0 7 50 93

4010.00 0.433 0 7 51 92

4015.00 0.433 0 7 51 92

4020.00 0.440 0 7 52 91

4025.00 0.427 0 7 50 93

4030.00 0.420 0 7 49 94

4035.00 0.420 0 7 49 94

4040.00 0.427 0 7 50 93

4045.00 0.427 0 7 50 93

4050.00 0.420 0 7 49 94

4055.00 0.420 0 7 49 94

4060.00 0.413 0 7 48 95

4065.00 0.420 0 7 49 94

4070.00 0.427 0 7 50 93

4075.00 0.427 0 7 50 93

4080.00 0.427 0 7 50 93

4085.00 0.427 0 7 50 93

4090.00 0.440 0 6 54 90

4095.00 0.440 0 6 54 90

4100.00 0.433 0 6 53 91

4105.00 0.433 0 6 53 91

4110.00 0.433 0 6 53 91

4115.00 0.433 0 6 53 91

4120.00 0.420 0 6 51 93

4125.00 0.407 0 6 49 95

4130.00 0.393 0 6 47 97

4135.00 0.387 0 6 46 98

4140.00 0.380 0 6 45 99

4145.00 0.380 0 5 47 98

4150.00 0.387 0 5 48 97

4155.00 0.393 0 5 49 96

4160.00 0.407 1 4 50 95

4165.00 0.400 1 4 49 96

4170.00 0.400 1 4 49 96

4175.00 0.400 1 4 49 96

4180.00 0.407 1 4 50 95

4185.00 0.413 1 4 51 94

4190.00 0.400 1 3 51 95

4195.00 0.407 1 3 52 94

4200.00 0.413 1 3 53 93

4205.00 0.420 1 5 50 94

4210.00 0.427 1 5 51 93

4215.00 0.433 1 5 52 92

4220.00 0.440 1 5 53 91

4225.00 0.427 1 5 51 93

4230.00 0.447 1 6 52 91

4235.00 0.447 1 6 52 91

4240.00 0.447 1 6 52 91

4245.00 0.433 1 6 50 93

4250.00 0.467 1 7 53 89

4255.00 0.480 1 7 55 87

4260.00 0.460 0 8 53 89

4265.00 0.467 0 8 54 88

4270.00 0.473 0 8 55 87

4275.00 0.500 0 9 57 84

4280.00 0.493 0 9 56 85

4285.00 0.493 0 9 56 85

4290.00 0.493 0 9 56 85

4295.00 0.460 0 7 55 88

4300.00 0.473 0 7 57 86

4305.00 0.473 0 6 59 85

4310.00 0.480 0 6 60 84

4315.00 0.473 0 6 59 85

4320.00 0.467 0 5 60 85

4325.00 0.473 0 5 61 84

4330.00 0.480 0 7 58 85

4335.00 0.473 0 7 57 86

4340.00 0.480 0 7 58 85

4345.00 0.480 0 7 58 85

4350.00 0.480 0 7 58 85

4355.00 0.473 0 7 57 86

4360.00 0.473 0 7 57 86

4365.00 0.473 0 7 57 86

4370.00 0.460 0 6 57 87

4375.00 0.453 0 6 56 88

4380.00 0.467 0 7 56 87

4385.00 0.460 0 7 55 88

4390.00 0.453 0 7 54 89

4395.00 0.460 0 8 53 89

4400.00 0.447 0 7 53 90

4405.00 0.447 0 7 53 90

4410.00 0.460 0 8 53 89

4415.00 0.467 0 8 54 88

4420.00 0.467 0 8 54 88

4425.00 0.480 0 9 54 87

4430.00 0.480 0 9 54 87

4435.00 0.487 1 7 56 86

4440.00 0.480 1 7 55 87

4445.00 0.480 1 7 55 87

4450.00 0.480 1 7 55 87

4455.00 0.480 1 7 55 87

4460.00 0.487 1 8 54 87

4465.00 0.487 1 8 54 87

4470.00 0.500 1 8 56 85

4475.00 0.513 1 9 56 84

4480.00 0.507 1 9 55 85

4485.00 0.500 1 8 56 85

4490.00 0.507 1 9 55 85

4495.00 0.527 1 10 56 83

4500.00 0.513 1 9 56 84

4505.00 0.520 1 9 57 83

4510.00 0.520 1 9 57 83

4515.00 0.547 1 9 61 79

4520.00 0.560 1 9 63 77

4525.00 0.560 1 9 63 77

4530.00 0.553 1 10 60 79

4535.00 0.540 1 10 58 81

4540.00 0.533 1 10 57 82

4545.00 0.527 1 10 56 83

4550.00 0.513 1 9 56 84

4555.00 0.513 1 9 56 84

4560.00 0.507 1 9 55 85

4565.00 0.500 1 8 56 85

4570.00 0.493 1 8 55 86

4575.00 0.493 1 9 53 87

4580.00 0.493 1 9 53 87

4585.00 0.507 1 9 55 85

4590.00 0.520 1 10 55 84

4595.00 0.513 1 10 54 85

4600.00 0.513 1 10 54 85

4605.00 0.520 1 10 55 84

4610.00 0.527 1 10 56 83

4615.00 0.500 1 9 54 86

4620.00 0.500 1 9 54 86

4625.00 0.493 1 7 57 85

4630.00 0.487 1 7 56 86

4635.00 0.493 1 8 55 86

4640.00 0.500 1 9 54 86

4645.00 0.493 1 9 53 87

4650.00 0.500 1 9 54 86

4655.00 0.507 2 8 54 86

4660.00 0.513 2 8 55 85

4665.00 0.513 2 8 55 85

4670.00 0.487 2 6 55 87

4675.00 0.480 1 7 55 87

4680.00 0.480 1 8 53 88

4685.00 0.467 0 9 52 89

4690.00 0.473 0 8 55 87

4695.00 0.487 0 9 55 86

4700.00 0.473 0 8 55 87

4705.00 0.500 0 9 57 84

4710.00 0.480 0 8 56 86

4715.00 0.480 0 8 56 86

4720.00 0.480 0 8 56 86

4725.00 0.487 0 9 55 86

4730.00 0.487 0 9 55 86

4735.00 0.473 0 8 55 87

4740.00 0.480 0 10 52 88

4745.00 0.487 0 10 53 87

4750.00 0.487 0 10 53 87

4755.00 0.480 0 10 52 88

4760.00 0.487 0 10 53 87

4765.00 0.487 0 10 53 87

4770.00 0.480 0 9 54 87

4775.00 0.473 0 9 53 88

4780.00 0.473 0 9 53 88

4785.00 0.480 0 9 54 87

4790.00 0.467 0 9 52 89

4795.00 0.473 0 9 53 88

4800.00 0.467 0 9 52 89

4805.00 0.467 0 9 52 89

4810.00 0.453 0 9 50 91

4815.00 0.453 0 9 50 91

4820.00 0.460 0 9 51 90

4825.00 0.460 0 10 49 91

4830.00 0.467 0 10 50 90

4835.00 0.467 0 10 50 90

4840.00 0.460 0 10 49 91

4845.00 0.460 0 10 49 91

4850.00 0.467 0 11 48 91

4855.00 0.440 0 10 46 94

4860.00 0.440 0 10 46 94

4865.00 0.440 0 10 46 94

4870.00 0.460 0 10 49 91

4875.00 0.453 0 9 50 91

4880.00 0.453 0 10 48 92

4885.00 0.460 0 10 49 91

4890.00 0.480 0 10 52 88

4895.00 0.487 1 9 52 88

4900.00 0.480 1 9 51 89

4905.00 0.487 1 9 52 88

4910.00 0.493 1 9 53 87

4915.00 0.487 1 9 52 88

4920.00 0.480 1 8 53 88

4925.00 0.480 1 8 53 88

4930.00 0.473 1 7 54 88

4935.00 0.480 1 7 55 87

4940.00 0.480 1 7 55 87

4945.00 0.460 1 6 54 89

4950.00 0.447 0 7 53 90

4955.00 0.440 0 7 52 91

4960.00 0.440 0 8 50 92

4965.00 0.440 0 8 50 92

4970.00 0.453 0 9 50 91

4975.00 0.453 0 9 50 91

4980.00 0.460 0 9 51 90

4985.00 0.453 0 9 50 91

4990.00 0.460 0 10 49 91

4995.00 0.447 0 9 49 92

